[2.716s] Invoking command in '/home/user/ros2_ws/src/find_wall_pkg': PYTHONPATH=/home/user/ros2_ws/install/find_wall_pkg/lib/python3.8/site-packages:${PYTHONPATH} _=/usr/bin/env /usr/bin/python3 setup.py egg_info --egg-base ../../build/find_wall_pkg build --build-base /home/user/ros2_ws/build/find_wall_pkg/build install --prefix /home/user/ros2_ws/install/find_wall_pkg --record /home/user/ros2_ws/build/find_wall_pkg/install.log --single-version-externally-managed
[4.985s] running egg_info
[4.986s] writing ../../build/find_wall_pkg/find_wall_pkg.egg-info/PKG-INFO
[4.987s] writing dependency_links to ../../build/find_wall_pkg/find_wall_pkg.egg-info/dependency_links.txt
[4.988s] writing entry points to ../../build/find_wall_pkg/find_wall_pkg.egg-info/entry_points.txt
[4.988s] writing requirements to ../../build/find_wall_pkg/find_wall_pkg.egg-info/requires.txt
[4.988s] writing top-level names to ../../build/find_wall_pkg/find_wall_pkg.egg-info/top_level.txt
[5.095s] reading manifest file '../../build/find_wall_pkg/find_wall_pkg.egg-info/SOURCES.txt'
[5.099s] writing manifest file '../../build/find_wall_pkg/find_wall_pkg.egg-info/SOURCES.txt'
[5.100s] running build
[5.100s] running build_py
[5.100s] copying find_wall_pkg/find_wall.py -> /home/user/ros2_ws/build/find_wall_pkg/build/lib/find_wall_pkg
[5.101s] running install
[5.103s] running install_lib
[5.106s] copying /home/user/ros2_ws/build/find_wall_pkg/build/lib/find_wall_pkg/find_wall.py -> /home/user/ros2_ws/install/find_wall_pkg/lib/python3.8/site-packages/find_wall_pkg
[5.108s] byte-compiling /home/user/ros2_ws/install/find_wall_pkg/lib/python3.8/site-packages/find_wall_pkg/find_wall.py to find_wall.cpython-38.pyc
[5.112s] running install_data
[5.114s] running install_egg_info
[5.128s] removing '/home/user/ros2_ws/install/find_wall_pkg/lib/python3.8/site-packages/find_wall_pkg-0.0.0-py3.8.egg-info' (and everything under it)
[5.128s] Copying ../../build/find_wall_pkg/find_wall_pkg.egg-info to /home/user/ros2_ws/install/find_wall_pkg/lib/python3.8/site-packages/find_wall_pkg-0.0.0-py3.8.egg-info
[5.129s] running install_scripts
[5.209s] Installing find_wall script to /home/user/ros2_ws/install/find_wall_pkg/lib/find_wall_pkg
[5.220s] writing list of installed files to '/home/user/ros2_ws/build/find_wall_pkg/install.log'
[5.318s] Invoked command in '/home/user/ros2_ws/src/find_wall_pkg' returned '0': PYTHONPATH=/home/user/ros2_ws/install/find_wall_pkg/lib/python3.8/site-packages:${PYTHONPATH} _=/usr/bin/env /usr/bin/python3 setup.py egg_info --egg-base ../../build/find_wall_pkg build --build-base /home/user/ros2_ws/build/find_wall_pkg/build install --prefix /home/user/ros2_ws/install/find_wall_pkg --record /home/user/ros2_ws/build/find_wall_pkg/install.log --single-version-externally-managed
