[2.484s] DEBUG:colcon:Command line arguments: ['/usr/bin/colcon', 'build', '--packages-select', 'exercise31_pkg']
[2.484s] DEBUG:colcon:Parsed command line arguments: Namespace(ament_cmake_args=None, base_paths=['.'], build_base='build', catkin_cmake_args=None, catkin_skip_building_tests=False, cmake_args=None, cmake_clean_cache=False, cmake_clean_first=False, cmake_force_configure=False, cmake_target=None, cmake_target_skip_unavailable=False, continue_on_error=False, event_handlers=None, executor='parallel', ignore_user_meta=False, install_base='install', log_base=None, log_level=None, main=<bound method BuildVerb.main of <colcon_core.verb.build.BuildVerb object at 0x7f1a063de0d0>>, merge_install=False, metas=['./colcon.meta'], packages_above=None, packages_above_and_dependencies=None, packages_above_depth=None, packages_end=None, packages_ignore=None, packages_ignore_regex=None, packages_select=['exercise31_pkg'], packages_select_build_failed=False, packages_select_by_dep=None, packages_select_regex=None, packages_select_test_failures=False, packages_skip=None, packages_skip_build_finished=False, packages_skip_by_dep=None, packages_skip_regex=None, packages_skip_test_passed=False, packages_skip_up_to=None, packages_start=None, packages_up_to=None, packages_up_to_regex=None, parallel_workers=8, paths=None, symlink_install=False, test_result_base=None, verb_extension=<colcon_core.verb.build.BuildVerb object at 0x7f1a063de0d0>, verb_name='build', verb_parser=<colcon_defaults.argument_parser.defaults.DefaultArgumentsDecorator object at 0x7f1a063de610>)
[2.576s] Level 1:colcon.colcon_core.package_discovery:discover_packages(colcon_meta) check parameters
[2.577s] Level 1:colcon.colcon_core.package_discovery:discover_packages(recursive) check parameters
[2.577s] Level 1:colcon.colcon_core.package_discovery:discover_packages(ignore) check parameters
[2.577s] Level 1:colcon.colcon_core.package_discovery:discover_packages(path) check parameters
[2.577s] Level 1:colcon.colcon_core.package_discovery:discover_packages(colcon_meta) discover
[2.577s] Level 1:colcon.colcon_core.package_discovery:discover_packages(recursive) discover
[2.577s] INFO:colcon.colcon_core.package_discovery:Crawling recursively for packages in '/home/user/catkin_ws'
[2.577s] Level 1:colcon.colcon_core.package_identification:_identify(.) by extensions ['ignore', 'ignore_ament_install']
[2.578s] Level 1:colcon.colcon_core.package_identification:_identify(.) by extension 'ignore'
[2.578s] Level 1:colcon.colcon_core.package_identification:_identify(.) by extension 'ignore_ament_install'
[2.578s] Level 1:colcon.colcon_core.package_identification:_identify(.) by extensions ['colcon_pkg']
[2.578s] Level 1:colcon.colcon_core.package_identification:_identify(.) by extension 'colcon_pkg'
[2.579s] Level 1:colcon.colcon_core.package_identification:_identify(.) by extensions ['colcon_meta']
[2.579s] Level 1:colcon.colcon_core.package_identification:_identify(.) by extension 'colcon_meta'
[2.580s] Level 1:colcon.colcon_core.package_identification:_identify(.) by extensions ['ros']
[2.580s] Level 1:colcon.colcon_core.package_identification:_identify(.) by extension 'ros'
[2.671s] Level 1:colcon.colcon_core.package_identification:_identify(.) by extensions ['cmake', 'python']
[2.671s] Level 1:colcon.colcon_core.package_identification:_identify(.) by extension 'cmake'
[2.671s] Level 1:colcon.colcon_core.package_identification:_identify(.) by extension 'python'
[2.671s] Level 1:colcon.colcon_core.package_identification:_identify(.) by extensions ['python_setup_py']
[2.672s] Level 1:colcon.colcon_core.package_identification:_identify(.) by extension 'python_setup_py'
[2.673s] Level 1:colcon.colcon_core.package_identification:_identify(build) by extensions ['ignore', 'ignore_ament_install']
[2.673s] Level 1:colcon.colcon_core.package_identification:_identify(build) by extension 'ignore'
[2.673s] Level 1:colcon.colcon_core.package_identification:_identify(build) ignored
[2.674s] Level 1:colcon.colcon_core.package_identification:_identify(devel) by extensions ['ignore', 'ignore_ament_install']
[2.674s] Level 1:colcon.colcon_core.package_identification:_identify(devel) by extension 'ignore'
[2.674s] Level 1:colcon.colcon_core.package_identification:_identify(devel) by extension 'ignore_ament_install'
[2.674s] Level 1:colcon.colcon_core.package_identification:_identify(devel) ignored
[2.675s] Level 1:colcon.colcon_core.package_identification:_identify(install) by extensions ['ignore', 'ignore_ament_install']
[2.675s] Level 1:colcon.colcon_core.package_identification:_identify(install) by extension 'ignore'
[2.675s] Level 1:colcon.colcon_core.package_identification:_identify(install) ignored
[2.676s] Level 1:colcon.colcon_core.package_identification:_identify(log) by extensions ['ignore', 'ignore_ament_install']
[2.677s] Level 1:colcon.colcon_core.package_identification:_identify(log) by extension 'ignore'
[2.677s] Level 1:colcon.colcon_core.package_identification:_identify(log) ignored
[2.677s] Level 1:colcon.colcon_core.package_identification:_identify(src) by extensions ['ignore', 'ignore_ament_install']
[2.677s] Level 1:colcon.colcon_core.package_identification:_identify(src) by extension 'ignore'
[2.677s] Level 1:colcon.colcon_core.package_identification:_identify(src) by extension 'ignore_ament_install'
[2.678s] Level 1:colcon.colcon_core.package_identification:_identify(src) by extensions ['colcon_pkg']
[2.678s] Level 1:colcon.colcon_core.package_identification:_identify(src) by extension 'colcon_pkg'
[2.678s] Level 1:colcon.colcon_core.package_identification:_identify(src) by extensions ['colcon_meta']
[2.678s] Level 1:colcon.colcon_core.package_identification:_identify(src) by extension 'colcon_meta'
[2.678s] Level 1:colcon.colcon_core.package_identification:_identify(src) by extensions ['ros']
[2.678s] Level 1:colcon.colcon_core.package_identification:_identify(src) by extension 'ros'
[2.679s] Level 1:colcon.colcon_core.package_identification:_identify(src) by extensions ['cmake', 'python']
[2.679s] Level 1:colcon.colcon_core.package_identification:_identify(src) by extension 'cmake'
[2.685s] Level 1:colcon.colcon_core.package_identification:_identify(src) by extension 'python'
[2.686s] DEBUG:colcon.colcon_core.package_identification:Package 'src' with type 'cmake' and name 'Project'
[2.686s] Level 1:colcon.colcon_core.package_discovery:discover_packages(recursive) using defaults
[2.686s] Level 1:colcon.colcon_core.package_discovery:discover_packages(ignore) discover
[2.686s] Level 1:colcon.colcon_core.package_discovery:discover_packages(ignore) using defaults
[2.686s] Level 1:colcon.colcon_core.package_discovery:discover_packages(path) discover
[2.686s] Level 1:colcon.colcon_core.package_discovery:discover_packages(path) using defaults
[2.688s] WARNING:colcon.colcon_core.package_selection:ignoring unknown package 'exercise31_pkg' in --packages-select
[2.819s] INFO:colcon.colcon_core.package_selection:Skipping not selected package 'Project' in 'src'
[2.836s] INFO:colcon.colcon_core.executor:Executing jobs using 'parallel' executor
[2.880s] DEBUG:colcon.colcon_parallel_executor.executor.parallel:run_until_complete
[2.881s] DEBUG:colcon.colcon_parallel_executor.executor.parallel:closing loop
[2.881s] DEBUG:colcon.colcon_parallel_executor.executor.parallel:loop closed
[2.881s] DEBUG:colcon.colcon_parallel_executor.executor.parallel:run_until_complete finished with '0'
[2.881s] DEBUG:colcon.colcon_core.event_reactor:joining thread
[2.895s] INFO:colcon.colcon_core.plugin_system:Skipping extension 'colcon_notification.desktop_notification.notify_send': Could not find 'notify-send'
[2.895s] INFO:colcon.colcon_core.plugin_system:Skipping extension 'colcon_notification.desktop_notification.terminal_notifier': Not used on non-Darwin systems
[2.896s] INFO:colcon.colcon_core.plugin_system:Skipping extension 'colcon_notification.desktop_notification.win32': Not used on non-Windows systems
[2.896s] INFO:colcon.colcon_notification.desktop_notification:Sending desktop notification using 'notify2'
[2.989s] DEBUG:colcon.colcon_notification.desktop_notification.notify2:Failed to initialize notify2: org.freedesktop.DBus.Error.ServiceUnknown: The name org.freedesktop.Notifications was not provided by any .service files
[2.991s] DEBUG:colcon.colcon_core.event_reactor:joined thread
[3.016s] INFO:colcon.colcon_core.plugin_system:Skipping extension 'colcon_core.shell.bat': Not used on non-Windows systems
[3.017s] INFO:colcon.colcon_core.shell:Creating prefix script '/home/user/catkin_ws/install/local_setup.ps1'
[3.020s] INFO:colcon.colcon_core.shell:Creating prefix util module '/home/user/catkin_ws/install/_local_setup_util_ps1.py'
[3.068s] INFO:colcon.colcon_core.shell:Creating prefix chain script '/home/user/catkin_ws/install/setup.ps1'
[3.075s] INFO:colcon.colcon_core.shell:Creating prefix script '/home/user/catkin_ws/install/local_setup.sh'
[3.077s] INFO:colcon.colcon_core.shell:Creating prefix util module '/home/user/catkin_ws/install/_local_setup_util_sh.py'
[3.092s] INFO:colcon.colcon_core.shell:Creating prefix chain script '/home/user/catkin_ws/install/setup.sh'
[3.125s] INFO:colcon.colcon_core.shell:Creating prefix script '/home/user/catkin_ws/install/local_setup.bash'
[3.125s] INFO:colcon.colcon_core.shell:Creating prefix chain script '/home/user/catkin_ws/install/setup.bash'
[3.168s] INFO:colcon.colcon_core.shell:Creating prefix script '/home/user/catkin_ws/install/local_setup.zsh'
[3.171s] INFO:colcon.colcon_core.shell:Creating prefix chain script '/home/user/catkin_ws/install/setup.zsh'
