[2.771s] DEBUG:colcon:Command line arguments: ['/usr/bin/colcon', 'build', '--packages-select', 'wallfollow_pkg']
[2.771s] DEBUG:colcon:Parsed command line arguments: Namespace(ament_cmake_args=None, base_paths=['.'], build_base='build', catkin_cmake_args=None, catkin_skip_building_tests=False, cmake_args=None, cmake_clean_cache=False, cmake_clean_first=False, cmake_force_configure=False, cmake_target=None, cmake_target_skip_unavailable=False, continue_on_error=False, event_handlers=None, executor='parallel', ignore_user_meta=False, install_base='install', log_base=None, log_level=None, main=<bound method BuildVerb.main of <colcon_core.verb.build.BuildVerb object at 0x7f9a7385c8e0>>, merge_install=False, metas=['./colcon.meta'], packages_above=None, packages_above_and_dependencies=None, packages_above_depth=None, packages_end=None, packages_ignore=None, packages_ignore_regex=None, packages_select=['wallfollow_pkg'], packages_select_build_failed=False, packages_select_by_dep=None, packages_select_regex=None, packages_select_test_failures=False, packages_skip=None, packages_skip_build_finished=False, packages_skip_by_dep=None, packages_skip_regex=None, packages_skip_test_passed=False, packages_skip_up_to=None, packages_start=None, packages_up_to=None, packages_up_to_regex=None, parallel_workers=8, paths=None, symlink_install=False, test_result_base=None, verb_extension=<colcon_core.verb.build.BuildVerb object at 0x7f9a7385c8e0>, verb_name='build', verb_parser=<colcon_defaults.argument_parser.defaults.DefaultArgumentsDecorator object at 0x7f9a7385ce50>)
[2.784s] Level 1:colcon.colcon_core.package_discovery:discover_packages(colcon_meta) check parameters
[2.784s] Level 1:colcon.colcon_core.package_discovery:discover_packages(recursive) check parameters
[2.784s] Level 1:colcon.colcon_core.package_discovery:discover_packages(ignore) check parameters
[2.784s] Level 1:colcon.colcon_core.package_discovery:discover_packages(path) check parameters
[2.784s] Level 1:colcon.colcon_core.package_discovery:discover_packages(colcon_meta) discover
[2.784s] Level 1:colcon.colcon_core.package_discovery:discover_packages(recursive) discover
[2.785s] INFO:colcon.colcon_core.package_discovery:Crawling recursively for packages in '/home/user/ros2_ws'
[2.785s] Level 1:colcon.colcon_core.package_identification:_identify(.) by extensions ['ignore', 'ignore_ament_install']
[2.785s] Level 1:colcon.colcon_core.package_identification:_identify(.) by extension 'ignore'
[2.785s] Level 1:colcon.colcon_core.package_identification:_identify(.) by extension 'ignore_ament_install'
[2.785s] Level 1:colcon.colcon_core.package_identification:_identify(.) by extensions ['colcon_pkg']
[2.786s] Level 1:colcon.colcon_core.package_identification:_identify(.) by extension 'colcon_pkg'
[2.786s] Level 1:colcon.colcon_core.package_identification:_identify(.) by extensions ['colcon_meta']
[2.786s] Level 1:colcon.colcon_core.package_identification:_identify(.) by extension 'colcon_meta'
[2.786s] Level 1:colcon.colcon_core.package_identification:_identify(.) by extensions ['ros']
[2.786s] Level 1:colcon.colcon_core.package_identification:_identify(.) by extension 'ros'
[2.857s] Level 1:colcon.colcon_core.package_identification:_identify(.) by extensions ['cmake', 'python']
[2.857s] Level 1:colcon.colcon_core.package_identification:_identify(.) by extension 'cmake'
[2.857s] Level 1:colcon.colcon_core.package_identification:_identify(.) by extension 'python'
[2.860s] Level 1:colcon.colcon_core.package_identification:_identify(.) by extensions ['python_setup_py']
[2.860s] Level 1:colcon.colcon_core.package_identification:_identify(.) by extension 'python_setup_py'
[2.861s] Level 1:colcon.colcon_core.package_identification:_identify(build) by extensions ['ignore', 'ignore_ament_install']
[2.864s] Level 1:colcon.colcon_core.package_identification:_identify(build) by extension 'ignore'
[2.864s] Level 1:colcon.colcon_core.package_identification:_identify(build) ignored
[2.864s] Level 1:colcon.colcon_core.package_identification:_identify(install) by extensions ['ignore', 'ignore_ament_install']
[2.867s] Level 1:colcon.colcon_core.package_identification:_identify(install) by extension 'ignore'
[2.867s] Level 1:colcon.colcon_core.package_identification:_identify(install) ignored
[2.868s] Level 1:colcon.colcon_core.package_identification:_identify(log) by extensions ['ignore', 'ignore_ament_install']
[2.870s] Level 1:colcon.colcon_core.package_identification:_identify(log) by extension 'ignore'
[2.870s] Level 1:colcon.colcon_core.package_identification:_identify(log) ignored
[2.875s] Level 1:colcon.colcon_core.package_identification:_identify(src) by extensions ['ignore', 'ignore_ament_install']
[2.876s] Level 1:colcon.colcon_core.package_identification:_identify(src) by extension 'ignore'
[2.876s] Level 1:colcon.colcon_core.package_identification:_identify(src) by extension 'ignore_ament_install'
[2.876s] Level 1:colcon.colcon_core.package_identification:_identify(src) by extensions ['colcon_pkg']
[2.876s] Level 1:colcon.colcon_core.package_identification:_identify(src) by extension 'colcon_pkg'
[2.876s] Level 1:colcon.colcon_core.package_identification:_identify(src) by extensions ['colcon_meta']
[2.876s] Level 1:colcon.colcon_core.package_identification:_identify(src) by extension 'colcon_meta'
[2.876s] Level 1:colcon.colcon_core.package_identification:_identify(src) by extensions ['ros']
[2.876s] Level 1:colcon.colcon_core.package_identification:_identify(src) by extension 'ros'
[2.877s] Level 1:colcon.colcon_core.package_identification:_identify(src) by extensions ['cmake', 'python']
[2.899s] Level 1:colcon.colcon_core.package_identification:_identify(src) by extension 'cmake'
[2.899s] Level 1:colcon.colcon_core.package_identification:_identify(src) by extension 'python'
[2.899s] Level 1:colcon.colcon_core.package_identification:_identify(src) by extensions ['python_setup_py']
[2.899s] Level 1:colcon.colcon_core.package_identification:_identify(src) by extension 'python_setup_py'
[2.900s] Level 1:colcon.colcon_core.package_identification:_identify(src/custom_interfaces) by extensions ['ignore', 'ignore_ament_install']
[2.900s] Level 1:colcon.colcon_core.package_identification:_identify(src/custom_interfaces) by extension 'ignore'
[2.900s] Level 1:colcon.colcon_core.package_identification:_identify(src/custom_interfaces) by extension 'ignore_ament_install'
[2.901s] Level 1:colcon.colcon_core.package_identification:_identify(src/custom_interfaces) by extensions ['colcon_pkg']
[2.911s] Level 1:colcon.colcon_core.package_identification:_identify(src/custom_interfaces) by extension 'colcon_pkg'
[2.911s] Level 1:colcon.colcon_core.package_identification:_identify(src/custom_interfaces) by extensions ['colcon_meta']
[2.911s] Level 1:colcon.colcon_core.package_identification:_identify(src/custom_interfaces) by extension 'colcon_meta'
[2.911s] Level 1:colcon.colcon_core.package_identification:_identify(src/custom_interfaces) by extensions ['ros']
[2.911s] Level 1:colcon.colcon_core.package_identification:_identify(src/custom_interfaces) by extension 'ros'
[2.928s] DEBUG:colcon.colcon_core.package_identification:Package 'src/custom_interfaces' with type 'ros.ament_cmake' and name 'custom_interfaces'
[2.938s] Level 1:colcon.colcon_core.package_identification:_identify(src/find_wall_pkg) by extensions ['ignore', 'ignore_ament_install']
[2.939s] Level 1:colcon.colcon_core.package_identification:_identify(src/find_wall_pkg) by extension 'ignore'
[2.939s] Level 1:colcon.colcon_core.package_identification:_identify(src/find_wall_pkg) by extension 'ignore_ament_install'
[2.939s] Level 1:colcon.colcon_core.package_identification:_identify(src/find_wall_pkg) by extensions ['colcon_pkg']
[2.939s] Level 1:colcon.colcon_core.package_identification:_identify(src/find_wall_pkg) by extension 'colcon_pkg'
[2.939s] Level 1:colcon.colcon_core.package_identification:_identify(src/find_wall_pkg) by extensions ['colcon_meta']
[2.939s] Level 1:colcon.colcon_core.package_identification:_identify(src/find_wall_pkg) by extension 'colcon_meta'
[2.940s] Level 1:colcon.colcon_core.package_identification:_identify(src/find_wall_pkg) by extensions ['ros']
[2.940s] Level 1:colcon.colcon_core.package_identification:_identify(src/find_wall_pkg) by extension 'ros'
[2.947s] DEBUG:colcon.colcon_core.package_identification:Package 'src/find_wall_pkg' with type 'ros.ament_python' and name 'find_wall_pkg'
[2.948s] Level 1:colcon.colcon_core.package_identification:_identify(src/wallfollow_pkg) by extensions ['ignore', 'ignore_ament_install']
[2.948s] Level 1:colcon.colcon_core.package_identification:_identify(src/wallfollow_pkg) by extension 'ignore'
[2.953s] Level 1:colcon.colcon_core.package_identification:_identify(src/wallfollow_pkg) by extension 'ignore_ament_install'
[2.953s] Level 1:colcon.colcon_core.package_identification:_identify(src/wallfollow_pkg) by extensions ['colcon_pkg']
[2.954s] Level 1:colcon.colcon_core.package_identification:_identify(src/wallfollow_pkg) by extension 'colcon_pkg'
[2.954s] Level 1:colcon.colcon_core.package_identification:_identify(src/wallfollow_pkg) by extensions ['colcon_meta']
[2.954s] Level 1:colcon.colcon_core.package_identification:_identify(src/wallfollow_pkg) by extension 'colcon_meta'
[2.954s] Level 1:colcon.colcon_core.package_identification:_identify(src/wallfollow_pkg) by extensions ['ros']
[2.954s] Level 1:colcon.colcon_core.package_identification:_identify(src/wallfollow_pkg) by extension 'ros'
[2.963s] DEBUG:colcon.colcon_core.package_identification:Package 'src/wallfollow_pkg' with type 'ros.ament_python' and name 'wallfollow_pkg'
[2.963s] Level 1:colcon.colcon_core.package_discovery:discover_packages(recursive) using defaults
[2.963s] Level 1:colcon.colcon_core.package_discovery:discover_packages(ignore) discover
[2.963s] Level 1:colcon.colcon_core.package_discovery:discover_packages(ignore) using defaults
[2.964s] Level 1:colcon.colcon_core.package_discovery:discover_packages(path) discover
[2.964s] Level 1:colcon.colcon_core.package_discovery:discover_packages(path) using defaults
[3.122s] INFO:colcon.colcon_core.package_selection:Skipping not selected package 'custom_interfaces' in 'src/custom_interfaces'
[3.124s] INFO:colcon.colcon_core.package_selection:Skipping not selected package 'find_wall_pkg' in 'src/find_wall_pkg'
[3.131s] Level 5:colcon.colcon_core.verb:set package 'wallfollow_pkg' build argument 'cmake_args' from command line to 'None'
[3.131s] Level 5:colcon.colcon_core.verb:set package 'wallfollow_pkg' build argument 'cmake_target' from command line to 'None'
[3.131s] Level 5:colcon.colcon_core.verb:set package 'wallfollow_pkg' build argument 'cmake_target_skip_unavailable' from command line to 'False'
[3.131s] Level 5:colcon.colcon_core.verb:set package 'wallfollow_pkg' build argument 'cmake_clean_cache' from command line to 'False'
[3.131s] Level 5:colcon.colcon_core.verb:set package 'wallfollow_pkg' build argument 'cmake_clean_first' from command line to 'False'
[3.132s] Level 5:colcon.colcon_core.verb:set package 'wallfollow_pkg' build argument 'cmake_force_configure' from command line to 'False'
[3.132s] Level 5:colcon.colcon_core.verb:set package 'wallfollow_pkg' build argument 'ament_cmake_args' from command line to 'None'
[3.132s] Level 5:colcon.colcon_core.verb:set package 'wallfollow_pkg' build argument 'catkin_cmake_args' from command line to 'None'
[3.132s] Level 5:colcon.colcon_core.verb:set package 'wallfollow_pkg' build argument 'catkin_skip_building_tests' from command line to 'False'
[3.132s] DEBUG:colcon.colcon_core.verb:Building package 'wallfollow_pkg' with the following arguments: {'ament_cmake_args': None, 'build_base': '/home/user/ros2_ws/build/wallfollow_pkg', 'catkin_cmake_args': None, 'catkin_skip_building_tests': False, 'cmake_args': None, 'cmake_clean_cache': False, 'cmake_clean_first': False, 'cmake_force_configure': False, 'cmake_target': None, 'cmake_target_skip_unavailable': False, 'install_base': '/home/user/ros2_ws/install/wallfollow_pkg', 'merge_install': False, 'path': '/home/user/ros2_ws/src/wallfollow_pkg', 'symlink_install': False, 'test_result_base': None}
[3.134s] INFO:colcon.colcon_core.executor:Executing jobs using 'parallel' executor
[3.165s] DEBUG:colcon.colcon_parallel_executor.executor.parallel:run_until_complete
[3.166s] INFO:colcon.colcon_ros.task.ament_python.build:Building ROS package in '/home/user/ros2_ws/src/wallfollow_pkg' with build type 'ament_python'
[3.166s] Level 1:colcon.colcon_core.shell:create_environment_hook('wallfollow_pkg', 'ament_prefix_path')
[3.179s] INFO:colcon.colcon_core.plugin_system:Skipping extension 'colcon_core.shell.bat': Not used on non-Windows systems
[3.180s] INFO:colcon.colcon_core.shell:Creating environment hook '/home/user/ros2_ws/install/wallfollow_pkg/share/wallfollow_pkg/hook/ament_prefix_path.ps1'
[3.181s] INFO:colcon.colcon_core.shell:Creating environment descriptor '/home/user/ros2_ws/install/wallfollow_pkg/share/wallfollow_pkg/hook/ament_prefix_path.dsv'
[3.182s] INFO:colcon.colcon_core.shell:Creating environment hook '/home/user/ros2_ws/install/wallfollow_pkg/share/wallfollow_pkg/hook/ament_prefix_path.sh'
[3.215s] INFO:colcon.colcon_core.shell:Skip shell extension 'powershell' for command environment: Not usable outside of PowerShell
[3.217s] DEBUG:colcon.colcon_core.shell:Skip shell extension 'dsv' for command environment
[3.234s] DEBUG:colcon.colcon_core.shell:Ignoring prefix path '/opt/ros/foxy'
[7.242s] INFO:colcon.colcon_core.task.python.build:Building Python package in '/home/user/ros2_ws/src/wallfollow_pkg'
[7.244s] INFO:colcon.colcon_core.shell:Skip shell extension 'powershell' for command environment: Not usable outside of PowerShell
[7.248s] DEBUG:colcon.colcon_core.shell:Skip shell extension 'dsv' for command environment
[7.258s] DEBUG:colcon.colcon_core.shell:Ignoring prefix path '/opt/ros/foxy'
[7.457s] DEBUG:colcon.colcon_core.event_handler.log_command:Invoking command in '/home/user/ros2_ws/src/wallfollow_pkg': PYTHONPATH=/home/user/ros2_ws/install/wallfollow_pkg/lib/python3.8/site-packages:${PYTHONPATH} _=/usr/bin/env /usr/bin/python3 setup.py egg_info --egg-base ../../build/wallfollow_pkg build --build-base /home/user/ros2_ws/build/wallfollow_pkg/build install --prefix /home/user/ros2_ws/install/wallfollow_pkg --record /home/user/ros2_ws/build/wallfollow_pkg/install.log --single-version-externally-managed
[11.326s] DEBUG:colcon.colcon_core.event_handler.log_command:Invoked command in '/home/user/ros2_ws/src/wallfollow_pkg' returned '0': PYTHONPATH=/home/user/ros2_ws/install/wallfollow_pkg/lib/python3.8/site-packages:${PYTHONPATH} _=/usr/bin/env /usr/bin/python3 setup.py egg_info --egg-base ../../build/wallfollow_pkg build --build-base /home/user/ros2_ws/build/wallfollow_pkg/build install --prefix /home/user/ros2_ws/install/wallfollow_pkg --record /home/user/ros2_ws/build/wallfollow_pkg/install.log --single-version-externally-managed
[11.400s] Level 1:colcon.colcon_core.environment:checking '/home/user/ros2_ws/install/wallfollow_pkg' for CMake module files
[11.403s] Level 1:colcon.colcon_core.environment:checking '/home/user/ros2_ws/install/wallfollow_pkg' for CMake config files
[11.407s] Level 1:colcon.colcon_core.environment:checking '/home/user/ros2_ws/install/wallfollow_pkg/lib'
[11.408s] Level 1:colcon.colcon_core.environment:checking '/home/user/ros2_ws/install/wallfollow_pkg/bin'
[11.408s] Level 1:colcon.colcon_core.environment:checking '/home/user/ros2_ws/install/wallfollow_pkg/lib/pkgconfig/wallfollow_pkg.pc'
[11.408s] Level 1:colcon.colcon_core.environment:checking '/home/user/ros2_ws/install/wallfollow_pkg/lib/python3.8/site-packages'
[11.408s] Level 1:colcon.colcon_core.shell:create_environment_hook('wallfollow_pkg', 'pythonpath')
[11.411s] INFO:colcon.colcon_core.shell:Creating environment hook '/home/user/ros2_ws/install/wallfollow_pkg/share/wallfollow_pkg/hook/pythonpath.ps1'
[11.416s] INFO:colcon.colcon_core.shell:Creating environment descriptor '/home/user/ros2_ws/install/wallfollow_pkg/share/wallfollow_pkg/hook/pythonpath.dsv'
[11.418s] INFO:colcon.colcon_core.shell:Creating environment hook '/home/user/ros2_ws/install/wallfollow_pkg/share/wallfollow_pkg/hook/pythonpath.sh'
[11.440s] Level 1:colcon.colcon_core.environment:create_environment_scripts_only(wallfollow_pkg)
[11.441s] INFO:colcon.colcon_core.shell:Creating package script '/home/user/ros2_ws/install/wallfollow_pkg/share/wallfollow_pkg/package.ps1'
[11.451s] INFO:colcon.colcon_core.shell:Creating package descriptor '/home/user/ros2_ws/install/wallfollow_pkg/share/wallfollow_pkg/package.dsv'
[11.452s] INFO:colcon.colcon_core.shell:Creating package script '/home/user/ros2_ws/install/wallfollow_pkg/share/wallfollow_pkg/package.sh'
[11.454s] INFO:colcon.colcon_core.shell:Creating package script '/home/user/ros2_ws/install/wallfollow_pkg/share/wallfollow_pkg/package.bash'
[11.500s] INFO:colcon.colcon_core.shell:Creating package script '/home/user/ros2_ws/install/wallfollow_pkg/share/wallfollow_pkg/package.zsh'
[11.502s] Level 1:colcon.colcon_core.environment:create_file_with_runtime_dependencies(/home/user/ros2_ws/install/wallfollow_pkg/share/colcon-core/packages/wallfollow_pkg)
[11.504s] DEBUG:colcon.colcon_parallel_executor.executor.parallel:closing loop
[11.505s] DEBUG:colcon.colcon_parallel_executor.executor.parallel:loop closed
[11.505s] DEBUG:colcon.colcon_parallel_executor.executor.parallel:run_until_complete finished with '0'
[11.505s] DEBUG:colcon.colcon_core.event_reactor:joining thread
[11.516s] INFO:colcon.colcon_core.plugin_system:Skipping extension 'colcon_notification.desktop_notification.notify_send': Could not find 'notify-send'
[11.517s] INFO:colcon.colcon_core.plugin_system:Skipping extension 'colcon_notification.desktop_notification.terminal_notifier': Not used on non-Darwin systems
[11.517s] INFO:colcon.colcon_core.plugin_system:Skipping extension 'colcon_notification.desktop_notification.win32': Not used on non-Windows systems
[11.517s] INFO:colcon.colcon_notification.desktop_notification:Sending desktop notification using 'notify2'
[11.725s] DEBUG:colcon.colcon_notification.desktop_notification.notify2:Failed to initialize notify2: org.freedesktop.DBus.Error.ServiceUnknown: The name org.freedesktop.Notifications was not provided by any .service files
[11.730s] DEBUG:colcon.colcon_core.event_reactor:joined thread
[11.732s] INFO:colcon.colcon_core.shell:Creating prefix script '/home/user/ros2_ws/install/local_setup.ps1'
[11.734s] INFO:colcon.colcon_core.shell:Creating prefix util module '/home/user/ros2_ws/install/_local_setup_util_ps1.py'
[11.737s] INFO:colcon.colcon_core.shell:Creating prefix chain script '/home/user/ros2_ws/install/setup.ps1'
[11.742s] INFO:colcon.colcon_core.shell:Creating prefix script '/home/user/ros2_ws/install/local_setup.sh'
[11.752s] INFO:colcon.colcon_core.shell:Creating prefix util module '/home/user/ros2_ws/install/_local_setup_util_sh.py'
[11.753s] INFO:colcon.colcon_core.shell:Creating prefix chain script '/home/user/ros2_ws/install/setup.sh'
[11.801s] INFO:colcon.colcon_core.shell:Creating prefix script '/home/user/ros2_ws/install/local_setup.bash'
[11.803s] INFO:colcon.colcon_core.shell:Creating prefix chain script '/home/user/ros2_ws/install/setup.bash'
[11.809s] INFO:colcon.colcon_core.shell:Creating prefix script '/home/user/ros2_ws/install/local_setup.zsh'
[11.809s] INFO:colcon.colcon_core.shell:Creating prefix chain script '/home/user/ros2_ws/install/setup.zsh'
