/home/user/ros2_ws/install/wallfollow_pkg/lib/python3.8/site-packages/wallfollow_pkg/my_action_client.py
/home/user/ros2_ws/install/wallfollow_pkg/lib/python3.8/site-packages/wallfollow_pkg/wallfollow-old_copy.py
/home/user/ros2_ws/install/wallfollow_pkg/lib/python3.8/site-packages/wallfollow_pkg/find_wall_client.py
/home/user/ros2_ws/install/wallfollow_pkg/lib/python3.8/site-packages/wallfollow_pkg/__init__.py
/home/user/ros2_ws/install/wallfollow_pkg/lib/python3.8/site-packages/wallfollow_pkg/wallfollow.py
/home/user/ros2_ws/install/wallfollow_pkg/lib/python3.8/site-packages/wallfollow_pkg/my_action_server.py
/home/user/ros2_ws/install/wallfollow_pkg/lib/python3.8/site-packages/wallfollow_pkg/find_wall_server.py
/home/user/ros2_ws/install/wallfollow_pkg/lib/python3.8/site-packages/wallfollow_pkg/__pycache__/my_action_client.cpython-38.pyc
/home/user/ros2_ws/install/wallfollow_pkg/lib/python3.8/site-packages/wallfollow_pkg/__pycache__/wallfollow-old_copy.cpython-38.pyc
/home/user/ros2_ws/install/wallfollow_pkg/lib/python3.8/site-packages/wallfollow_pkg/__pycache__/find_wall_client.cpython-38.pyc
/home/user/ros2_ws/install/wallfollow_pkg/lib/python3.8/site-packages/wallfollow_pkg/__pycache__/__init__.cpython-38.pyc
/home/user/ros2_ws/install/wallfollow_pkg/lib/python3.8/site-packages/wallfollow_pkg/__pycache__/wallfollow.cpython-38.pyc
/home/user/ros2_ws/install/wallfollow_pkg/lib/python3.8/site-packages/wallfollow_pkg/__pycache__/my_action_server.cpython-38.pyc
/home/user/ros2_ws/install/wallfollow_pkg/lib/python3.8/site-packages/wallfollow_pkg/__pycache__/find_wall_server.cpython-38.pyc
/home/user/ros2_ws/install/wallfollow_pkg/share/ament_index/resource_index/packages/wallfollow_pkg
/home/user/ros2_ws/install/wallfollow_pkg/share/wallfollow_pkg/package.xml
/home/user/ros2_ws/install/wallfollow_pkg/share/wallfollow_pkg/main.launch.py
/home/user/ros2_ws/install/wallfollow_pkg/share/wallfollow_pkg/wallfollow_pkg_launch_file.launch.py
/home/user/ros2_ws/install/wallfollow_pkg/lib/python3.8/site-packages/wallfollow_pkg-0.0.0-py3.8.egg-info/PKG-INFO
/home/user/ros2_ws/install/wallfollow_pkg/lib/python3.8/site-packages/wallfollow_pkg-0.0.0-py3.8.egg-info/zip-safe
/home/user/ros2_ws/install/wallfollow_pkg/lib/python3.8/site-packages/wallfollow_pkg-0.0.0-py3.8.egg-info/top_level.txt
/home/user/ros2_ws/install/wallfollow_pkg/lib/python3.8/site-packages/wallfollow_pkg-0.0.0-py3.8.egg-info/requires.txt
/home/user/ros2_ws/install/wallfollow_pkg/lib/python3.8/site-packages/wallfollow_pkg-0.0.0-py3.8.egg-info/entry_points.txt
/home/user/ros2_ws/install/wallfollow_pkg/lib/python3.8/site-packages/wallfollow_pkg-0.0.0-py3.8.egg-info/SOURCES.txt
/home/user/ros2_ws/install/wallfollow_pkg/lib/python3.8/site-packages/wallfollow_pkg-0.0.0-py3.8.egg-info/dependency_links.txt
/home/user/ros2_ws/install/wallfollow_pkg/lib/wallfollow_pkg/find_wall_client
/home/user/ros2_ws/install/wallfollow_pkg/lib/wallfollow_pkg/find_wall_server
/home/user/ros2_ws/install/wallfollow_pkg/lib/wallfollow_pkg/my_action_client
/home/user/ros2_ws/install/wallfollow_pkg/lib/wallfollow_pkg/my_action_server
/home/user/ros2_ws/install/wallfollow_pkg/lib/wallfollow_pkg/wallfollow
