[3.548s] Invoking command in '/home/user/ros2_ws/src/wallfollow_pkg': AMENT_PREFIX_PATH=/home/user/ros2_ws/install/find_wall_pkg:/home/user/ros2_ws/install/wallfollow_pkg:/home/simulations/ros2_sims_ws/install/ros1_bridge:/opt/ros/foxy PYTHONPATH=/home/user/ros2_ws/install/wallfollow_pkg/lib/python3.8/site-packages:/home/user/ros2_ws/install/find_wall_pkg/lib/python3.8/site-packages:/home/user/ros2_ws/install/wallfollow_pkg/lib/python3.8/site-packages:/home/simulations/ros2_sims_ws/install/ros1_bridge/lib/python3.8/site-packages:/opt/ros/foxy/lib/python3.8/site-packages _=/usr/bin/env /usr/bin/python3 setup.py egg_info --egg-base ../../build/wallfollow_pkg build --build-base /home/user/ros2_ws/build/wallfollow_pkg/build install --prefix /home/user/ros2_ws/install/wallfollow_pkg --record /home/user/ros2_ws/build/wallfollow_pkg/install.log --single-version-externally-managed
[5.718s] running egg_info
[5.719s] writing ../../build/wallfollow_pkg/wallfollow_pkg.egg-info/PKG-INFO
[5.789s] writing dependency_links to ../../build/wallfollow_pkg/wallfollow_pkg.egg-info/dependency_links.txt
[5.789s] writing entry points to ../../build/wallfollow_pkg/wallfollow_pkg.egg-info/entry_points.txt
[5.789s] writing requirements to ../../build/wallfollow_pkg/wallfollow_pkg.egg-info/requires.txt
[5.789s] writing top-level names to ../../build/wallfollow_pkg/wallfollow_pkg.egg-info/top_level.txt
[6.014s] reading manifest file '../../build/wallfollow_pkg/wallfollow_pkg.egg-info/SOURCES.txt'
[6.021s] writing manifest file '../../build/wallfollow_pkg/wallfollow_pkg.egg-info/SOURCES.txt'
[6.029s] running build
[6.029s] running build_py
[6.030s] copying wallfollow_pkg/find_wall_client.py -> /home/user/ros2_ws/build/wallfollow_pkg/build/lib/wallfollow_pkg
[6.031s] running install
[6.089s] running install_lib
[6.091s] copying /home/user/ros2_ws/build/wallfollow_pkg/build/lib/wallfollow_pkg/find_wall_client.py -> /home/user/ros2_ws/install/wallfollow_pkg/lib/python3.8/site-packages/wallfollow_pkg
[6.095s] byte-compiling /home/user/ros2_ws/install/wallfollow_pkg/lib/python3.8/site-packages/wallfollow_pkg/find_wall_client.py to find_wall_client.cpython-38.pyc
[6.101s] running install_data
[6.103s] running install_egg_info
[6.107s] removing '/home/user/ros2_ws/install/wallfollow_pkg/lib/python3.8/site-packages/wallfollow_pkg-0.0.0-py3.8.egg-info' (and everything under it)
[6.109s] Copying ../../build/wallfollow_pkg/wallfollow_pkg.egg-info to /home/user/ros2_ws/install/wallfollow_pkg/lib/python3.8/site-packages/wallfollow_pkg-0.0.0-py3.8.egg-info
[6.112s] running install_scripts
[6.192s] Installing find_wall_client script to /home/user/ros2_ws/install/wallfollow_pkg/lib/wallfollow_pkg
[6.193s] Installing wallfollow script to /home/user/ros2_ws/install/wallfollow_pkg/lib/wallfollow_pkg
[6.193s] writing list of installed files to '/home/user/ros2_ws/build/wallfollow_pkg/install.log'
[6.233s] Invoked command in '/home/user/ros2_ws/src/wallfollow_pkg' returned '0': AMENT_PREFIX_PATH=/home/user/ros2_ws/install/find_wall_pkg:/home/user/ros2_ws/install/wallfollow_pkg:/home/simulations/ros2_sims_ws/install/ros1_bridge:/opt/ros/foxy PYTHONPATH=/home/user/ros2_ws/install/wallfollow_pkg/lib/python3.8/site-packages:/home/user/ros2_ws/install/find_wall_pkg/lib/python3.8/site-packages:/home/user/ros2_ws/install/wallfollow_pkg/lib/python3.8/site-packages:/home/simulations/ros2_sims_ws/install/ros1_bridge/lib/python3.8/site-packages:/opt/ros/foxy/lib/python3.8/site-packages _=/usr/bin/env /usr/bin/python3 setup.py egg_info --egg-base ../../build/wallfollow_pkg build --build-base /home/user/ros2_ws/build/wallfollow_pkg/build install --prefix /home/user/ros2_ws/install/wallfollow_pkg --record /home/user/ros2_ws/build/wallfollow_pkg/install.log --single-version-externally-managed
