[6.047s] DEBUG:colcon:Command line arguments: ['/usr/bin/colcon', 'build', '--packages-select', 'wallfollow_pkg']
[6.047s] DEBUG:colcon:Parsed command line arguments: Namespace(ament_cmake_args=None, base_paths=['.'], build_base='build', catkin_cmake_args=None, catkin_skip_building_tests=False, cmake_args=None, cmake_clean_cache=False, cmake_clean_first=False, cmake_force_configure=False, cmake_target=None, cmake_target_skip_unavailable=False, continue_on_error=False, event_handlers=None, executor='parallel', ignore_user_meta=False, install_base='install', log_base=None, log_level=None, main=<bound method BuildVerb.main of <colcon_core.verb.build.BuildVerb object at 0x7f0b109ac760>>, merge_install=False, metas=['./colcon.meta'], packages_above=None, packages_above_and_dependencies=None, packages_above_depth=None, packages_end=None, packages_ignore=None, packages_ignore_regex=None, packages_select=['wallfollow_pkg'], packages_select_build_failed=False, packages_select_by_dep=None, packages_select_regex=None, packages_select_test_failures=False, packages_skip=None, packages_skip_build_finished=False, packages_skip_by_dep=None, packages_skip_regex=None, packages_skip_test_passed=False, packages_skip_up_to=None, packages_start=None, packages_up_to=None, packages_up_to_regex=None, parallel_workers=8, paths=None, symlink_install=False, test_result_base=None, verb_extension=<colcon_core.verb.build.BuildVerb object at 0x7f0b109ac760>, verb_name='build', verb_parser=<colcon_defaults.argument_parser.defaults.DefaultArgumentsDecorator object at 0x7f0b109accd0>)
[6.200s] Level 1:colcon.colcon_core.package_discovery:discover_packages(colcon_meta) check parameters
[6.200s] Level 1:colcon.colcon_core.package_discovery:discover_packages(recursive) check parameters
[6.205s] Level 1:colcon.colcon_core.package_discovery:discover_packages(ignore) check parameters
[6.206s] Level 1:colcon.colcon_core.package_discovery:discover_packages(path) check parameters
[6.207s] Level 1:colcon.colcon_core.package_discovery:discover_packages(colcon_meta) discover
[6.208s] Level 1:colcon.colcon_core.package_discovery:discover_packages(recursive) discover
[6.208s] INFO:colcon.colcon_core.package_discovery:Crawling recursively for packages in '/home/user/ros2_ws'
[6.209s] Level 1:colcon.colcon_core.package_identification:_identify(.) by extensions ['ignore', 'ignore_ament_install']
[6.218s] Level 1:colcon.colcon_core.package_identification:_identify(.) by extension 'ignore'
[6.219s] Level 1:colcon.colcon_core.package_identification:_identify(.) by extension 'ignore_ament_install'
[6.220s] Level 1:colcon.colcon_core.package_identification:_identify(.) by extensions ['colcon_pkg']
[6.220s] Level 1:colcon.colcon_core.package_identification:_identify(.) by extension 'colcon_pkg'
[6.220s] Level 1:colcon.colcon_core.package_identification:_identify(.) by extensions ['colcon_meta']
[6.224s] Level 1:colcon.colcon_core.package_identification:_identify(.) by extension 'colcon_meta'
[6.224s] Level 1:colcon.colcon_core.package_identification:_identify(.) by extensions ['ros']
[6.224s] Level 1:colcon.colcon_core.package_identification:_identify(.) by extension 'ros'
[6.415s] Level 1:colcon.colcon_core.package_identification:_identify(.) by extensions ['cmake', 'python']
[6.421s] Level 1:colcon.colcon_core.package_identification:_identify(.) by extension 'cmake'
[6.422s] Level 1:colcon.colcon_core.package_identification:_identify(.) by extension 'python'
[6.422s] Level 1:colcon.colcon_core.package_identification:_identify(.) by extensions ['python_setup_py']
[6.422s] Level 1:colcon.colcon_core.package_identification:_identify(.) by extension 'python_setup_py'
[6.422s] Level 1:colcon.colcon_core.package_identification:_identify(build) by extensions ['ignore', 'ignore_ament_install']
[6.425s] Level 1:colcon.colcon_core.package_identification:_identify(build) by extension 'ignore'
[6.425s] Level 1:colcon.colcon_core.package_identification:_identify(build) ignored
[6.425s] Level 1:colcon.colcon_core.package_identification:_identify(install) by extensions ['ignore', 'ignore_ament_install']
[6.425s] Level 1:colcon.colcon_core.package_identification:_identify(install) by extension 'ignore'
[6.425s] Level 1:colcon.colcon_core.package_identification:_identify(install) ignored
[6.426s] Level 1:colcon.colcon_core.package_identification:_identify(log) by extensions ['ignore', 'ignore_ament_install']
[6.426s] Level 1:colcon.colcon_core.package_identification:_identify(log) by extension 'ignore'
[6.435s] Level 1:colcon.colcon_core.package_identification:_identify(log) ignored
[6.435s] Level 1:colcon.colcon_core.package_identification:_identify(src) by extensions ['ignore', 'ignore_ament_install']
[6.436s] Level 1:colcon.colcon_core.package_identification:_identify(src) by extension 'ignore'
[6.436s] Level 1:colcon.colcon_core.package_identification:_identify(src) by extension 'ignore_ament_install'
[6.436s] Level 1:colcon.colcon_core.package_identification:_identify(src) by extensions ['colcon_pkg']
[6.436s] Level 1:colcon.colcon_core.package_identification:_identify(src) by extension 'colcon_pkg'
[6.436s] Level 1:colcon.colcon_core.package_identification:_identify(src) by extensions ['colcon_meta']
[6.436s] Level 1:colcon.colcon_core.package_identification:_identify(src) by extension 'colcon_meta'
[6.436s] Level 1:colcon.colcon_core.package_identification:_identify(src) by extensions ['ros']
[6.436s] Level 1:colcon.colcon_core.package_identification:_identify(src) by extension 'ros'
[6.437s] Level 1:colcon.colcon_core.package_identification:_identify(src) by extensions ['cmake', 'python']
[6.437s] Level 1:colcon.colcon_core.package_identification:_identify(src) by extension 'cmake'
[6.437s] Level 1:colcon.colcon_core.package_identification:_identify(src) by extension 'python'
[6.437s] Level 1:colcon.colcon_core.package_identification:_identify(src) by extensions ['python_setup_py']
[6.437s] Level 1:colcon.colcon_core.package_identification:_identify(src) by extension 'python_setup_py'
[6.437s] Level 1:colcon.colcon_core.package_identification:_identify(src/find_wall_pkg) by extensions ['ignore', 'ignore_ament_install']
[6.438s] Level 1:colcon.colcon_core.package_identification:_identify(src/find_wall_pkg) by extension 'ignore'
[6.438s] Level 1:colcon.colcon_core.package_identification:_identify(src/find_wall_pkg) by extension 'ignore_ament_install'
[6.438s] Level 1:colcon.colcon_core.package_identification:_identify(src/find_wall_pkg) by extensions ['colcon_pkg']
[6.438s] Level 1:colcon.colcon_core.package_identification:_identify(src/find_wall_pkg) by extension 'colcon_pkg'
[6.438s] Level 1:colcon.colcon_core.package_identification:_identify(src/find_wall_pkg) by extensions ['colcon_meta']
[6.438s] Level 1:colcon.colcon_core.package_identification:_identify(src/find_wall_pkg) by extension 'colcon_meta'
[6.438s] Level 1:colcon.colcon_core.package_identification:_identify(src/find_wall_pkg) by extensions ['ros']
[6.439s] Level 1:colcon.colcon_core.package_identification:_identify(src/find_wall_pkg) by extension 'ros'
[6.463s] DEBUG:colcon.colcon_core.package_identification:Package 'src/find_wall_pkg' with type 'ros.ament_python' and name 'find_wall_pkg'
[6.463s] Level 1:colcon.colcon_core.package_identification:_identify(src/wallfollow_pkg) by extensions ['ignore', 'ignore_ament_install']
[6.463s] Level 1:colcon.colcon_core.package_identification:_identify(src/wallfollow_pkg) by extension 'ignore'
[6.464s] Level 1:colcon.colcon_core.package_identification:_identify(src/wallfollow_pkg) by extension 'ignore_ament_install'
[6.464s] Level 1:colcon.colcon_core.package_identification:_identify(src/wallfollow_pkg) by extensions ['colcon_pkg']
[6.464s] Level 1:colcon.colcon_core.package_identification:_identify(src/wallfollow_pkg) by extension 'colcon_pkg'
[6.464s] Level 1:colcon.colcon_core.package_identification:_identify(src/wallfollow_pkg) by extensions ['colcon_meta']
[6.464s] Level 1:colcon.colcon_core.package_identification:_identify(src/wallfollow_pkg) by extension 'colcon_meta'
[6.464s] Level 1:colcon.colcon_core.package_identification:_identify(src/wallfollow_pkg) by extensions ['ros']
[6.464s] Level 1:colcon.colcon_core.package_identification:_identify(src/wallfollow_pkg) by extension 'ros'
[6.466s] DEBUG:colcon.colcon_core.package_identification:Package 'src/wallfollow_pkg' with type 'ros.ament_python' and name 'wallfollow_pkg'
[6.466s] Level 1:colcon.colcon_core.package_discovery:discover_packages(recursive) using defaults
[6.467s] Level 1:colcon.colcon_core.package_discovery:discover_packages(ignore) discover
[6.467s] Level 1:colcon.colcon_core.package_discovery:discover_packages(ignore) using defaults
[6.467s] Level 1:colcon.colcon_core.package_discovery:discover_packages(path) discover
[6.467s] Level 1:colcon.colcon_core.package_discovery:discover_packages(path) using defaults
[6.640s] INFO:colcon.colcon_core.package_selection:Skipping not selected package 'find_wall_pkg' in 'src/find_wall_pkg'
[6.660s] Level 5:colcon.colcon_core.verb:set package 'wallfollow_pkg' build argument 'cmake_args' from command line to 'None'
[6.665s] Level 5:colcon.colcon_core.verb:set package 'wallfollow_pkg' build argument 'cmake_target' from command line to 'None'
[6.666s] Level 5:colcon.colcon_core.verb:set package 'wallfollow_pkg' build argument 'cmake_target_skip_unavailable' from command line to 'False'
[6.666s] Level 5:colcon.colcon_core.verb:set package 'wallfollow_pkg' build argument 'cmake_clean_cache' from command line to 'False'
[6.666s] Level 5:colcon.colcon_core.verb:set package 'wallfollow_pkg' build argument 'cmake_clean_first' from command line to 'False'
[6.666s] Level 5:colcon.colcon_core.verb:set package 'wallfollow_pkg' build argument 'cmake_force_configure' from command line to 'False'
[6.666s] Level 5:colcon.colcon_core.verb:set package 'wallfollow_pkg' build argument 'ament_cmake_args' from command line to 'None'
[6.666s] Level 5:colcon.colcon_core.verb:set package 'wallfollow_pkg' build argument 'catkin_cmake_args' from command line to 'None'
[6.666s] Level 5:colcon.colcon_core.verb:set package 'wallfollow_pkg' build argument 'catkin_skip_building_tests' from command line to 'False'
[6.666s] DEBUG:colcon.colcon_core.verb:Building package 'wallfollow_pkg' with the following arguments: {'ament_cmake_args': None, 'build_base': '/home/user/ros2_ws/build/wallfollow_pkg', 'catkin_cmake_args': None, 'catkin_skip_building_tests': False, 'cmake_args': None, 'cmake_clean_cache': False, 'cmake_clean_first': False, 'cmake_force_configure': False, 'cmake_target': None, 'cmake_target_skip_unavailable': False, 'install_base': '/home/user/ros2_ws/install/wallfollow_pkg', 'merge_install': False, 'path': '/home/user/ros2_ws/src/wallfollow_pkg', 'symlink_install': False, 'test_result_base': None}
[6.667s] INFO:colcon.colcon_core.executor:Executing jobs using 'parallel' executor
[6.675s] DEBUG:colcon.colcon_parallel_executor.executor.parallel:run_until_complete
[6.676s] INFO:colcon.colcon_ros.task.ament_python.build:Building ROS package in '/home/user/ros2_ws/src/wallfollow_pkg' with build type 'ament_python'
[6.676s] Level 1:colcon.colcon_core.shell:create_environment_hook('wallfollow_pkg', 'ament_prefix_path')
[6.687s] INFO:colcon.colcon_core.plugin_system:Skipping extension 'colcon_core.shell.bat': Not used on non-Windows systems
[6.688s] INFO:colcon.colcon_core.shell:Creating environment hook '/home/user/ros2_ws/install/wallfollow_pkg/share/wallfollow_pkg/hook/ament_prefix_path.ps1'
[6.690s] INFO:colcon.colcon_core.shell:Creating environment descriptor '/home/user/ros2_ws/install/wallfollow_pkg/share/wallfollow_pkg/hook/ament_prefix_path.dsv'
[6.691s] INFO:colcon.colcon_core.shell:Creating environment hook '/home/user/ros2_ws/install/wallfollow_pkg/share/wallfollow_pkg/hook/ament_prefix_path.sh'
[6.694s] INFO:colcon.colcon_core.shell:Skip shell extension 'powershell' for command environment: Not usable outside of PowerShell
[6.694s] DEBUG:colcon.colcon_core.shell:Skip shell extension 'dsv' for command environment
[6.723s] DEBUG:colcon.colcon_core.shell:Ignoring prefix path '/opt/ros/foxy'
[9.510s] INFO:colcon.colcon_core.task.python.build:Building Python package in '/home/user/ros2_ws/src/wallfollow_pkg'
[9.513s] INFO:colcon.colcon_core.shell:Skip shell extension 'powershell' for command environment: Not usable outside of PowerShell
[9.513s] DEBUG:colcon.colcon_core.shell:Skip shell extension 'dsv' for command environment
[9.557s] DEBUG:colcon.colcon_core.shell:Ignoring prefix path '/opt/ros/foxy'
[9.631s] DEBUG:colcon.colcon_core.event_handler.log_command:Invoking command in '/home/user/ros2_ws/src/wallfollow_pkg': PYTHONPATH=/home/user/ros2_ws/install/wallfollow_pkg/lib/python3.8/site-packages:${PYTHONPATH} _=/usr/bin/env /usr/bin/python3 setup.py egg_info --egg-base ../../build/wallfollow_pkg build --build-base /home/user/ros2_ws/build/wallfollow_pkg/build install --prefix /home/user/ros2_ws/install/wallfollow_pkg --record /home/user/ros2_ws/build/wallfollow_pkg/install.log --single-version-externally-managed
[15.622s] DEBUG:colcon.colcon_core.event_handler.log_command:Invoked command in '/home/user/ros2_ws/src/wallfollow_pkg' returned '0': PYTHONPATH=/home/user/ros2_ws/install/wallfollow_pkg/lib/python3.8/site-packages:${PYTHONPATH} _=/usr/bin/env /usr/bin/python3 setup.py egg_info --egg-base ../../build/wallfollow_pkg build --build-base /home/user/ros2_ws/build/wallfollow_pkg/build install --prefix /home/user/ros2_ws/install/wallfollow_pkg --record /home/user/ros2_ws/build/wallfollow_pkg/install.log --single-version-externally-managed
[15.642s] Level 1:colcon.colcon_core.environment:checking '/home/user/ros2_ws/install/wallfollow_pkg' for CMake module files
[15.643s] Level 1:colcon.colcon_core.environment:checking '/home/user/ros2_ws/install/wallfollow_pkg' for CMake config files
[15.646s] Level 1:colcon.colcon_core.environment:checking '/home/user/ros2_ws/install/wallfollow_pkg/lib'
[15.647s] Level 1:colcon.colcon_core.environment:checking '/home/user/ros2_ws/install/wallfollow_pkg/bin'
[15.647s] Level 1:colcon.colcon_core.environment:checking '/home/user/ros2_ws/install/wallfollow_pkg/lib/pkgconfig/wallfollow_pkg.pc'
[15.647s] Level 1:colcon.colcon_core.environment:checking '/home/user/ros2_ws/install/wallfollow_pkg/lib/python3.8/site-packages'
[15.647s] Level 1:colcon.colcon_core.shell:create_environment_hook('wallfollow_pkg', 'pythonpath')
[15.668s] INFO:colcon.colcon_core.shell:Creating environment hook '/home/user/ros2_ws/install/wallfollow_pkg/share/wallfollow_pkg/hook/pythonpath.ps1'
[15.688s] INFO:colcon.colcon_core.shell:Creating environment descriptor '/home/user/ros2_ws/install/wallfollow_pkg/share/wallfollow_pkg/hook/pythonpath.dsv'
[15.702s] INFO:colcon.colcon_core.shell:Creating environment hook '/home/user/ros2_ws/install/wallfollow_pkg/share/wallfollow_pkg/hook/pythonpath.sh'
[15.706s] Level 1:colcon.colcon_core.environment:create_environment_scripts_only(wallfollow_pkg)
[15.709s] INFO:colcon.colcon_core.shell:Creating package script '/home/user/ros2_ws/install/wallfollow_pkg/share/wallfollow_pkg/package.ps1'
[15.733s] INFO:colcon.colcon_core.shell:Creating package descriptor '/home/user/ros2_ws/install/wallfollow_pkg/share/wallfollow_pkg/package.dsv'
[15.734s] INFO:colcon.colcon_core.shell:Creating package script '/home/user/ros2_ws/install/wallfollow_pkg/share/wallfollow_pkg/package.sh'
[15.736s] INFO:colcon.colcon_core.shell:Creating package script '/home/user/ros2_ws/install/wallfollow_pkg/share/wallfollow_pkg/package.bash'
[15.760s] INFO:colcon.colcon_core.shell:Creating package script '/home/user/ros2_ws/install/wallfollow_pkg/share/wallfollow_pkg/package.zsh'
[15.762s] Level 1:colcon.colcon_core.environment:create_file_with_runtime_dependencies(/home/user/ros2_ws/install/wallfollow_pkg/share/colcon-core/packages/wallfollow_pkg)
[15.766s] DEBUG:colcon.colcon_parallel_executor.executor.parallel:closing loop
[15.766s] DEBUG:colcon.colcon_parallel_executor.executor.parallel:loop closed
[15.767s] DEBUG:colcon.colcon_parallel_executor.executor.parallel:run_until_complete finished with '0'
[15.768s] DEBUG:colcon.colcon_core.event_reactor:joining thread
[15.795s] INFO:colcon.colcon_core.plugin_system:Skipping extension 'colcon_notification.desktop_notification.notify_send': Could not find 'notify-send'
[15.832s] INFO:colcon.colcon_core.plugin_system:Skipping extension 'colcon_notification.desktop_notification.terminal_notifier': Not used on non-Darwin systems
[15.834s] INFO:colcon.colcon_core.plugin_system:Skipping extension 'colcon_notification.desktop_notification.win32': Not used on non-Windows systems
[15.836s] INFO:colcon.colcon_notification.desktop_notification:Sending desktop notification using 'notify2'
[15.946s] DEBUG:colcon.colcon_notification.desktop_notification.notify2:Failed to initialize notify2: org.freedesktop.DBus.Error.ServiceUnknown: The name org.freedesktop.Notifications was not provided by any .service files
[15.947s] DEBUG:colcon.colcon_core.event_reactor:joined thread
[15.949s] INFO:colcon.colcon_core.shell:Creating prefix script '/home/user/ros2_ws/install/local_setup.ps1'
[15.955s] INFO:colcon.colcon_core.shell:Creating prefix util module '/home/user/ros2_ws/install/_local_setup_util_ps1.py'
[15.957s] INFO:colcon.colcon_core.shell:Creating prefix chain script '/home/user/ros2_ws/install/setup.ps1'
[16.031s] INFO:colcon.colcon_core.shell:Creating prefix script '/home/user/ros2_ws/install/local_setup.sh'
[16.032s] INFO:colcon.colcon_core.shell:Creating prefix util module '/home/user/ros2_ws/install/_local_setup_util_sh.py'
[16.033s] INFO:colcon.colcon_core.shell:Creating prefix chain script '/home/user/ros2_ws/install/setup.sh'
[16.076s] INFO:colcon.colcon_core.shell:Creating prefix script '/home/user/ros2_ws/install/local_setup.bash'
[16.077s] INFO:colcon.colcon_core.shell:Creating prefix chain script '/home/user/ros2_ws/install/setup.bash'
[16.178s] INFO:colcon.colcon_core.shell:Creating prefix script '/home/user/ros2_ws/install/local_setup.zsh'
[16.179s] INFO:colcon.colcon_core.shell:Creating prefix chain script '/home/user/ros2_ws/install/setup.zsh'
