[6.069s] DEBUG:colcon:Command line arguments: ['/usr/bin/colcon', 'build', '--packages-select', 'find_wall_pkg']
[6.074s] DEBUG:colcon:Parsed command line arguments: Namespace(ament_cmake_args=None, base_paths=['.'], build_base='build', catkin_cmake_args=None, catkin_skip_building_tests=False, cmake_args=None, cmake_clean_cache=False, cmake_clean_first=False, cmake_force_configure=False, cmake_target=None, cmake_target_skip_unavailable=False, continue_on_error=False, event_handlers=None, executor='parallel', ignore_user_meta=False, install_base='install', log_base=None, log_level=None, main=<bound method BuildVerb.main of <colcon_core.verb.build.BuildVerb object at 0x7f807cd987f0>>, merge_install=False, metas=['./colcon.meta'], packages_above=None, packages_above_and_dependencies=None, packages_above_depth=None, packages_end=None, packages_ignore=None, packages_ignore_regex=None, packages_select=['find_wall_pkg'], packages_select_build_failed=False, packages_select_by_dep=None, packages_select_regex=None, packages_select_test_failures=False, packages_skip=None, packages_skip_build_finished=False, packages_skip_by_dep=None, packages_skip_regex=None, packages_skip_test_passed=False, packages_skip_up_to=None, packages_start=None, packages_up_to=None, packages_up_to_regex=None, parallel_workers=8, paths=None, symlink_install=False, test_result_base=None, verb_extension=<colcon_core.verb.build.BuildVerb object at 0x7f807cd987f0>, verb_name='build', verb_parser=<colcon_defaults.argument_parser.defaults.DefaultArgumentsDecorator object at 0x7f807cd98d60>)
[6.216s] Level 1:colcon.colcon_core.package_discovery:discover_packages(colcon_meta) check parameters
[6.241s] Level 1:colcon.colcon_core.package_discovery:discover_packages(recursive) check parameters
[6.242s] Level 1:colcon.colcon_core.package_discovery:discover_packages(ignore) check parameters
[6.245s] Level 1:colcon.colcon_core.package_discovery:discover_packages(path) check parameters
[6.245s] Level 1:colcon.colcon_core.package_discovery:discover_packages(colcon_meta) discover
[6.246s] Level 1:colcon.colcon_core.package_discovery:discover_packages(recursive) discover
[6.249s] INFO:colcon.colcon_core.package_discovery:Crawling recursively for packages in '/home/user/ros2_ws'
[6.252s] Level 1:colcon.colcon_core.package_identification:_identify(.) by extensions ['ignore', 'ignore_ament_install']
[6.253s] Level 1:colcon.colcon_core.package_identification:_identify(.) by extension 'ignore'
[6.254s] Level 1:colcon.colcon_core.package_identification:_identify(.) by extension 'ignore_ament_install'
[6.254s] Level 1:colcon.colcon_core.package_identification:_identify(.) by extensions ['colcon_pkg']
[6.255s] Level 1:colcon.colcon_core.package_identification:_identify(.) by extension 'colcon_pkg'
[6.255s] Level 1:colcon.colcon_core.package_identification:_identify(.) by extensions ['colcon_meta']
[6.260s] Level 1:colcon.colcon_core.package_identification:_identify(.) by extension 'colcon_meta'
[6.260s] Level 1:colcon.colcon_core.package_identification:_identify(.) by extensions ['ros']
[6.260s] Level 1:colcon.colcon_core.package_identification:_identify(.) by extension 'ros'
[6.509s] Level 1:colcon.colcon_core.package_identification:_identify(.) by extensions ['cmake', 'python']
[6.593s] Level 1:colcon.colcon_core.package_identification:_identify(.) by extension 'cmake'
[6.601s] Level 1:colcon.colcon_core.package_identification:_identify(.) by extension 'python'
[6.613s] Level 1:colcon.colcon_core.package_identification:_identify(.) by extensions ['python_setup_py']
[6.613s] Level 1:colcon.colcon_core.package_identification:_identify(.) by extension 'python_setup_py'
[6.614s] Level 1:colcon.colcon_core.package_identification:_identify(build) by extensions ['ignore', 'ignore_ament_install']
[6.634s] Level 1:colcon.colcon_core.package_identification:_identify(build) by extension 'ignore'
[6.641s] Level 1:colcon.colcon_core.package_identification:_identify(build) ignored
[6.642s] Level 1:colcon.colcon_core.package_identification:_identify(install) by extensions ['ignore', 'ignore_ament_install']
[6.672s] Level 1:colcon.colcon_core.package_identification:_identify(install) by extension 'ignore'
[6.672s] Level 1:colcon.colcon_core.package_identification:_identify(install) ignored
[6.672s] Level 1:colcon.colcon_core.package_identification:_identify(log) by extensions ['ignore', 'ignore_ament_install']
[6.672s] Level 1:colcon.colcon_core.package_identification:_identify(log) by extension 'ignore'
[6.672s] Level 1:colcon.colcon_core.package_identification:_identify(log) ignored
[6.673s] Level 1:colcon.colcon_core.package_identification:_identify(src) by extensions ['ignore', 'ignore_ament_install']
[6.673s] Level 1:colcon.colcon_core.package_identification:_identify(src) by extension 'ignore'
[6.673s] Level 1:colcon.colcon_core.package_identification:_identify(src) by extension 'ignore_ament_install'
[6.673s] Level 1:colcon.colcon_core.package_identification:_identify(src) by extensions ['colcon_pkg']
[6.673s] Level 1:colcon.colcon_core.package_identification:_identify(src) by extension 'colcon_pkg'
[6.677s] Level 1:colcon.colcon_core.package_identification:_identify(src) by extensions ['colcon_meta']
[6.679s] Level 1:colcon.colcon_core.package_identification:_identify(src) by extension 'colcon_meta'
[6.681s] Level 1:colcon.colcon_core.package_identification:_identify(src) by extensions ['ros']
[6.681s] Level 1:colcon.colcon_core.package_identification:_identify(src) by extension 'ros'
[6.682s] Level 1:colcon.colcon_core.package_identification:_identify(src) by extensions ['cmake', 'python']
[6.689s] Level 1:colcon.colcon_core.package_identification:_identify(src) by extension 'cmake'
[6.693s] Level 1:colcon.colcon_core.package_identification:_identify(src) by extension 'python'
[6.694s] Level 1:colcon.colcon_core.package_identification:_identify(src) by extensions ['python_setup_py']
[6.694s] Level 1:colcon.colcon_core.package_identification:_identify(src) by extension 'python_setup_py'
[6.694s] Level 1:colcon.colcon_core.package_identification:_identify(src/find_wall_pkg) by extensions ['ignore', 'ignore_ament_install']
[6.710s] Level 1:colcon.colcon_core.package_identification:_identify(src/find_wall_pkg) by extension 'ignore'
[6.724s] Level 1:colcon.colcon_core.package_identification:_identify(src/find_wall_pkg) by extension 'ignore_ament_install'
[6.725s] Level 1:colcon.colcon_core.package_identification:_identify(src/find_wall_pkg) by extensions ['colcon_pkg']
[6.734s] Level 1:colcon.colcon_core.package_identification:_identify(src/find_wall_pkg) by extension 'colcon_pkg'
[6.736s] Level 1:colcon.colcon_core.package_identification:_identify(src/find_wall_pkg) by extensions ['colcon_meta']
[6.737s] Level 1:colcon.colcon_core.package_identification:_identify(src/find_wall_pkg) by extension 'colcon_meta'
[6.737s] Level 1:colcon.colcon_core.package_identification:_identify(src/find_wall_pkg) by extensions ['ros']
[6.737s] Level 1:colcon.colcon_core.package_identification:_identify(src/find_wall_pkg) by extension 'ros'
[6.844s] DEBUG:colcon.colcon_core.package_identification:Package 'src/find_wall_pkg' with type 'ros.ament_python' and name 'find_wall_pkg'
[6.846s] Level 1:colcon.colcon_core.package_identification:_identify(src/wallfollow_pkg) by extensions ['ignore', 'ignore_ament_install']
[6.848s] Level 1:colcon.colcon_core.package_identification:_identify(src/wallfollow_pkg) by extension 'ignore'
[6.848s] Level 1:colcon.colcon_core.package_identification:_identify(src/wallfollow_pkg) by extension 'ignore_ament_install'
[6.849s] Level 1:colcon.colcon_core.package_identification:_identify(src/wallfollow_pkg) by extensions ['colcon_pkg']
[6.850s] Level 1:colcon.colcon_core.package_identification:_identify(src/wallfollow_pkg) by extension 'colcon_pkg'
[6.850s] Level 1:colcon.colcon_core.package_identification:_identify(src/wallfollow_pkg) by extensions ['colcon_meta']
[6.851s] Level 1:colcon.colcon_core.package_identification:_identify(src/wallfollow_pkg) by extension 'colcon_meta'
[6.852s] Level 1:colcon.colcon_core.package_identification:_identify(src/wallfollow_pkg) by extensions ['ros']
[6.858s] Level 1:colcon.colcon_core.package_identification:_identify(src/wallfollow_pkg) by extension 'ros'
[6.862s] DEBUG:colcon.colcon_core.package_identification:Package 'src/wallfollow_pkg' with type 'ros.ament_python' and name 'wallfollow_pkg'
[6.898s] Level 1:colcon.colcon_core.package_discovery:discover_packages(recursive) using defaults
[6.906s] Level 1:colcon.colcon_core.package_discovery:discover_packages(ignore) discover
[6.912s] Level 1:colcon.colcon_core.package_discovery:discover_packages(ignore) using defaults
[6.912s] Level 1:colcon.colcon_core.package_discovery:discover_packages(path) discover
[6.912s] Level 1:colcon.colcon_core.package_discovery:discover_packages(path) using defaults
[7.798s] INFO:colcon.colcon_core.package_selection:Skipping not selected package 'wallfollow_pkg' in 'src/wallfollow_pkg'
[7.927s] Level 5:colcon.colcon_core.verb:set package 'find_wall_pkg' build argument 'cmake_args' from command line to 'None'
[7.927s] Level 5:colcon.colcon_core.verb:set package 'find_wall_pkg' build argument 'cmake_target' from command line to 'None'
[7.927s] Level 5:colcon.colcon_core.verb:set package 'find_wall_pkg' build argument 'cmake_target_skip_unavailable' from command line to 'False'
[7.927s] Level 5:colcon.colcon_core.verb:set package 'find_wall_pkg' build argument 'cmake_clean_cache' from command line to 'False'
[7.927s] Level 5:colcon.colcon_core.verb:set package 'find_wall_pkg' build argument 'cmake_clean_first' from command line to 'False'
[7.927s] Level 5:colcon.colcon_core.verb:set package 'find_wall_pkg' build argument 'cmake_force_configure' from command line to 'False'
[7.927s] Level 5:colcon.colcon_core.verb:set package 'find_wall_pkg' build argument 'ament_cmake_args' from command line to 'None'
[7.927s] Level 5:colcon.colcon_core.verb:set package 'find_wall_pkg' build argument 'catkin_cmake_args' from command line to 'None'
[7.927s] Level 5:colcon.colcon_core.verb:set package 'find_wall_pkg' build argument 'catkin_skip_building_tests' from command line to 'False'
[7.927s] DEBUG:colcon.colcon_core.verb:Building package 'find_wall_pkg' with the following arguments: {'ament_cmake_args': None, 'build_base': '/home/user/ros2_ws/build/find_wall_pkg', 'catkin_cmake_args': None, 'catkin_skip_building_tests': False, 'cmake_args': None, 'cmake_clean_cache': False, 'cmake_clean_first': False, 'cmake_force_configure': False, 'cmake_target': None, 'cmake_target_skip_unavailable': False, 'install_base': '/home/user/ros2_ws/install/find_wall_pkg', 'merge_install': False, 'path': '/home/user/ros2_ws/src/find_wall_pkg', 'symlink_install': False, 'test_result_base': None}
[7.928s] INFO:colcon.colcon_core.executor:Executing jobs using 'parallel' executor
[8.203s] DEBUG:colcon.colcon_parallel_executor.executor.parallel:run_until_complete
[8.208s] INFO:colcon.colcon_ros.task.ament_python.build:Building ROS package in '/home/user/ros2_ws/src/find_wall_pkg' with build type 'ament_python'
[8.210s] Level 1:colcon.colcon_core.shell:create_environment_hook('find_wall_pkg', 'ament_prefix_path')
[8.276s] INFO:colcon.colcon_core.plugin_system:Skipping extension 'colcon_core.shell.bat': Not used on non-Windows systems
[8.283s] INFO:colcon.colcon_core.shell:Creating environment hook '/home/user/ros2_ws/install/find_wall_pkg/share/find_wall_pkg/hook/ament_prefix_path.ps1'
[8.308s] INFO:colcon.colcon_core.shell:Creating environment descriptor '/home/user/ros2_ws/install/find_wall_pkg/share/find_wall_pkg/hook/ament_prefix_path.dsv'
[8.322s] INFO:colcon.colcon_core.shell:Creating environment hook '/home/user/ros2_ws/install/find_wall_pkg/share/find_wall_pkg/hook/ament_prefix_path.sh'
[8.354s] INFO:colcon.colcon_core.shell:Skip shell extension 'powershell' for command environment: Not usable outside of PowerShell
[8.362s] DEBUG:colcon.colcon_core.shell:Skip shell extension 'dsv' for command environment
[8.434s] DEBUG:colcon.colcon_core.shell:Ignoring prefix path '/opt/ros/foxy'
[14.158s] INFO:colcon.colcon_core.task.python.build:Building Python package in '/home/user/ros2_ws/src/find_wall_pkg'
[14.160s] INFO:colcon.colcon_core.shell:Skip shell extension 'powershell' for command environment: Not usable outside of PowerShell
[14.160s] DEBUG:colcon.colcon_core.shell:Skip shell extension 'dsv' for command environment
[14.193s] DEBUG:colcon.colcon_core.shell:Ignoring prefix path '/opt/ros/foxy'
[14.208s] DEBUG:colcon.colcon_core.event_handler.log_command:Invoking command in '/home/user/ros2_ws/src/find_wall_pkg': PYTHONPATH=/home/user/ros2_ws/install/find_wall_pkg/lib/python3.8/site-packages:${PYTHONPATH} _=/usr/bin/env /usr/bin/python3 setup.py egg_info --egg-base ../../build/find_wall_pkg build --build-base /home/user/ros2_ws/build/find_wall_pkg/build install --prefix /home/user/ros2_ws/install/find_wall_pkg --record /home/user/ros2_ws/build/find_wall_pkg/install.log --single-version-externally-managed
[19.102s] DEBUG:colcon.colcon_core.event_handler.log_command:Invoked command in '/home/user/ros2_ws/src/find_wall_pkg' returned '0': PYTHONPATH=/home/user/ros2_ws/install/find_wall_pkg/lib/python3.8/site-packages:${PYTHONPATH} _=/usr/bin/env /usr/bin/python3 setup.py egg_info --egg-base ../../build/find_wall_pkg build --build-base /home/user/ros2_ws/build/find_wall_pkg/build install --prefix /home/user/ros2_ws/install/find_wall_pkg --record /home/user/ros2_ws/build/find_wall_pkg/install.log --single-version-externally-managed
[19.135s] Level 1:colcon.colcon_core.environment:checking '/home/user/ros2_ws/install/find_wall_pkg' for CMake module files
[19.136s] Level 1:colcon.colcon_core.environment:checking '/home/user/ros2_ws/install/find_wall_pkg' for CMake config files
[19.138s] Level 1:colcon.colcon_core.environment:checking '/home/user/ros2_ws/install/find_wall_pkg/lib'
[19.148s] Level 1:colcon.colcon_core.environment:checking '/home/user/ros2_ws/install/find_wall_pkg/bin'
[19.157s] Level 1:colcon.colcon_core.environment:checking '/home/user/ros2_ws/install/find_wall_pkg/lib/pkgconfig/find_wall_pkg.pc'
[19.158s] Level 1:colcon.colcon_core.environment:checking '/home/user/ros2_ws/install/find_wall_pkg/lib/python3.8/site-packages'
[19.158s] Level 1:colcon.colcon_core.shell:create_environment_hook('find_wall_pkg', 'pythonpath')
[19.164s] INFO:colcon.colcon_core.shell:Creating environment hook '/home/user/ros2_ws/install/find_wall_pkg/share/find_wall_pkg/hook/pythonpath.ps1'
[19.175s] INFO:colcon.colcon_core.shell:Creating environment descriptor '/home/user/ros2_ws/install/find_wall_pkg/share/find_wall_pkg/hook/pythonpath.dsv'
[19.180s] INFO:colcon.colcon_core.shell:Creating environment hook '/home/user/ros2_ws/install/find_wall_pkg/share/find_wall_pkg/hook/pythonpath.sh'
[19.190s] Level 1:colcon.colcon_core.environment:create_environment_scripts_only(find_wall_pkg)
[19.193s] INFO:colcon.colcon_core.shell:Creating package script '/home/user/ros2_ws/install/find_wall_pkg/share/find_wall_pkg/package.ps1'
[19.194s] INFO:colcon.colcon_core.shell:Creating package descriptor '/home/user/ros2_ws/install/find_wall_pkg/share/find_wall_pkg/package.dsv'
[19.197s] INFO:colcon.colcon_core.shell:Creating package script '/home/user/ros2_ws/install/find_wall_pkg/share/find_wall_pkg/package.sh'
[19.198s] INFO:colcon.colcon_core.shell:Creating package script '/home/user/ros2_ws/install/find_wall_pkg/share/find_wall_pkg/package.bash'
[19.200s] INFO:colcon.colcon_core.shell:Creating package script '/home/user/ros2_ws/install/find_wall_pkg/share/find_wall_pkg/package.zsh'
[19.201s] Level 1:colcon.colcon_core.environment:create_file_with_runtime_dependencies(/home/user/ros2_ws/install/find_wall_pkg/share/colcon-core/packages/find_wall_pkg)
[19.202s] DEBUG:colcon.colcon_parallel_executor.executor.parallel:closing loop
[19.206s] DEBUG:colcon.colcon_parallel_executor.executor.parallel:loop closed
[19.206s] DEBUG:colcon.colcon_parallel_executor.executor.parallel:run_until_complete finished with '0'
[19.206s] DEBUG:colcon.colcon_core.event_reactor:joining thread
[19.242s] INFO:colcon.colcon_core.plugin_system:Skipping extension 'colcon_notification.desktop_notification.notify_send': Could not find 'notify-send'
[19.265s] INFO:colcon.colcon_core.plugin_system:Skipping extension 'colcon_notification.desktop_notification.terminal_notifier': Not used on non-Darwin systems
[19.266s] INFO:colcon.colcon_core.plugin_system:Skipping extension 'colcon_notification.desktop_notification.win32': Not used on non-Windows systems
[19.266s] INFO:colcon.colcon_notification.desktop_notification:Sending desktop notification using 'notify2'
[19.305s] DEBUG:colcon.colcon_notification.desktop_notification.notify2:Failed to initialize notify2: org.freedesktop.DBus.Error.ServiceUnknown: The name org.freedesktop.Notifications was not provided by any .service files
[19.305s] DEBUG:colcon.colcon_core.event_reactor:joined thread
[19.308s] INFO:colcon.colcon_core.shell:Creating prefix script '/home/user/ros2_ws/install/local_setup.ps1'
[19.310s] INFO:colcon.colcon_core.shell:Creating prefix util module '/home/user/ros2_ws/install/_local_setup_util_ps1.py'
[19.312s] INFO:colcon.colcon_core.shell:Creating prefix chain script '/home/user/ros2_ws/install/setup.ps1'
[19.316s] INFO:colcon.colcon_core.shell:Creating prefix script '/home/user/ros2_ws/install/local_setup.sh'
[19.317s] INFO:colcon.colcon_core.shell:Creating prefix util module '/home/user/ros2_ws/install/_local_setup_util_sh.py'
[19.373s] INFO:colcon.colcon_core.shell:Creating prefix chain script '/home/user/ros2_ws/install/setup.sh'
[19.409s] INFO:colcon.colcon_core.shell:Creating prefix script '/home/user/ros2_ws/install/local_setup.bash'
[19.411s] INFO:colcon.colcon_core.shell:Creating prefix chain script '/home/user/ros2_ws/install/setup.bash'
[19.415s] INFO:colcon.colcon_core.shell:Creating prefix script '/home/user/ros2_ws/install/local_setup.zsh'
[19.438s] INFO:colcon.colcon_core.shell:Creating prefix chain script '/home/user/ros2_ws/install/setup.zsh'
