running egg_info
creating ../../build/find_wall_pkg/find_wall_pkg.egg-info
writing ../../build/find_wall_pkg/find_wall_pkg.egg-info/PKG-INFO
writing dependency_links to ../../build/find_wall_pkg/find_wall_pkg.egg-info/dependency_links.txt
writing entry points to ../../build/find_wall_pkg/find_wall_pkg.egg-info/entry_points.txt
writing requirements to ../../build/find_wall_pkg/find_wall_pkg.egg-info/requires.txt
writing top-level names to ../../build/find_wall_pkg/find_wall_pkg.egg-info/top_level.txt
writing manifest file '../../build/find_wall_pkg/find_wall_pkg.egg-info/SOURCES.txt'
reading manifest file '../../build/find_wall_pkg/find_wall_pkg.egg-info/SOURCES.txt'
writing manifest file '../../build/find_wall_pkg/find_wall_pkg.egg-info/SOURCES.txt'
running build
running build_py
creating /home/user/ros2_ws/build/find_wall_pkg/build
creating /home/user/ros2_ws/build/find_wall_pkg/build/lib
creating /home/user/ros2_ws/build/find_wall_pkg/build/lib/find_wall_pkg
copying find_wall_pkg/find_wall.py -> /home/user/ros2_ws/build/find_wall_pkg/build/lib/find_wall_pkg
copying find_wall_pkg/__init__.py -> /home/user/ros2_ws/build/find_wall_pkg/build/lib/find_wall_pkg
running install
running install_lib
creating /home/user/ros2_ws/install/find_wall_pkg/lib/python3.8/site-packages/find_wall_pkg
copying /home/user/ros2_ws/build/find_wall_pkg/build/lib/find_wall_pkg/find_wall.py -> /home/user/ros2_ws/install/find_wall_pkg/lib/python3.8/site-packages/find_wall_pkg
copying /home/user/ros2_ws/build/find_wall_pkg/build/lib/find_wall_pkg/__init__.py -> /home/user/ros2_ws/install/find_wall_pkg/lib/python3.8/site-packages/find_wall_pkg
byte-compiling /home/user/ros2_ws/install/find_wall_pkg/lib/python3.8/site-packages/find_wall_pkg/find_wall.py to find_wall.cpython-38.pyc
byte-compiling /home/user/ros2_ws/install/find_wall_pkg/lib/python3.8/site-packages/find_wall_pkg/__init__.py to __init__.cpython-38.pyc
running install_data
creating /home/user/ros2_ws/install/find_wall_pkg/share/ament_index
creating /home/user/ros2_ws/install/find_wall_pkg/share/ament_index/resource_index
creating /home/user/ros2_ws/install/find_wall_pkg/share/ament_index/resource_index/packages
copying resource/find_wall_pkg -> /home/user/ros2_ws/install/find_wall_pkg/share/ament_index/resource_index/packages
copying package.xml -> /home/user/ros2_ws/install/find_wall_pkg/share/find_wall_pkg
copying launch/find_wall_launch_file.launch.py -> /home/user/ros2_ws/install/find_wall_pkg/share/find_wall_pkg
running install_egg_info
Copying ../../build/find_wall_pkg/find_wall_pkg.egg-info to /home/user/ros2_ws/install/find_wall_pkg/lib/python3.8/site-packages/find_wall_pkg-0.0.0-py3.8.egg-info
running install_scripts
Installing find_wall script to /home/user/ros2_ws/install/find_wall_pkg/lib/find_wall_pkg
writing list of installed files to '/home/user/ros2_ws/build/find_wall_pkg/install.log'
