[3.007s] DEBUG:colcon:Command line arguments: ['/usr/bin/colcon', 'build', '--packages-select', 'find_wall_pkg']
[3.007s] DEBUG:colcon:Parsed command line arguments: Namespace(ament_cmake_args=None, base_paths=['.'], build_base='build', catkin_cmake_args=None, catkin_skip_building_tests=False, cmake_args=None, cmake_clean_cache=False, cmake_clean_first=False, cmake_force_configure=False, cmake_target=None, cmake_target_skip_unavailable=False, continue_on_error=False, event_handlers=None, executor='parallel', ignore_user_meta=False, install_base='install', log_base=None, log_level=None, main=<bound method BuildVerb.main of <colcon_core.verb.build.BuildVerb object at 0x7effacd02790>>, merge_install=False, metas=['./colcon.meta'], packages_above=None, packages_above_and_dependencies=None, packages_above_depth=None, packages_end=None, packages_ignore=None, packages_ignore_regex=None, packages_select=['find_wall_pkg'], packages_select_build_failed=False, packages_select_by_dep=None, packages_select_regex=None, packages_select_test_failures=False, packages_skip=None, packages_skip_build_finished=False, packages_skip_by_dep=None, packages_skip_regex=None, packages_skip_test_passed=False, packages_skip_up_to=None, packages_start=None, packages_up_to=None, packages_up_to_regex=None, parallel_workers=8, paths=None, symlink_install=False, test_result_base=None, verb_extension=<colcon_core.verb.build.BuildVerb object at 0x7effacd02790>, verb_name='build', verb_parser=<colcon_defaults.argument_parser.defaults.DefaultArgumentsDecorator object at 0x7effacd02d00>)
[3.029s] Level 1:colcon.colcon_core.package_discovery:discover_packages(colcon_meta) check parameters
[3.029s] Level 1:colcon.colcon_core.package_discovery:discover_packages(recursive) check parameters
[3.029s] Level 1:colcon.colcon_core.package_discovery:discover_packages(ignore) check parameters
[3.029s] Level 1:colcon.colcon_core.package_discovery:discover_packages(path) check parameters
[3.029s] Level 1:colcon.colcon_core.package_discovery:discover_packages(colcon_meta) discover
[3.029s] Level 1:colcon.colcon_core.package_discovery:discover_packages(recursive) discover
[3.029s] INFO:colcon.colcon_core.package_discovery:Crawling recursively for packages in '/home/user/ros2_ws'
[3.030s] Level 1:colcon.colcon_core.package_identification:_identify(.) by extensions ['ignore', 'ignore_ament_install']
[3.030s] Level 1:colcon.colcon_core.package_identification:_identify(.) by extension 'ignore'
[3.030s] Level 1:colcon.colcon_core.package_identification:_identify(.) by extension 'ignore_ament_install'
[3.090s] Level 1:colcon.colcon_core.package_identification:_identify(.) by extensions ['colcon_pkg']
[3.090s] Level 1:colcon.colcon_core.package_identification:_identify(.) by extension 'colcon_pkg'
[3.090s] Level 1:colcon.colcon_core.package_identification:_identify(.) by extensions ['colcon_meta']
[3.091s] Level 1:colcon.colcon_core.package_identification:_identify(.) by extension 'colcon_meta'
[3.091s] Level 1:colcon.colcon_core.package_identification:_identify(.) by extensions ['ros']
[3.091s] Level 1:colcon.colcon_core.package_identification:_identify(.) by extension 'ros'
[3.191s] Level 1:colcon.colcon_core.package_identification:_identify(.) by extensions ['cmake', 'python']
[3.192s] Level 1:colcon.colcon_core.package_identification:_identify(.) by extension 'cmake'
[3.192s] Level 1:colcon.colcon_core.package_identification:_identify(.) by extension 'python'
[3.192s] Level 1:colcon.colcon_core.package_identification:_identify(.) by extensions ['python_setup_py']
[3.192s] Level 1:colcon.colcon_core.package_identification:_identify(.) by extension 'python_setup_py'
[3.193s] Level 1:colcon.colcon_core.package_identification:_identify(build) by extensions ['ignore', 'ignore_ament_install']
[3.193s] Level 1:colcon.colcon_core.package_identification:_identify(build) by extension 'ignore'
[3.193s] Level 1:colcon.colcon_core.package_identification:_identify(build) ignored
[3.193s] Level 1:colcon.colcon_core.package_identification:_identify(install) by extensions ['ignore', 'ignore_ament_install']
[3.194s] Level 1:colcon.colcon_core.package_identification:_identify(install) by extension 'ignore'
[3.194s] Level 1:colcon.colcon_core.package_identification:_identify(install) ignored
[3.194s] Level 1:colcon.colcon_core.package_identification:_identify(log) by extensions ['ignore', 'ignore_ament_install']
[3.201s] Level 1:colcon.colcon_core.package_identification:_identify(log) by extension 'ignore'
[3.201s] Level 1:colcon.colcon_core.package_identification:_identify(log) ignored
[3.201s] Level 1:colcon.colcon_core.package_identification:_identify(src) by extensions ['ignore', 'ignore_ament_install']
[3.202s] Level 1:colcon.colcon_core.package_identification:_identify(src) by extension 'ignore'
[3.202s] Level 1:colcon.colcon_core.package_identification:_identify(src) by extension 'ignore_ament_install'
[3.202s] Level 1:colcon.colcon_core.package_identification:_identify(src) by extensions ['colcon_pkg']
[3.202s] Level 1:colcon.colcon_core.package_identification:_identify(src) by extension 'colcon_pkg'
[3.202s] Level 1:colcon.colcon_core.package_identification:_identify(src) by extensions ['colcon_meta']
[3.202s] Level 1:colcon.colcon_core.package_identification:_identify(src) by extension 'colcon_meta'
[3.202s] Level 1:colcon.colcon_core.package_identification:_identify(src) by extensions ['ros']
[3.202s] Level 1:colcon.colcon_core.package_identification:_identify(src) by extension 'ros'
[3.203s] Level 1:colcon.colcon_core.package_identification:_identify(src) by extensions ['cmake', 'python']
[3.203s] Level 1:colcon.colcon_core.package_identification:_identify(src) by extension 'cmake'
[3.203s] Level 1:colcon.colcon_core.package_identification:_identify(src) by extension 'python'
[3.203s] Level 1:colcon.colcon_core.package_identification:_identify(src) by extensions ['python_setup_py']
[3.203s] Level 1:colcon.colcon_core.package_identification:_identify(src) by extension 'python_setup_py'
[3.203s] Level 1:colcon.colcon_core.package_identification:_identify(src/find_wall_pkg) by extensions ['ignore', 'ignore_ament_install']
[3.204s] Level 1:colcon.colcon_core.package_identification:_identify(src/find_wall_pkg) by extension 'ignore'
[3.206s] Level 1:colcon.colcon_core.package_identification:_identify(src/find_wall_pkg) by extension 'ignore_ament_install'
[3.206s] Level 1:colcon.colcon_core.package_identification:_identify(src/find_wall_pkg) by extensions ['colcon_pkg']
[3.206s] Level 1:colcon.colcon_core.package_identification:_identify(src/find_wall_pkg) by extension 'colcon_pkg'
[3.206s] Level 1:colcon.colcon_core.package_identification:_identify(src/find_wall_pkg) by extensions ['colcon_meta']
[3.206s] Level 1:colcon.colcon_core.package_identification:_identify(src/find_wall_pkg) by extension 'colcon_meta'
[3.207s] Level 1:colcon.colcon_core.package_identification:_identify(src/find_wall_pkg) by extensions ['ros']
[3.207s] Level 1:colcon.colcon_core.package_identification:_identify(src/find_wall_pkg) by extension 'ros'
[3.212s] DEBUG:colcon.colcon_core.package_identification:Package 'src/find_wall_pkg' with type 'ros.ament_python' and name 'find_wall_pkg'
[3.213s] Level 1:colcon.colcon_core.package_identification:_identify(src/wallfollow_pkg) by extensions ['ignore', 'ignore_ament_install']
[3.213s] Level 1:colcon.colcon_core.package_identification:_identify(src/wallfollow_pkg) by extension 'ignore'
[3.213s] Level 1:colcon.colcon_core.package_identification:_identify(src/wallfollow_pkg) by extension 'ignore_ament_install'
[3.213s] Level 1:colcon.colcon_core.package_identification:_identify(src/wallfollow_pkg) by extensions ['colcon_pkg']
[3.213s] Level 1:colcon.colcon_core.package_identification:_identify(src/wallfollow_pkg) by extension 'colcon_pkg'
[3.213s] Level 1:colcon.colcon_core.package_identification:_identify(src/wallfollow_pkg) by extensions ['colcon_meta']
[3.213s] Level 1:colcon.colcon_core.package_identification:_identify(src/wallfollow_pkg) by extension 'colcon_meta'
[3.214s] Level 1:colcon.colcon_core.package_identification:_identify(src/wallfollow_pkg) by extensions ['ros']
[3.214s] Level 1:colcon.colcon_core.package_identification:_identify(src/wallfollow_pkg) by extension 'ros'
[3.215s] DEBUG:colcon.colcon_core.package_identification:Package 'src/wallfollow_pkg' with type 'ros.ament_python' and name 'wallfollow_pkg'
[3.216s] Level 1:colcon.colcon_core.package_discovery:discover_packages(recursive) using defaults
[3.216s] Level 1:colcon.colcon_core.package_discovery:discover_packages(ignore) discover
[3.216s] Level 1:colcon.colcon_core.package_discovery:discover_packages(ignore) using defaults
[3.216s] Level 1:colcon.colcon_core.package_discovery:discover_packages(path) discover
[3.217s] Level 1:colcon.colcon_core.package_discovery:discover_packages(path) using defaults
[3.403s] INFO:colcon.colcon_core.package_selection:Skipping not selected package 'wallfollow_pkg' in 'src/wallfollow_pkg'
[3.415s] Level 5:colcon.colcon_core.verb:set package 'find_wall_pkg' build argument 'cmake_args' from command line to 'None'
[3.415s] Level 5:colcon.colcon_core.verb:set package 'find_wall_pkg' build argument 'cmake_target' from command line to 'None'
[3.416s] Level 5:colcon.colcon_core.verb:set package 'find_wall_pkg' build argument 'cmake_target_skip_unavailable' from command line to 'False'
[3.416s] Level 5:colcon.colcon_core.verb:set package 'find_wall_pkg' build argument 'cmake_clean_cache' from command line to 'False'
[3.416s] Level 5:colcon.colcon_core.verb:set package 'find_wall_pkg' build argument 'cmake_clean_first' from command line to 'False'
[3.416s] Level 5:colcon.colcon_core.verb:set package 'find_wall_pkg' build argument 'cmake_force_configure' from command line to 'False'
[3.416s] Level 5:colcon.colcon_core.verb:set package 'find_wall_pkg' build argument 'ament_cmake_args' from command line to 'None'
[3.416s] Level 5:colcon.colcon_core.verb:set package 'find_wall_pkg' build argument 'catkin_cmake_args' from command line to 'None'
[3.416s] Level 5:colcon.colcon_core.verb:set package 'find_wall_pkg' build argument 'catkin_skip_building_tests' from command line to 'False'
[3.416s] DEBUG:colcon.colcon_core.verb:Building package 'find_wall_pkg' with the following arguments: {'ament_cmake_args': None, 'build_base': '/home/user/ros2_ws/build/find_wall_pkg', 'catkin_cmake_args': None, 'catkin_skip_building_tests': False, 'cmake_args': None, 'cmake_clean_cache': False, 'cmake_clean_first': False, 'cmake_force_configure': False, 'cmake_target': None, 'cmake_target_skip_unavailable': False, 'install_base': '/home/user/ros2_ws/install/find_wall_pkg', 'merge_install': False, 'path': '/home/user/ros2_ws/src/find_wall_pkg', 'symlink_install': False, 'test_result_base': None}
[3.417s] INFO:colcon.colcon_core.executor:Executing jobs using 'parallel' executor
[3.424s] DEBUG:colcon.colcon_parallel_executor.executor.parallel:run_until_complete
[3.425s] INFO:colcon.colcon_ros.task.ament_python.build:Building ROS package in '/home/user/ros2_ws/src/find_wall_pkg' with build type 'ament_python'
[3.425s] Level 1:colcon.colcon_core.shell:create_environment_hook('find_wall_pkg', 'ament_prefix_path')
[3.499s] INFO:colcon.colcon_core.plugin_system:Skipping extension 'colcon_core.shell.bat': Not used on non-Windows systems
[3.499s] INFO:colcon.colcon_core.shell:Creating environment hook '/home/user/ros2_ws/install/find_wall_pkg/share/find_wall_pkg/hook/ament_prefix_path.ps1'
[3.501s] INFO:colcon.colcon_core.shell:Creating environment descriptor '/home/user/ros2_ws/install/find_wall_pkg/share/find_wall_pkg/hook/ament_prefix_path.dsv'
[3.503s] INFO:colcon.colcon_core.shell:Creating environment hook '/home/user/ros2_ws/install/find_wall_pkg/share/find_wall_pkg/hook/ament_prefix_path.sh'
[3.505s] INFO:colcon.colcon_core.shell:Skip shell extension 'powershell' for command environment: Not usable outside of PowerShell
[3.507s] DEBUG:colcon.colcon_core.shell:Skip shell extension 'dsv' for command environment
[3.516s] DEBUG:colcon.colcon_core.shell:Ignoring prefix path '/opt/ros/foxy'
[5.805s] INFO:colcon.colcon_core.task.python.build:Building Python package in '/home/user/ros2_ws/src/find_wall_pkg'
[5.816s] INFO:colcon.colcon_core.shell:Skip shell extension 'powershell' for command environment: Not usable outside of PowerShell
[5.818s] DEBUG:colcon.colcon_core.shell:Skip shell extension 'dsv' for command environment
[5.828s] DEBUG:colcon.colcon_core.shell:Ignoring prefix path '/opt/ros/foxy'
[5.920s] DEBUG:colcon.colcon_core.event_handler.log_command:Invoking command in '/home/user/ros2_ws/src/find_wall_pkg': PYTHONPATH=/home/user/ros2_ws/install/find_wall_pkg/lib/python3.8/site-packages:${PYTHONPATH} _=/usr/bin/env /usr/bin/python3 setup.py egg_info --egg-base ../../build/find_wall_pkg build --build-base /home/user/ros2_ws/build/find_wall_pkg/build install --prefix /home/user/ros2_ws/install/find_wall_pkg --record /home/user/ros2_ws/build/find_wall_pkg/install.log --single-version-externally-managed
[9.420s] DEBUG:colcon.colcon_core.event_handler.log_command:Invoked command in '/home/user/ros2_ws/src/find_wall_pkg' returned '0': PYTHONPATH=/home/user/ros2_ws/install/find_wall_pkg/lib/python3.8/site-packages:${PYTHONPATH} _=/usr/bin/env /usr/bin/python3 setup.py egg_info --egg-base ../../build/find_wall_pkg build --build-base /home/user/ros2_ws/build/find_wall_pkg/build install --prefix /home/user/ros2_ws/install/find_wall_pkg --record /home/user/ros2_ws/build/find_wall_pkg/install.log --single-version-externally-managed
[9.425s] Level 1:colcon.colcon_core.environment:checking '/home/user/ros2_ws/install/find_wall_pkg' for CMake module files
[9.426s] Level 1:colcon.colcon_core.environment:checking '/home/user/ros2_ws/install/find_wall_pkg' for CMake config files
[9.427s] Level 1:colcon.colcon_core.environment:checking '/home/user/ros2_ws/install/find_wall_pkg/lib'
[9.427s] Level 1:colcon.colcon_core.environment:checking '/home/user/ros2_ws/install/find_wall_pkg/bin'
[9.428s] Level 1:colcon.colcon_core.environment:checking '/home/user/ros2_ws/install/find_wall_pkg/lib/pkgconfig/find_wall_pkg.pc'
[9.428s] Level 1:colcon.colcon_core.environment:checking '/home/user/ros2_ws/install/find_wall_pkg/lib/python3.8/site-packages'
[9.428s] Level 1:colcon.colcon_core.shell:create_environment_hook('find_wall_pkg', 'pythonpath')
[9.492s] INFO:colcon.colcon_core.shell:Creating environment hook '/home/user/ros2_ws/install/find_wall_pkg/share/find_wall_pkg/hook/pythonpath.ps1'
[9.511s] INFO:colcon.colcon_core.shell:Creating environment descriptor '/home/user/ros2_ws/install/find_wall_pkg/share/find_wall_pkg/hook/pythonpath.dsv'
[9.511s] INFO:colcon.colcon_core.shell:Creating environment hook '/home/user/ros2_ws/install/find_wall_pkg/share/find_wall_pkg/hook/pythonpath.sh'
[9.512s] Level 1:colcon.colcon_core.environment:create_environment_scripts_only(find_wall_pkg)
[9.514s] INFO:colcon.colcon_core.shell:Creating package script '/home/user/ros2_ws/install/find_wall_pkg/share/find_wall_pkg/package.ps1'
[9.522s] INFO:colcon.colcon_core.shell:Creating package descriptor '/home/user/ros2_ws/install/find_wall_pkg/share/find_wall_pkg/package.dsv'
[9.527s] INFO:colcon.colcon_core.shell:Creating package script '/home/user/ros2_ws/install/find_wall_pkg/share/find_wall_pkg/package.sh'
[9.528s] INFO:colcon.colcon_core.shell:Creating package script '/home/user/ros2_ws/install/find_wall_pkg/share/find_wall_pkg/package.bash'
[9.590s] INFO:colcon.colcon_core.shell:Creating package script '/home/user/ros2_ws/install/find_wall_pkg/share/find_wall_pkg/package.zsh'
[9.592s] Level 1:colcon.colcon_core.environment:create_file_with_runtime_dependencies(/home/user/ros2_ws/install/find_wall_pkg/share/colcon-core/packages/find_wall_pkg)
[9.617s] DEBUG:colcon.colcon_parallel_executor.executor.parallel:closing loop
[9.618s] DEBUG:colcon.colcon_parallel_executor.executor.parallel:loop closed
[9.618s] DEBUG:colcon.colcon_parallel_executor.executor.parallel:run_until_complete finished with '0'
[9.618s] DEBUG:colcon.colcon_core.event_reactor:joining thread
[9.631s] INFO:colcon.colcon_core.plugin_system:Skipping extension 'colcon_notification.desktop_notification.notify_send': Could not find 'notify-send'
[9.694s] INFO:colcon.colcon_core.plugin_system:Skipping extension 'colcon_notification.desktop_notification.terminal_notifier': Not used on non-Darwin systems
[9.695s] INFO:colcon.colcon_core.plugin_system:Skipping extension 'colcon_notification.desktop_notification.win32': Not used on non-Windows systems
[9.695s] INFO:colcon.colcon_notification.desktop_notification:Sending desktop notification using 'notify2'
[9.712s] DEBUG:colcon.colcon_notification.desktop_notification.notify2:Failed to initialize notify2: org.freedesktop.DBus.Error.ServiceUnknown: The name org.freedesktop.Notifications was not provided by any .service files
[9.712s] DEBUG:colcon.colcon_core.event_reactor:joined thread
[9.715s] INFO:colcon.colcon_core.shell:Creating prefix script '/home/user/ros2_ws/install/local_setup.ps1'
[9.721s] INFO:colcon.colcon_core.shell:Creating prefix util module '/home/user/ros2_ws/install/_local_setup_util_ps1.py'
[9.723s] INFO:colcon.colcon_core.shell:Creating prefix chain script '/home/user/ros2_ws/install/setup.ps1'
[9.800s] INFO:colcon.colcon_core.shell:Creating prefix script '/home/user/ros2_ws/install/local_setup.sh'
[9.812s] INFO:colcon.colcon_core.shell:Creating prefix util module '/home/user/ros2_ws/install/_local_setup_util_sh.py'
[9.814s] INFO:colcon.colcon_core.shell:Creating prefix chain script '/home/user/ros2_ws/install/setup.sh'
[9.819s] INFO:colcon.colcon_core.shell:Creating prefix script '/home/user/ros2_ws/install/local_setup.bash'
[9.820s] INFO:colcon.colcon_core.shell:Creating prefix chain script '/home/user/ros2_ws/install/setup.bash'
[9.825s] INFO:colcon.colcon_core.shell:Creating prefix script '/home/user/ros2_ws/install/local_setup.zsh'
[9.826s] INFO:colcon.colcon_core.shell:Creating prefix chain script '/home/user/ros2_ws/install/setup.zsh'
