running egg_info
writing ../../build/find_wall_pkg/find_wall_pkg.egg-info/PKG-INFO
writing dependency_links to ../../build/find_wall_pkg/find_wall_pkg.egg-info/dependency_links.txt
writing entry points to ../../build/find_wall_pkg/find_wall_pkg.egg-info/entry_points.txt
writing requirements to ../../build/find_wall_pkg/find_wall_pkg.egg-info/requires.txt
writing top-level names to ../../build/find_wall_pkg/find_wall_pkg.egg-info/top_level.txt
reading manifest file '../../build/find_wall_pkg/find_wall_pkg.egg-info/SOURCES.txt'
writing manifest file '../../build/find_wall_pkg/find_wall_pkg.egg-info/SOURCES.txt'
running build
running build_py
running install
running install_lib
running install_data
copying launch/find_wall_launch_file.launch.py -> /home/user/ros2_ws/install/find_wall_pkg/share/find_wall_pkg
running install_egg_info
removing '/home/user/ros2_ws/install/find_wall_pkg/lib/python3.8/site-packages/find_wall_pkg-0.0.0-py3.8.egg-info' (and everything under it)
Copying ../../build/find_wall_pkg/find_wall_pkg.egg-info to /home/user/ros2_ws/install/find_wall_pkg/lib/python3.8/site-packages/find_wall_pkg-0.0.0-py3.8.egg-info
running install_scripts
Installing find_wall script to /home/user/ros2_ws/install/find_wall_pkg/lib/find_wall_pkg
writing list of installed files to '/home/user/ros2_ws/build/find_wall_pkg/install.log'
