[3.598s] Invoking command in '/home/user/ros2_ws/src/wallfollow_pkg': PYTHONPATH=/home/user/ros2_ws/install/wallfollow_pkg/lib/python3.8/site-packages:${PYTHONPATH} _=/usr/bin/env /usr/bin/python3 setup.py egg_info --egg-base ../../build/wallfollow_pkg build --build-base /home/user/ros2_ws/build/wallfollow_pkg/build install --prefix /home/user/ros2_ws/install/wallfollow_pkg --record /home/user/ros2_ws/build/wallfollow_pkg/install.log --single-version-externally-managed
[6.596s] running egg_info
[6.597s] writing ../../build/wallfollow_pkg/wallfollow_pkg.egg-info/PKG-INFO
[6.598s] writing dependency_links to ../../build/wallfollow_pkg/wallfollow_pkg.egg-info/dependency_links.txt
[6.599s] writing entry points to ../../build/wallfollow_pkg/wallfollow_pkg.egg-info/entry_points.txt
[6.600s] writing requirements to ../../build/wallfollow_pkg/wallfollow_pkg.egg-info/requires.txt
[6.600s] writing top-level names to ../../build/wallfollow_pkg/wallfollow_pkg.egg-info/top_level.txt
[6.881s] reading manifest file '../../build/wallfollow_pkg/wallfollow_pkg.egg-info/SOURCES.txt'
[6.884s] writing manifest file '../../build/wallfollow_pkg/wallfollow_pkg.egg-info/SOURCES.txt'
[6.885s] running build
[6.886s] running build_py
[6.888s] copying wallfollow_pkg/wallfollow.py -> /home/user/ros2_ws/build/wallfollow_pkg/build/lib/wallfollow_pkg
[6.889s] running install
[6.892s] running install_lib
[6.894s] copying /home/user/ros2_ws/build/wallfollow_pkg/build/lib/wallfollow_pkg/wallfollow.py -> /home/user/ros2_ws/install/wallfollow_pkg/lib/python3.8/site-packages/wallfollow_pkg
[6.896s] byte-compiling /home/user/ros2_ws/install/wallfollow_pkg/lib/python3.8/site-packages/wallfollow_pkg/wallfollow.py to wallfollow.cpython-38.pyc
[6.900s] running install_data
[6.902s] running install_egg_info
[6.977s] removing '/home/user/ros2_ws/install/wallfollow_pkg/lib/python3.8/site-packages/wallfollow_pkg-0.0.0-py3.8.egg-info' (and everything under it)
[6.978s] Copying ../../build/wallfollow_pkg/wallfollow_pkg.egg-info to /home/user/ros2_ws/install/wallfollow_pkg/lib/python3.8/site-packages/wallfollow_pkg-0.0.0-py3.8.egg-info
[6.982s] running install_scripts
[7.096s] Installing wallfollow script to /home/user/ros2_ws/install/wallfollow_pkg/lib/wallfollow_pkg
[7.097s] writing list of installed files to '/home/user/ros2_ws/build/wallfollow_pkg/install.log'
[7.291s] Invoked command in '/home/user/ros2_ws/src/wallfollow_pkg' returned '0': PYTHONPATH=/home/user/ros2_ws/install/wallfollow_pkg/lib/python3.8/site-packages:${PYTHONPATH} _=/usr/bin/env /usr/bin/python3 setup.py egg_info --egg-base ../../build/wallfollow_pkg build --build-base /home/user/ros2_ws/build/wallfollow_pkg/build install --prefix /home/user/ros2_ws/install/wallfollow_pkg --record /home/user/ros2_ws/build/wallfollow_pkg/install.log --single-version-externally-managed
