[3.540s] Invoking command in '/home/user/ros2_ws/src/wallfollow_pkg': PYTHONPATH=/home/user/ros2_ws/install/wallfollow_pkg/lib/python3.8/site-packages:${PYTHONPATH} _=/usr/bin/env /usr/bin/python3 setup.py egg_info --egg-base ../../build/wallfollow_pkg build --build-base /home/user/ros2_ws/build/wallfollow_pkg/build install --prefix /home/user/ros2_ws/install/wallfollow_pkg --record /home/user/ros2_ws/build/wallfollow_pkg/install.log --single-version-externally-managed
[5.829s] running egg_info
[5.830s] writing ../../build/wallfollow_pkg/wallfollow_pkg.egg-info/PKG-INFO
[5.830s] writing dependency_links to ../../build/wallfollow_pkg/wallfollow_pkg.egg-info/dependency_links.txt
[5.831s] writing entry points to ../../build/wallfollow_pkg/wallfollow_pkg.egg-info/entry_points.txt
[5.832s] writing requirements to ../../build/wallfollow_pkg/wallfollow_pkg.egg-info/requires.txt
[5.832s] writing top-level names to ../../build/wallfollow_pkg/wallfollow_pkg.egg-info/top_level.txt
[6.523s] reading manifest file '../../build/wallfollow_pkg/wallfollow_pkg.egg-info/SOURCES.txt'
[6.577s] writing manifest file '../../build/wallfollow_pkg/wallfollow_pkg.egg-info/SOURCES.txt'
[6.578s] running build
[6.579s] running build_py
[6.581s] copying wallfollow_pkg/wallfollow.py -> /home/user/ros2_ws/build/wallfollow_pkg/build/lib/wallfollow_pkg
[6.582s] copying wallfollow_pkg/find_wall_server.py -> /home/user/ros2_ws/build/wallfollow_pkg/build/lib/wallfollow_pkg
[6.583s] running install
[6.585s] running install_lib
[6.588s] copying /home/user/ros2_ws/build/wallfollow_pkg/build/lib/wallfollow_pkg/wallfollow.py -> /home/user/ros2_ws/install/wallfollow_pkg/lib/python3.8/site-packages/wallfollow_pkg
[6.589s] copying /home/user/ros2_ws/build/wallfollow_pkg/build/lib/wallfollow_pkg/find_wall_server.py -> /home/user/ros2_ws/install/wallfollow_pkg/lib/python3.8/site-packages/wallfollow_pkg
[6.594s] byte-compiling /home/user/ros2_ws/install/wallfollow_pkg/lib/python3.8/site-packages/wallfollow_pkg/wallfollow.py to wallfollow.cpython-38.pyc
[6.596s] byte-compiling /home/user/ros2_ws/install/wallfollow_pkg/lib/python3.8/site-packages/wallfollow_pkg/find_wall_server.py to find_wall_server.cpython-38.pyc
[6.597s] Sorry: IndentationError: expected an indented block (wallfollow.py, line 137)
[6.599s] running install_data
[6.600s] running install_egg_info
[6.607s] removing '/home/user/ros2_ws/install/wallfollow_pkg/lib/python3.8/site-packages/wallfollow_pkg-0.0.0-py3.8.egg-info' (and everything under it)
[6.609s] Copying ../../build/wallfollow_pkg/wallfollow_pkg.egg-info to /home/user/ros2_ws/install/wallfollow_pkg/lib/python3.8/site-packages/wallfollow_pkg-0.0.0-py3.8.egg-info
[6.612s] running install_scripts
[6.716s] Installing find_wall_client script to /home/user/ros2_ws/install/wallfollow_pkg/lib/wallfollow_pkg
[6.777s] Installing find_wall_server script to /home/user/ros2_ws/install/wallfollow_pkg/lib/wallfollow_pkg
[6.778s] Installing wallfollow script to /home/user/ros2_ws/install/wallfollow_pkg/lib/wallfollow_pkg
[6.780s] writing list of installed files to '/home/user/ros2_ws/build/wallfollow_pkg/install.log'
[6.992s] Invoked command in '/home/user/ros2_ws/src/wallfollow_pkg' returned '0': PYTHONPATH=/home/user/ros2_ws/install/wallfollow_pkg/lib/python3.8/site-packages:${PYTHONPATH} _=/usr/bin/env /usr/bin/python3 setup.py egg_info --egg-base ../../build/wallfollow_pkg build --build-base /home/user/ros2_ws/build/wallfollow_pkg/build install --prefix /home/user/ros2_ws/install/wallfollow_pkg --record /home/user/ros2_ws/build/wallfollow_pkg/install.log --single-version-externally-managed
