running egg_info
writing ../../build/wallfollow_pkg/wallfollow_pkg.egg-info/PKG-INFO
writing dependency_links to ../../build/wallfollow_pkg/wallfollow_pkg.egg-info/dependency_links.txt
writing entry points to ../../build/wallfollow_pkg/wallfollow_pkg.egg-info/entry_points.txt
writing requirements to ../../build/wallfollow_pkg/wallfollow_pkg.egg-info/requires.txt
writing top-level names to ../../build/wallfollow_pkg/wallfollow_pkg.egg-info/top_level.txt
reading manifest file '../../build/wallfollow_pkg/wallfollow_pkg.egg-info/SOURCES.txt'
writing manifest file '../../build/wallfollow_pkg/wallfollow_pkg.egg-info/SOURCES.txt'
running build
running build_py
copying wallfollow_pkg/wallfollow.py -> /home/user/ros2_ws/build/wallfollow_pkg/build/lib/wallfollow_pkg
running install
running install_lib
copying /home/user/ros2_ws/build/wallfollow_pkg/build/lib/wallfollow_pkg/wallfollow.py -> /home/user/ros2_ws/install/wallfollow_pkg/lib/python3.8/site-packages/wallfollow_pkg
byte-compiling /home/user/ros2_ws/install/wallfollow_pkg/lib/python3.8/site-packages/wallfollow_pkg/wallfollow.py to wallfollow.cpython-38.pyc
running install_data
running install_egg_info
removing '/home/user/ros2_ws/install/wallfollow_pkg/lib/python3.8/site-packages/wallfollow_pkg-0.0.0-py3.8.egg-info' (and everything under it)
Copying ../../build/wallfollow_pkg/wallfollow_pkg.egg-info to /home/user/ros2_ws/install/wallfollow_pkg/lib/python3.8/site-packages/wallfollow_pkg-0.0.0-py3.8.egg-info
running install_scripts
Installing find_wall_client script to /home/user/ros2_ws/install/wallfollow_pkg/lib/wallfollow_pkg
Installing find_wall_server script to /home/user/ros2_ws/install/wallfollow_pkg/lib/wallfollow_pkg
Installing my_action_client script to /home/user/ros2_ws/install/wallfollow_pkg/lib/wallfollow_pkg
Installing my_action_server script to /home/user/ros2_ws/install/wallfollow_pkg/lib/wallfollow_pkg
Installing wallfollow script to /home/user/ros2_ws/install/wallfollow_pkg/lib/wallfollow_pkg
writing list of installed files to '/home/user/ros2_ws/build/wallfollow_pkg/install.log'
