[3.876s] DEBUG:colcon:Command line arguments: ['/usr/bin/colcon', 'build', '--packages-select', 'wallfollow_pkg']
[3.876s] DEBUG:colcon:Parsed command line arguments: Namespace(ament_cmake_args=None, base_paths=['.'], build_base='build', catkin_cmake_args=None, catkin_skip_building_tests=False, cmake_args=None, cmake_clean_cache=False, cmake_clean_first=False, cmake_force_configure=False, cmake_target=None, cmake_target_skip_unavailable=False, continue_on_error=False, event_handlers=None, executor='parallel', ignore_user_meta=False, install_base='install', log_base=None, log_level=None, main=<bound method BuildVerb.main of <colcon_core.verb.build.BuildVerb object at 0x7f9339754850>>, merge_install=False, metas=['./colcon.meta'], packages_above=None, packages_above_and_dependencies=None, packages_above_depth=None, packages_end=None, packages_ignore=None, packages_ignore_regex=None, packages_select=['wallfollow_pkg'], packages_select_build_failed=False, packages_select_by_dep=None, packages_select_regex=None, packages_select_test_failures=False, packages_skip=None, packages_skip_build_finished=False, packages_skip_by_dep=None, packages_skip_regex=None, packages_skip_test_passed=False, packages_skip_up_to=None, packages_start=None, packages_up_to=None, packages_up_to_regex=None, parallel_workers=8, paths=None, symlink_install=False, test_result_base=None, verb_extension=<colcon_core.verb.build.BuildVerb object at 0x7f9339754850>, verb_name='build', verb_parser=<colcon_defaults.argument_parser.defaults.DefaultArgumentsDecorator object at 0x7f9339754dc0>)
[3.890s] Level 1:colcon.colcon_core.package_discovery:discover_packages(colcon_meta) check parameters
[3.890s] Level 1:colcon.colcon_core.package_discovery:discover_packages(recursive) check parameters
[3.890s] Level 1:colcon.colcon_core.package_discovery:discover_packages(ignore) check parameters
[3.890s] Level 1:colcon.colcon_core.package_discovery:discover_packages(path) check parameters
[3.890s] Level 1:colcon.colcon_core.package_discovery:discover_packages(colcon_meta) discover
[3.890s] Level 1:colcon.colcon_core.package_discovery:discover_packages(recursive) discover
[3.890s] INFO:colcon.colcon_core.package_discovery:Crawling recursively for packages in '/home/user/ros2_ws'
[3.891s] Level 1:colcon.colcon_core.package_identification:_identify(.) by extensions ['ignore', 'ignore_ament_install']
[3.891s] Level 1:colcon.colcon_core.package_identification:_identify(.) by extension 'ignore'
[3.891s] Level 1:colcon.colcon_core.package_identification:_identify(.) by extension 'ignore_ament_install'
[3.891s] Level 1:colcon.colcon_core.package_identification:_identify(.) by extensions ['colcon_pkg']
[3.891s] Level 1:colcon.colcon_core.package_identification:_identify(.) by extension 'colcon_pkg'
[3.903s] Level 1:colcon.colcon_core.package_identification:_identify(.) by extensions ['colcon_meta']
[3.903s] Level 1:colcon.colcon_core.package_identification:_identify(.) by extension 'colcon_meta'
[3.903s] Level 1:colcon.colcon_core.package_identification:_identify(.) by extensions ['ros']
[3.903s] Level 1:colcon.colcon_core.package_identification:_identify(.) by extension 'ros'
[4.002s] Level 1:colcon.colcon_core.package_identification:_identify(.) by extensions ['cmake', 'python']
[4.002s] Level 1:colcon.colcon_core.package_identification:_identify(.) by extension 'cmake'
[4.002s] Level 1:colcon.colcon_core.package_identification:_identify(.) by extension 'python'
[4.002s] Level 1:colcon.colcon_core.package_identification:_identify(.) by extensions ['python_setup_py']
[4.002s] Level 1:colcon.colcon_core.package_identification:_identify(.) by extension 'python_setup_py'
[4.003s] Level 1:colcon.colcon_core.package_identification:_identify(build) by extensions ['ignore', 'ignore_ament_install']
[4.003s] Level 1:colcon.colcon_core.package_identification:_identify(build) by extension 'ignore'
[4.003s] Level 1:colcon.colcon_core.package_identification:_identify(build) ignored
[4.003s] Level 1:colcon.colcon_core.package_identification:_identify(install) by extensions ['ignore', 'ignore_ament_install']
[4.004s] Level 1:colcon.colcon_core.package_identification:_identify(install) by extension 'ignore'
[4.004s] Level 1:colcon.colcon_core.package_identification:_identify(install) ignored
[4.004s] Level 1:colcon.colcon_core.package_identification:_identify(log) by extensions ['ignore', 'ignore_ament_install']
[4.005s] Level 1:colcon.colcon_core.package_identification:_identify(log) by extension 'ignore'
[4.005s] Level 1:colcon.colcon_core.package_identification:_identify(log) ignored
[4.005s] Level 1:colcon.colcon_core.package_identification:_identify(src) by extensions ['ignore', 'ignore_ament_install']
[4.005s] Level 1:colcon.colcon_core.package_identification:_identify(src) by extension 'ignore'
[4.005s] Level 1:colcon.colcon_core.package_identification:_identify(src) by extension 'ignore_ament_install'
[4.006s] Level 1:colcon.colcon_core.package_identification:_identify(src) by extensions ['colcon_pkg']
[4.006s] Level 1:colcon.colcon_core.package_identification:_identify(src) by extension 'colcon_pkg'
[4.006s] Level 1:colcon.colcon_core.package_identification:_identify(src) by extensions ['colcon_meta']
[4.006s] Level 1:colcon.colcon_core.package_identification:_identify(src) by extension 'colcon_meta'
[4.006s] Level 1:colcon.colcon_core.package_identification:_identify(src) by extensions ['ros']
[4.006s] Level 1:colcon.colcon_core.package_identification:_identify(src) by extension 'ros'
[4.007s] Level 1:colcon.colcon_core.package_identification:_identify(src) by extensions ['cmake', 'python']
[4.007s] Level 1:colcon.colcon_core.package_identification:_identify(src) by extension 'cmake'
[4.007s] Level 1:colcon.colcon_core.package_identification:_identify(src) by extension 'python'
[4.007s] Level 1:colcon.colcon_core.package_identification:_identify(src) by extensions ['python_setup_py']
[4.007s] Level 1:colcon.colcon_core.package_identification:_identify(src) by extension 'python_setup_py'
[4.007s] Level 1:colcon.colcon_core.package_identification:_identify(src/custom_interfaces) by extensions ['ignore', 'ignore_ament_install']
[4.008s] Level 1:colcon.colcon_core.package_identification:_identify(src/custom_interfaces) by extension 'ignore'
[4.008s] Level 1:colcon.colcon_core.package_identification:_identify(src/custom_interfaces) by extension 'ignore_ament_install'
[4.008s] Level 1:colcon.colcon_core.package_identification:_identify(src/custom_interfaces) by extensions ['colcon_pkg']
[4.008s] Level 1:colcon.colcon_core.package_identification:_identify(src/custom_interfaces) by extension 'colcon_pkg'
[4.008s] Level 1:colcon.colcon_core.package_identification:_identify(src/custom_interfaces) by extensions ['colcon_meta']
[4.008s] Level 1:colcon.colcon_core.package_identification:_identify(src/custom_interfaces) by extension 'colcon_meta'
[4.008s] Level 1:colcon.colcon_core.package_identification:_identify(src/custom_interfaces) by extensions ['ros']
[4.009s] Level 1:colcon.colcon_core.package_identification:_identify(src/custom_interfaces) by extension 'ros'
[4.017s] DEBUG:colcon.colcon_core.package_identification:Package 'src/custom_interfaces' with type 'ros.ament_cmake' and name 'custom_interfaces'
[4.018s] Level 1:colcon.colcon_core.package_identification:_identify(src/find_wall_pkg) by extensions ['ignore', 'ignore_ament_install']
[4.018s] Level 1:colcon.colcon_core.package_identification:_identify(src/find_wall_pkg) by extension 'ignore'
[4.018s] Level 1:colcon.colcon_core.package_identification:_identify(src/find_wall_pkg) by extension 'ignore_ament_install'
[4.018s] Level 1:colcon.colcon_core.package_identification:_identify(src/find_wall_pkg) by extensions ['colcon_pkg']
[4.018s] Level 1:colcon.colcon_core.package_identification:_identify(src/find_wall_pkg) by extension 'colcon_pkg'
[4.019s] Level 1:colcon.colcon_core.package_identification:_identify(src/find_wall_pkg) by extensions ['colcon_meta']
[4.019s] Level 1:colcon.colcon_core.package_identification:_identify(src/find_wall_pkg) by extension 'colcon_meta'
[4.019s] Level 1:colcon.colcon_core.package_identification:_identify(src/find_wall_pkg) by extensions ['ros']
[4.019s] Level 1:colcon.colcon_core.package_identification:_identify(src/find_wall_pkg) by extension 'ros'
[4.059s] DEBUG:colcon.colcon_core.package_identification:Package 'src/find_wall_pkg' with type 'ros.ament_python' and name 'find_wall_pkg'
[4.060s] Level 1:colcon.colcon_core.package_identification:_identify(src/wallfollow_pkg) by extensions ['ignore', 'ignore_ament_install']
[4.060s] Level 1:colcon.colcon_core.package_identification:_identify(src/wallfollow_pkg) by extension 'ignore'
[4.060s] Level 1:colcon.colcon_core.package_identification:_identify(src/wallfollow_pkg) by extension 'ignore_ament_install'
[4.060s] Level 1:colcon.colcon_core.package_identification:_identify(src/wallfollow_pkg) by extensions ['colcon_pkg']
[4.060s] Level 1:colcon.colcon_core.package_identification:_identify(src/wallfollow_pkg) by extension 'colcon_pkg'
[4.061s] Level 1:colcon.colcon_core.package_identification:_identify(src/wallfollow_pkg) by extensions ['colcon_meta']
[4.061s] Level 1:colcon.colcon_core.package_identification:_identify(src/wallfollow_pkg) by extension 'colcon_meta'
[4.062s] Level 1:colcon.colcon_core.package_identification:_identify(src/wallfollow_pkg) by extensions ['ros']
[4.064s] Level 1:colcon.colcon_core.package_identification:_identify(src/wallfollow_pkg) by extension 'ros'
[4.072s] DEBUG:colcon.colcon_core.package_identification:Package 'src/wallfollow_pkg' with type 'ros.ament_python' and name 'wallfollow_pkg'
[4.073s] Level 1:colcon.colcon_core.package_discovery:discover_packages(recursive) using defaults
[4.074s] Level 1:colcon.colcon_core.package_discovery:discover_packages(ignore) discover
[4.074s] Level 1:colcon.colcon_core.package_discovery:discover_packages(ignore) using defaults
[4.076s] Level 1:colcon.colcon_core.package_discovery:discover_packages(path) discover
[4.076s] Level 1:colcon.colcon_core.package_discovery:discover_packages(path) using defaults
[4.369s] INFO:colcon.colcon_core.package_selection:Skipping not selected package 'custom_interfaces' in 'src/custom_interfaces'
[4.371s] INFO:colcon.colcon_core.package_selection:Skipping not selected package 'find_wall_pkg' in 'src/find_wall_pkg'
[4.399s] Level 5:colcon.colcon_core.verb:set package 'wallfollow_pkg' build argument 'cmake_args' from command line to 'None'
[4.401s] Level 5:colcon.colcon_core.verb:set package 'wallfollow_pkg' build argument 'cmake_target' from command line to 'None'
[4.401s] Level 5:colcon.colcon_core.verb:set package 'wallfollow_pkg' build argument 'cmake_target_skip_unavailable' from command line to 'False'
[4.402s] Level 5:colcon.colcon_core.verb:set package 'wallfollow_pkg' build argument 'cmake_clean_cache' from command line to 'False'
[4.402s] Level 5:colcon.colcon_core.verb:set package 'wallfollow_pkg' build argument 'cmake_clean_first' from command line to 'False'
[4.402s] Level 5:colcon.colcon_core.verb:set package 'wallfollow_pkg' build argument 'cmake_force_configure' from command line to 'False'
[4.403s] Level 5:colcon.colcon_core.verb:set package 'wallfollow_pkg' build argument 'ament_cmake_args' from command line to 'None'
[4.404s] Level 5:colcon.colcon_core.verb:set package 'wallfollow_pkg' build argument 'catkin_cmake_args' from command line to 'None'
[4.405s] Level 5:colcon.colcon_core.verb:set package 'wallfollow_pkg' build argument 'catkin_skip_building_tests' from command line to 'False'
[4.405s] DEBUG:colcon.colcon_core.verb:Building package 'wallfollow_pkg' with the following arguments: {'ament_cmake_args': None, 'build_base': '/home/user/ros2_ws/build/wallfollow_pkg', 'catkin_cmake_args': None, 'catkin_skip_building_tests': False, 'cmake_args': None, 'cmake_clean_cache': False, 'cmake_clean_first': False, 'cmake_force_configure': False, 'cmake_target': None, 'cmake_target_skip_unavailable': False, 'install_base': '/home/user/ros2_ws/install/wallfollow_pkg', 'merge_install': False, 'path': '/home/user/ros2_ws/src/wallfollow_pkg', 'symlink_install': False, 'test_result_base': None}
[4.406s] INFO:colcon.colcon_core.executor:Executing jobs using 'parallel' executor
[4.424s] DEBUG:colcon.colcon_parallel_executor.executor.parallel:run_until_complete
[4.427s] INFO:colcon.colcon_ros.task.ament_python.build:Building ROS package in '/home/user/ros2_ws/src/wallfollow_pkg' with build type 'ament_python'
[4.428s] Level 1:colcon.colcon_core.shell:create_environment_hook('wallfollow_pkg', 'ament_prefix_path')
[4.441s] INFO:colcon.colcon_core.plugin_system:Skipping extension 'colcon_core.shell.bat': Not used on non-Windows systems
[4.442s] INFO:colcon.colcon_core.shell:Creating environment hook '/home/user/ros2_ws/install/wallfollow_pkg/share/wallfollow_pkg/hook/ament_prefix_path.ps1'
[4.445s] INFO:colcon.colcon_core.shell:Creating environment descriptor '/home/user/ros2_ws/install/wallfollow_pkg/share/wallfollow_pkg/hook/ament_prefix_path.dsv'
[4.455s] INFO:colcon.colcon_core.shell:Creating environment hook '/home/user/ros2_ws/install/wallfollow_pkg/share/wallfollow_pkg/hook/ament_prefix_path.sh'
[4.464s] INFO:colcon.colcon_core.shell:Skip shell extension 'powershell' for command environment: Not usable outside of PowerShell
[4.464s] DEBUG:colcon.colcon_core.shell:Skip shell extension 'dsv' for command environment
[4.481s] DEBUG:colcon.colcon_core.shell:Ignoring prefix path '/opt/ros/foxy'
[7.862s] INFO:colcon.colcon_core.task.python.build:Building Python package in '/home/user/ros2_ws/src/wallfollow_pkg'
[7.865s] INFO:colcon.colcon_core.shell:Skip shell extension 'powershell' for command environment: Not usable outside of PowerShell
[7.865s] DEBUG:colcon.colcon_core.shell:Skip shell extension 'dsv' for command environment
[7.879s] DEBUG:colcon.colcon_core.shell:Ignoring prefix path '/opt/ros/foxy'
[7.987s] DEBUG:colcon.colcon_core.event_handler.log_command:Invoking command in '/home/user/ros2_ws/src/wallfollow_pkg': PYTHONPATH=/home/user/ros2_ws/install/wallfollow_pkg/lib/python3.8/site-packages:${PYTHONPATH} _=/usr/bin/env /usr/bin/python3 setup.py egg_info --egg-base ../../build/wallfollow_pkg build --build-base /home/user/ros2_ws/build/wallfollow_pkg/build install --prefix /home/user/ros2_ws/install/wallfollow_pkg --record /home/user/ros2_ws/build/wallfollow_pkg/install.log --single-version-externally-managed
[11.096s] DEBUG:colcon.colcon_core.event_handler.log_command:Invoked command in '/home/user/ros2_ws/src/wallfollow_pkg' returned '0': PYTHONPATH=/home/user/ros2_ws/install/wallfollow_pkg/lib/python3.8/site-packages:${PYTHONPATH} _=/usr/bin/env /usr/bin/python3 setup.py egg_info --egg-base ../../build/wallfollow_pkg build --build-base /home/user/ros2_ws/build/wallfollow_pkg/build install --prefix /home/user/ros2_ws/install/wallfollow_pkg --record /home/user/ros2_ws/build/wallfollow_pkg/install.log --single-version-externally-managed
[11.109s] Level 1:colcon.colcon_core.environment:checking '/home/user/ros2_ws/install/wallfollow_pkg' for CMake module files
[11.111s] Level 1:colcon.colcon_core.environment:checking '/home/user/ros2_ws/install/wallfollow_pkg' for CMake config files
[11.113s] Level 1:colcon.colcon_core.environment:checking '/home/user/ros2_ws/install/wallfollow_pkg/lib'
[11.114s] Level 1:colcon.colcon_core.environment:checking '/home/user/ros2_ws/install/wallfollow_pkg/bin'
[11.114s] Level 1:colcon.colcon_core.environment:checking '/home/user/ros2_ws/install/wallfollow_pkg/lib/pkgconfig/wallfollow_pkg.pc'
[11.114s] Level 1:colcon.colcon_core.environment:checking '/home/user/ros2_ws/install/wallfollow_pkg/lib/python3.8/site-packages'
[11.115s] Level 1:colcon.colcon_core.shell:create_environment_hook('wallfollow_pkg', 'pythonpath')
[11.123s] INFO:colcon.colcon_core.shell:Creating environment hook '/home/user/ros2_ws/install/wallfollow_pkg/share/wallfollow_pkg/hook/pythonpath.ps1'
[11.125s] INFO:colcon.colcon_core.shell:Creating environment descriptor '/home/user/ros2_ws/install/wallfollow_pkg/share/wallfollow_pkg/hook/pythonpath.dsv'
[11.126s] INFO:colcon.colcon_core.shell:Creating environment hook '/home/user/ros2_ws/install/wallfollow_pkg/share/wallfollow_pkg/hook/pythonpath.sh'
[11.127s] Level 1:colcon.colcon_core.environment:create_environment_scripts_only(wallfollow_pkg)
[11.128s] INFO:colcon.colcon_core.shell:Creating package script '/home/user/ros2_ws/install/wallfollow_pkg/share/wallfollow_pkg/package.ps1'
[11.134s] INFO:colcon.colcon_core.shell:Creating package descriptor '/home/user/ros2_ws/install/wallfollow_pkg/share/wallfollow_pkg/package.dsv'
[11.136s] INFO:colcon.colcon_core.shell:Creating package script '/home/user/ros2_ws/install/wallfollow_pkg/share/wallfollow_pkg/package.sh'
[11.138s] INFO:colcon.colcon_core.shell:Creating package script '/home/user/ros2_ws/install/wallfollow_pkg/share/wallfollow_pkg/package.bash'
[11.142s] INFO:colcon.colcon_core.shell:Creating package script '/home/user/ros2_ws/install/wallfollow_pkg/share/wallfollow_pkg/package.zsh'
[11.144s] Level 1:colcon.colcon_core.environment:create_file_with_runtime_dependencies(/home/user/ros2_ws/install/wallfollow_pkg/share/colcon-core/packages/wallfollow_pkg)
[11.149s] DEBUG:colcon.colcon_parallel_executor.executor.parallel:closing loop
[11.149s] DEBUG:colcon.colcon_parallel_executor.executor.parallel:loop closed
[11.149s] DEBUG:colcon.colcon_parallel_executor.executor.parallel:run_until_complete finished with '0'
[11.149s] DEBUG:colcon.colcon_core.event_reactor:joining thread
[11.205s] INFO:colcon.colcon_core.plugin_system:Skipping extension 'colcon_notification.desktop_notification.notify_send': Could not find 'notify-send'
[11.206s] INFO:colcon.colcon_core.plugin_system:Skipping extension 'colcon_notification.desktop_notification.terminal_notifier': Not used on non-Darwin systems
[11.206s] INFO:colcon.colcon_core.plugin_system:Skipping extension 'colcon_notification.desktop_notification.win32': Not used on non-Windows systems
[11.206s] INFO:colcon.colcon_notification.desktop_notification:Sending desktop notification using 'notify2'
[11.293s] DEBUG:colcon.colcon_notification.desktop_notification.notify2:Failed to initialize notify2: org.freedesktop.DBus.Error.ServiceUnknown: The name org.freedesktop.Notifications was not provided by any .service files
[11.294s] DEBUG:colcon.colcon_core.event_reactor:joined thread
[11.320s] INFO:colcon.colcon_core.shell:Creating prefix script '/home/user/ros2_ws/install/local_setup.ps1'
[11.356s] INFO:colcon.colcon_core.shell:Creating prefix util module '/home/user/ros2_ws/install/_local_setup_util_ps1.py'
[11.398s] INFO:colcon.colcon_core.shell:Creating prefix chain script '/home/user/ros2_ws/install/setup.ps1'
[11.456s] INFO:colcon.colcon_core.shell:Creating prefix script '/home/user/ros2_ws/install/local_setup.sh'
[11.459s] INFO:colcon.colcon_core.shell:Creating prefix util module '/home/user/ros2_ws/install/_local_setup_util_sh.py'
[11.460s] INFO:colcon.colcon_core.shell:Creating prefix chain script '/home/user/ros2_ws/install/setup.sh'
[11.468s] INFO:colcon.colcon_core.shell:Creating prefix script '/home/user/ros2_ws/install/local_setup.bash'
[11.469s] INFO:colcon.colcon_core.shell:Creating prefix chain script '/home/user/ros2_ws/install/setup.bash'
[11.474s] INFO:colcon.colcon_core.shell:Creating prefix script '/home/user/ros2_ws/install/local_setup.zsh'
[11.476s] INFO:colcon.colcon_core.shell:Creating prefix chain script '/home/user/ros2_ws/install/setup.zsh'
