[2.612s] Invoking command in '/home/user/ros2_ws/src/wallfollow_pkg': PYTHONPATH=/home/user/ros2_ws/install/wallfollow_pkg/lib/python3.8/site-packages:${PYTHONPATH} _=/usr/bin/env /usr/bin/python3 setup.py egg_info --egg-base ../../build/wallfollow_pkg build --build-base /home/user/ros2_ws/build/wallfollow_pkg/build install --prefix /home/user/ros2_ws/install/wallfollow_pkg --record /home/user/ros2_ws/build/wallfollow_pkg/install.log --single-version-externally-managed
[5.140s] running egg_info
[5.197s] writing ../../build/wallfollow_pkg/wallfollow_pkg.egg-info/PKG-INFO
[5.197s] writing dependency_links to ../../build/wallfollow_pkg/wallfollow_pkg.egg-info/dependency_links.txt
[5.197s] writing entry points to ../../build/wallfollow_pkg/wallfollow_pkg.egg-info/entry_points.txt
[5.198s] writing requirements to ../../build/wallfollow_pkg/wallfollow_pkg.egg-info/requires.txt
[5.198s] writing top-level names to ../../build/wallfollow_pkg/wallfollow_pkg.egg-info/top_level.txt
[5.446s] reading manifest file '../../build/wallfollow_pkg/wallfollow_pkg.egg-info/SOURCES.txt'
[5.451s] writing manifest file '../../build/wallfollow_pkg/wallfollow_pkg.egg-info/SOURCES.txt'
[5.451s] running build
[5.451s] running build_py
[5.457s] copying wallfollow_pkg/find_wall_server.py -> /home/user/ros2_ws/build/wallfollow_pkg/build/lib/wallfollow_pkg
[5.458s] running install
[5.459s] running install_lib
[5.466s] copying /home/user/ros2_ws/build/wallfollow_pkg/build/lib/wallfollow_pkg/find_wall_server.py -> /home/user/ros2_ws/install/wallfollow_pkg/lib/python3.8/site-packages/wallfollow_pkg
[5.467s] byte-compiling /home/user/ros2_ws/install/wallfollow_pkg/lib/python3.8/site-packages/wallfollow_pkg/find_wall_server.py to find_wall_server.cpython-38.pyc
[5.477s] running install_data
[5.495s] running install_egg_info
[5.500s] removing '/home/user/ros2_ws/install/wallfollow_pkg/lib/python3.8/site-packages/wallfollow_pkg-0.0.0-py3.8.egg-info' (and everything under it)
[5.504s] Copying ../../build/wallfollow_pkg/wallfollow_pkg.egg-info to /home/user/ros2_ws/install/wallfollow_pkg/lib/python3.8/site-packages/wallfollow_pkg-0.0.0-py3.8.egg-info
[5.508s] running install_scripts
[5.632s] Installing find_wall_client script to /home/user/ros2_ws/install/wallfollow_pkg/lib/wallfollow_pkg
[5.694s] Installing find_wall_server script to /home/user/ros2_ws/install/wallfollow_pkg/lib/wallfollow_pkg
[5.703s] Installing wallfollow script to /home/user/ros2_ws/install/wallfollow_pkg/lib/wallfollow_pkg
[5.703s] writing list of installed files to '/home/user/ros2_ws/build/wallfollow_pkg/install.log'
[5.818s] Invoked command in '/home/user/ros2_ws/src/wallfollow_pkg' returned '0': PYTHONPATH=/home/user/ros2_ws/install/wallfollow_pkg/lib/python3.8/site-packages:${PYTHONPATH} _=/usr/bin/env /usr/bin/python3 setup.py egg_info --egg-base ../../build/wallfollow_pkg build --build-base /home/user/ros2_ws/build/wallfollow_pkg/build install --prefix /home/user/ros2_ws/install/wallfollow_pkg --record /home/user/ros2_ws/build/wallfollow_pkg/install.log --single-version-externally-managed
