[3.590s] Invoking command in '/home/user/ros2_ws/src/find_wall_pkg': PYTHONPATH=/home/user/ros2_ws/install/find_wall_pkg/lib/python3.8/site-packages:${PYTHONPATH} _=/usr/bin/env /usr/bin/python3 setup.py egg_info --egg-base ../../build/find_wall_pkg build --build-base /home/user/ros2_ws/build/find_wall_pkg/build install --prefix /home/user/ros2_ws/install/find_wall_pkg --record /home/user/ros2_ws/build/find_wall_pkg/install.log --single-version-externally-managed
[5.589s] running egg_info
[5.589s] writing ../../build/find_wall_pkg/find_wall_pkg.egg-info/PKG-INFO
[5.590s] writing dependency_links to ../../build/find_wall_pkg/find_wall_pkg.egg-info/dependency_links.txt
[5.590s] writing entry points to ../../build/find_wall_pkg/find_wall_pkg.egg-info/entry_points.txt
[5.591s] writing requirements to ../../build/find_wall_pkg/find_wall_pkg.egg-info/requires.txt
[5.591s] writing top-level names to ../../build/find_wall_pkg/find_wall_pkg.egg-info/top_level.txt
[5.791s] reading manifest file '../../build/find_wall_pkg/find_wall_pkg.egg-info/SOURCES.txt'
[5.797s] writing manifest file '../../build/find_wall_pkg/find_wall_pkg.egg-info/SOURCES.txt'
[5.798s] running build
[5.798s] running build_py
[5.804s] copying find_wall_pkg/find_wall.py -> /home/user/ros2_ws/build/find_wall_pkg/build/lib/find_wall_pkg
[5.805s] running install
[5.808s] running install_lib
[5.815s] copying /home/user/ros2_ws/build/find_wall_pkg/build/lib/find_wall_pkg/find_wall.py -> /home/user/ros2_ws/install/find_wall_pkg/lib/python3.8/site-packages/find_wall_pkg
[5.819s] byte-compiling /home/user/ros2_ws/install/find_wall_pkg/lib/python3.8/site-packages/find_wall_pkg/find_wall.py to find_wall.cpython-38.pyc
[5.865s] running install_data
[5.867s] running install_egg_info
[5.871s] removing '/home/user/ros2_ws/install/find_wall_pkg/lib/python3.8/site-packages/find_wall_pkg-0.0.0-py3.8.egg-info' (and everything under it)
[5.880s] Copying ../../build/find_wall_pkg/find_wall_pkg.egg-info to /home/user/ros2_ws/install/find_wall_pkg/lib/python3.8/site-packages/find_wall_pkg-0.0.0-py3.8.egg-info
[5.885s] running install_scripts
[5.974s] Installing find_wall script to /home/user/ros2_ws/install/find_wall_pkg/lib/find_wall_pkg
[5.976s] writing list of installed files to '/home/user/ros2_ws/build/find_wall_pkg/install.log'
[6.079s] Invoked command in '/home/user/ros2_ws/src/find_wall_pkg' returned '0': PYTHONPATH=/home/user/ros2_ws/install/find_wall_pkg/lib/python3.8/site-packages:${PYTHONPATH} _=/usr/bin/env /usr/bin/python3 setup.py egg_info --egg-base ../../build/find_wall_pkg build --build-base /home/user/ros2_ws/build/find_wall_pkg/build install --prefix /home/user/ros2_ws/install/find_wall_pkg --record /home/user/ros2_ws/build/find_wall_pkg/install.log --single-version-externally-managed
