[3.418s] DEBUG:colcon:Command line arguments: ['/usr/bin/colcon', 'build', '--packages-select', 'find_wall_pkg']
[3.427s] DEBUG:colcon:Parsed command line arguments: Namespace(ament_cmake_args=None, base_paths=['.'], build_base='build', catkin_cmake_args=None, catkin_skip_building_tests=False, cmake_args=None, cmake_clean_cache=False, cmake_clean_first=False, cmake_force_configure=False, cmake_target=None, cmake_target_skip_unavailable=False, continue_on_error=False, event_handlers=None, executor='parallel', ignore_user_meta=False, install_base='install', log_base=None, log_level=None, main=<bound method BuildVerb.main of <colcon_core.verb.build.BuildVerb object at 0x7f6281f357c0>>, merge_install=False, metas=['./colcon.meta'], packages_above=None, packages_above_and_dependencies=None, packages_above_depth=None, packages_end=None, packages_ignore=None, packages_ignore_regex=None, packages_select=['find_wall_pkg'], packages_select_build_failed=False, packages_select_by_dep=None, packages_select_regex=None, packages_select_test_failures=False, packages_skip=None, packages_skip_build_finished=False, packages_skip_by_dep=None, packages_skip_regex=None, packages_skip_test_passed=False, packages_skip_up_to=None, packages_start=None, packages_up_to=None, packages_up_to_regex=None, parallel_workers=8, paths=None, symlink_install=False, test_result_base=None, verb_extension=<colcon_core.verb.build.BuildVerb object at 0x7f6281f357c0>, verb_name='build', verb_parser=<colcon_defaults.argument_parser.defaults.DefaultArgumentsDecorator object at 0x7f6281f35d30>)
[3.449s] Level 1:colcon.colcon_core.package_discovery:discover_packages(colcon_meta) check parameters
[3.450s] Level 1:colcon.colcon_core.package_discovery:discover_packages(recursive) check parameters
[3.450s] Level 1:colcon.colcon_core.package_discovery:discover_packages(ignore) check parameters
[3.450s] Level 1:colcon.colcon_core.package_discovery:discover_packages(path) check parameters
[3.450s] Level 1:colcon.colcon_core.package_discovery:discover_packages(colcon_meta) discover
[3.450s] Level 1:colcon.colcon_core.package_discovery:discover_packages(recursive) discover
[3.450s] INFO:colcon.colcon_core.package_discovery:Crawling recursively for packages in '/home/user/ros2_ws'
[3.450s] Level 1:colcon.colcon_core.package_identification:_identify(.) by extensions ['ignore', 'ignore_ament_install']
[3.451s] Level 1:colcon.colcon_core.package_identification:_identify(.) by extension 'ignore'
[3.451s] Level 1:colcon.colcon_core.package_identification:_identify(.) by extension 'ignore_ament_install'
[3.451s] Level 1:colcon.colcon_core.package_identification:_identify(.) by extensions ['colcon_pkg']
[3.451s] Level 1:colcon.colcon_core.package_identification:_identify(.) by extension 'colcon_pkg'
[3.453s] Level 1:colcon.colcon_core.package_identification:_identify(.) by extensions ['colcon_meta']
[3.453s] Level 1:colcon.colcon_core.package_identification:_identify(.) by extension 'colcon_meta'
[3.453s] Level 1:colcon.colcon_core.package_identification:_identify(.) by extensions ['ros']
[3.453s] Level 1:colcon.colcon_core.package_identification:_identify(.) by extension 'ros'
[3.534s] Level 1:colcon.colcon_core.package_identification:_identify(.) by extensions ['cmake', 'python']
[3.534s] Level 1:colcon.colcon_core.package_identification:_identify(.) by extension 'cmake'
[3.534s] Level 1:colcon.colcon_core.package_identification:_identify(.) by extension 'python'
[3.534s] Level 1:colcon.colcon_core.package_identification:_identify(.) by extensions ['python_setup_py']
[3.534s] Level 1:colcon.colcon_core.package_identification:_identify(.) by extension 'python_setup_py'
[3.535s] Level 1:colcon.colcon_core.package_identification:_identify(build) by extensions ['ignore', 'ignore_ament_install']
[3.535s] Level 1:colcon.colcon_core.package_identification:_identify(build) by extension 'ignore'
[3.535s] Level 1:colcon.colcon_core.package_identification:_identify(build) ignored
[3.535s] Level 1:colcon.colcon_core.package_identification:_identify(install) by extensions ['ignore', 'ignore_ament_install']
[3.535s] Level 1:colcon.colcon_core.package_identification:_identify(install) by extension 'ignore'
[3.536s] Level 1:colcon.colcon_core.package_identification:_identify(install) ignored
[3.536s] Level 1:colcon.colcon_core.package_identification:_identify(log) by extensions ['ignore', 'ignore_ament_install']
[3.536s] Level 1:colcon.colcon_core.package_identification:_identify(log) by extension 'ignore'
[3.536s] Level 1:colcon.colcon_core.package_identification:_identify(log) ignored
[3.537s] Level 1:colcon.colcon_core.package_identification:_identify(src) by extensions ['ignore', 'ignore_ament_install']
[3.537s] Level 1:colcon.colcon_core.package_identification:_identify(src) by extension 'ignore'
[3.537s] Level 1:colcon.colcon_core.package_identification:_identify(src) by extension 'ignore_ament_install'
[3.537s] Level 1:colcon.colcon_core.package_identification:_identify(src) by extensions ['colcon_pkg']
[3.537s] Level 1:colcon.colcon_core.package_identification:_identify(src) by extension 'colcon_pkg'
[3.538s] Level 1:colcon.colcon_core.package_identification:_identify(src) by extensions ['colcon_meta']
[3.538s] Level 1:colcon.colcon_core.package_identification:_identify(src) by extension 'colcon_meta'
[3.538s] Level 1:colcon.colcon_core.package_identification:_identify(src) by extensions ['ros']
[3.538s] Level 1:colcon.colcon_core.package_identification:_identify(src) by extension 'ros'
[3.538s] Level 1:colcon.colcon_core.package_identification:_identify(src) by extensions ['cmake', 'python']
[3.538s] Level 1:colcon.colcon_core.package_identification:_identify(src) by extension 'cmake'
[3.541s] Level 1:colcon.colcon_core.package_identification:_identify(src) by extension 'python'
[3.541s] DEBUG:colcon.colcon_core.package_identification:Package 'src' with type 'cmake' and name 'find_wall'
[3.541s] Level 1:colcon.colcon_core.package_discovery:discover_packages(recursive) using defaults
[3.542s] Level 1:colcon.colcon_core.package_discovery:discover_packages(ignore) discover
[3.542s] Level 1:colcon.colcon_core.package_discovery:discover_packages(ignore) using defaults
[3.542s] Level 1:colcon.colcon_core.package_discovery:discover_packages(path) discover
[3.542s] Level 1:colcon.colcon_core.package_discovery:discover_packages(path) using defaults
[3.590s] WARNING:colcon.colcon_core.package_selection:ignoring unknown package 'find_wall_pkg' in --packages-select
[3.742s] INFO:colcon.colcon_core.package_selection:Skipping not selected package 'find_wall' in 'src'
[3.743s] INFO:colcon.colcon_core.executor:Executing jobs using 'parallel' executor
[3.825s] DEBUG:colcon.colcon_parallel_executor.executor.parallel:run_until_complete
[3.825s] DEBUG:colcon.colcon_parallel_executor.executor.parallel:closing loop
[3.825s] DEBUG:colcon.colcon_parallel_executor.executor.parallel:loop closed
[3.825s] DEBUG:colcon.colcon_parallel_executor.executor.parallel:run_until_complete finished with '0'
[3.825s] DEBUG:colcon.colcon_core.event_reactor:joining thread
[3.893s] INFO:colcon.colcon_core.plugin_system:Skipping extension 'colcon_notification.desktop_notification.notify_send': Could not find 'notify-send'
[3.893s] INFO:colcon.colcon_core.plugin_system:Skipping extension 'colcon_notification.desktop_notification.terminal_notifier': Not used on non-Darwin systems
[3.894s] INFO:colcon.colcon_core.plugin_system:Skipping extension 'colcon_notification.desktop_notification.win32': Not used on non-Windows systems
[3.894s] INFO:colcon.colcon_notification.desktop_notification:Sending desktop notification using 'notify2'
[3.940s] DEBUG:colcon.colcon_notification.desktop_notification.notify2:Failed to initialize notify2: org.freedesktop.DBus.Error.ServiceUnknown: The name org.freedesktop.Notifications was not provided by any .service files
[3.944s] DEBUG:colcon.colcon_core.event_reactor:joined thread
[3.953s] INFO:colcon.colcon_core.plugin_system:Skipping extension 'colcon_core.shell.bat': Not used on non-Windows systems
[3.953s] INFO:colcon.colcon_core.shell:Creating prefix script '/home/user/ros2_ws/install/local_setup.ps1'
[3.955s] INFO:colcon.colcon_core.shell:Creating prefix util module '/home/user/ros2_ws/install/_local_setup_util_ps1.py'
[3.994s] INFO:colcon.colcon_core.shell:Creating prefix chain script '/home/user/ros2_ws/install/setup.ps1'
[4.022s] INFO:colcon.colcon_core.shell:Creating prefix script '/home/user/ros2_ws/install/local_setup.sh'
[4.028s] INFO:colcon.colcon_core.shell:Creating prefix util module '/home/user/ros2_ws/install/_local_setup_util_sh.py'
[4.035s] INFO:colcon.colcon_core.shell:Creating prefix chain script '/home/user/ros2_ws/install/setup.sh'
[4.127s] INFO:colcon.colcon_core.shell:Creating prefix script '/home/user/ros2_ws/install/local_setup.bash'
[4.138s] INFO:colcon.colcon_core.shell:Creating prefix chain script '/home/user/ros2_ws/install/setup.bash'
[4.201s] INFO:colcon.colcon_core.shell:Creating prefix script '/home/user/ros2_ws/install/local_setup.zsh'
[4.205s] INFO:colcon.colcon_core.shell:Creating prefix chain script '/home/user/ros2_ws/install/setup.zsh'
