[3.408s] Invoking command in '/home/user/ros2_ws/src/wallfollow_pkg': PYTHONPATH=/home/user/ros2_ws/install/wallfollow_pkg/lib/python3.8/site-packages:${PYTHONPATH} _=/usr/bin/env /usr/bin/python3 setup.py egg_info --egg-base ../../build/wallfollow_pkg build --build-base /home/user/ros2_ws/build/wallfollow_pkg/build install --prefix /home/user/ros2_ws/install/wallfollow_pkg --record /home/user/ros2_ws/build/wallfollow_pkg/install.log --single-version-externally-managed
[6.705s] running egg_info
[6.711s] writing ../../build/wallfollow_pkg/wallfollow_pkg.egg-info/PKG-INFO
[6.711s] writing dependency_links to ../../build/wallfollow_pkg/wallfollow_pkg.egg-info/dependency_links.txt
[6.770s] writing entry points to ../../build/wallfollow_pkg/wallfollow_pkg.egg-info/entry_points.txt
[6.770s] writing requirements to ../../build/wallfollow_pkg/wallfollow_pkg.egg-info/requires.txt
[6.771s] writing top-level names to ../../build/wallfollow_pkg/wallfollow_pkg.egg-info/top_level.txt
[7.099s] reading manifest file '../../build/wallfollow_pkg/wallfollow_pkg.egg-info/SOURCES.txt'
[7.099s] writing manifest file '../../build/wallfollow_pkg/wallfollow_pkg.egg-info/SOURCES.txt'
[7.100s] running build
[7.100s] running build_py
[7.101s] copying wallfollow_pkg/find_wall_server.py -> /home/user/ros2_ws/build/wallfollow_pkg/build/lib/wallfollow_pkg
[7.102s] running install
[7.106s] running install_lib
[7.109s] copying /home/user/ros2_ws/build/wallfollow_pkg/build/lib/wallfollow_pkg/find_wall_server.py -> /home/user/ros2_ws/install/wallfollow_pkg/lib/python3.8/site-packages/wallfollow_pkg
[7.111s] byte-compiling /home/user/ros2_ws/install/wallfollow_pkg/lib/python3.8/site-packages/wallfollow_pkg/find_wall_server.py to find_wall_server.cpython-38.pyc
[7.113s] running install_data
[7.170s] running install_egg_info
[7.174s] removing '/home/user/ros2_ws/install/wallfollow_pkg/lib/python3.8/site-packages/wallfollow_pkg-0.0.0-py3.8.egg-info' (and everything under it)
[7.175s] Copying ../../build/wallfollow_pkg/wallfollow_pkg.egg-info to /home/user/ros2_ws/install/wallfollow_pkg/lib/python3.8/site-packages/wallfollow_pkg-0.0.0-py3.8.egg-info
[7.178s] running install_scripts
[7.297s] Installing find_wall_client script to /home/user/ros2_ws/install/wallfollow_pkg/lib/wallfollow_pkg
[7.308s] Installing find_wall_server script to /home/user/ros2_ws/install/wallfollow_pkg/lib/wallfollow_pkg
[7.309s] Installing wallfollow script to /home/user/ros2_ws/install/wallfollow_pkg/lib/wallfollow_pkg
[7.309s] writing list of installed files to '/home/user/ros2_ws/build/wallfollow_pkg/install.log'
[7.503s] Invoked command in '/home/user/ros2_ws/src/wallfollow_pkg' returned '0': PYTHONPATH=/home/user/ros2_ws/install/wallfollow_pkg/lib/python3.8/site-packages:${PYTHONPATH} _=/usr/bin/env /usr/bin/python3 setup.py egg_info --egg-base ../../build/wallfollow_pkg build --build-base /home/user/ros2_ws/build/wallfollow_pkg/build install --prefix /home/user/ros2_ws/install/wallfollow_pkg --record /home/user/ros2_ws/build/wallfollow_pkg/install.log --single-version-externally-managed
