[3.681s] Invoking command in '/home/user/ros2_ws/src/wallfollow_pkg': PYTHONPATH=/home/user/ros2_ws/install/wallfollow_pkg/lib/python3.8/site-packages:${PYTHONPATH} _=/usr/bin/env /usr/bin/python3 setup.py egg_info --egg-base ../../build/wallfollow_pkg build --build-base /home/user/ros2_ws/build/wallfollow_pkg/build install --prefix /home/user/ros2_ws/install/wallfollow_pkg --record /home/user/ros2_ws/build/wallfollow_pkg/install.log --single-version-externally-managed
[6.702s] running egg_info
[6.713s] writing ../../build/wallfollow_pkg/wallfollow_pkg.egg-info/PKG-INFO
[6.714s] writing dependency_links to ../../build/wallfollow_pkg/wallfollow_pkg.egg-info/dependency_links.txt
[6.714s] writing entry points to ../../build/wallfollow_pkg/wallfollow_pkg.egg-info/entry_points.txt
[6.715s] writing requirements to ../../build/wallfollow_pkg/wallfollow_pkg.egg-info/requires.txt
[6.716s] writing top-level names to ../../build/wallfollow_pkg/wallfollow_pkg.egg-info/top_level.txt
[7.127s] reading manifest file '../../build/wallfollow_pkg/wallfollow_pkg.egg-info/SOURCES.txt'
[7.171s] writing manifest file '../../build/wallfollow_pkg/wallfollow_pkg.egg-info/SOURCES.txt'
[7.172s] running build
[7.172s] running build_py
[7.173s] copying wallfollow_pkg/find_wall_server.py -> /home/user/ros2_ws/build/wallfollow_pkg/build/lib/wallfollow_pkg
[7.173s] running install
[7.173s] running install_lib
[7.173s] copying /home/user/ros2_ws/build/wallfollow_pkg/build/lib/wallfollow_pkg/find_wall_server.py -> /home/user/ros2_ws/install/wallfollow_pkg/lib/python3.8/site-packages/wallfollow_pkg
[7.174s] byte-compiling /home/user/ros2_ws/install/wallfollow_pkg/lib/python3.8/site-packages/wallfollow_pkg/find_wall_server.py to find_wall_server.cpython-38.pyc
[7.174s] running install_data
[7.174s] running install_egg_info
[7.174s] removing '/home/user/ros2_ws/install/wallfollow_pkg/lib/python3.8/site-packages/wallfollow_pkg-0.0.0-py3.8.egg-info' (and everything under it)
[7.175s] Copying ../../build/wallfollow_pkg/wallfollow_pkg.egg-info to /home/user/ros2_ws/install/wallfollow_pkg/lib/python3.8/site-packages/wallfollow_pkg-0.0.0-py3.8.egg-info
[7.187s] running install_scripts
[7.313s] Installing find_wall_client script to /home/user/ros2_ws/install/wallfollow_pkg/lib/wallfollow_pkg
[7.314s] Installing find_wall_server script to /home/user/ros2_ws/install/wallfollow_pkg/lib/wallfollow_pkg
[7.314s] Installing wallfollow script to /home/user/ros2_ws/install/wallfollow_pkg/lib/wallfollow_pkg
[7.314s] writing list of installed files to '/home/user/ros2_ws/build/wallfollow_pkg/install.log'
[7.404s] Invoked command in '/home/user/ros2_ws/src/wallfollow_pkg' returned '0': PYTHONPATH=/home/user/ros2_ws/install/wallfollow_pkg/lib/python3.8/site-packages:${PYTHONPATH} _=/usr/bin/env /usr/bin/python3 setup.py egg_info --egg-base ../../build/wallfollow_pkg build --build-base /home/user/ros2_ws/build/wallfollow_pkg/build install --prefix /home/user/ros2_ws/install/wallfollow_pkg --record /home/user/ros2_ws/build/wallfollow_pkg/install.log --single-version-externally-managed
