[3.678s] DEBUG:colcon:Command line arguments: ['/usr/bin/colcon', 'build', '--packages-select', 'find_wall_pkg']
[3.678s] DEBUG:colcon:Parsed command line arguments: Namespace(ament_cmake_args=None, base_paths=['.'], build_base='build', catkin_cmake_args=None, catkin_skip_building_tests=False, cmake_args=None, cmake_clean_cache=False, cmake_clean_first=False, cmake_force_configure=False, cmake_target=None, cmake_target_skip_unavailable=False, continue_on_error=False, event_handlers=None, executor='parallel', ignore_user_meta=False, install_base='install', log_base=None, log_level=None, main=<bound method BuildVerb.main of <colcon_core.verb.build.BuildVerb object at 0x7f6d2c4ca7c0>>, merge_install=False, metas=['./colcon.meta'], packages_above=None, packages_above_and_dependencies=None, packages_above_depth=None, packages_end=None, packages_ignore=None, packages_ignore_regex=None, packages_select=['find_wall_pkg'], packages_select_build_failed=False, packages_select_by_dep=None, packages_select_regex=None, packages_select_test_failures=False, packages_skip=None, packages_skip_build_finished=False, packages_skip_by_dep=None, packages_skip_regex=None, packages_skip_test_passed=False, packages_skip_up_to=None, packages_start=None, packages_up_to=None, packages_up_to_regex=None, parallel_workers=8, paths=None, symlink_install=False, test_result_base=None, verb_extension=<colcon_core.verb.build.BuildVerb object at 0x7f6d2c4ca7c0>, verb_name='build', verb_parser=<colcon_defaults.argument_parser.defaults.DefaultArgumentsDecorator object at 0x7f6d2c4cad30>)
[3.697s] Level 1:colcon.colcon_core.package_discovery:discover_packages(colcon_meta) check parameters
[3.697s] Level 1:colcon.colcon_core.package_discovery:discover_packages(recursive) check parameters
[3.697s] Level 1:colcon.colcon_core.package_discovery:discover_packages(ignore) check parameters
[3.698s] Level 1:colcon.colcon_core.package_discovery:discover_packages(path) check parameters
[3.698s] Level 1:colcon.colcon_core.package_discovery:discover_packages(colcon_meta) discover
[3.698s] Level 1:colcon.colcon_core.package_discovery:discover_packages(recursive) discover
[3.698s] INFO:colcon.colcon_core.package_discovery:Crawling recursively for packages in '/home/user/ros2_ws'
[3.699s] Level 1:colcon.colcon_core.package_identification:_identify(.) by extensions ['ignore', 'ignore_ament_install']
[3.699s] Level 1:colcon.colcon_core.package_identification:_identify(.) by extension 'ignore'
[3.699s] Level 1:colcon.colcon_core.package_identification:_identify(.) by extension 'ignore_ament_install'
[3.699s] Level 1:colcon.colcon_core.package_identification:_identify(.) by extensions ['colcon_pkg']
[3.699s] Level 1:colcon.colcon_core.package_identification:_identify(.) by extension 'colcon_pkg'
[3.699s] Level 1:colcon.colcon_core.package_identification:_identify(.) by extensions ['colcon_meta']
[3.699s] Level 1:colcon.colcon_core.package_identification:_identify(.) by extension 'colcon_meta'
[3.700s] Level 1:colcon.colcon_core.package_identification:_identify(.) by extensions ['ros']
[3.700s] Level 1:colcon.colcon_core.package_identification:_identify(.) by extension 'ros'
[3.853s] Level 1:colcon.colcon_core.package_identification:_identify(.) by extensions ['cmake', 'python']
[3.853s] Level 1:colcon.colcon_core.package_identification:_identify(.) by extension 'cmake'
[3.853s] Level 1:colcon.colcon_core.package_identification:_identify(.) by extension 'python'
[3.853s] Level 1:colcon.colcon_core.package_identification:_identify(.) by extensions ['python_setup_py']
[3.853s] Level 1:colcon.colcon_core.package_identification:_identify(.) by extension 'python_setup_py'
[3.853s] Level 1:colcon.colcon_core.package_identification:_identify(build) by extensions ['ignore', 'ignore_ament_install']
[3.854s] Level 1:colcon.colcon_core.package_identification:_identify(build) by extension 'ignore'
[3.854s] Level 1:colcon.colcon_core.package_identification:_identify(build) ignored
[3.854s] Level 1:colcon.colcon_core.package_identification:_identify(install) by extensions ['ignore', 'ignore_ament_install']
[3.854s] Level 1:colcon.colcon_core.package_identification:_identify(install) by extension 'ignore'
[3.854s] Level 1:colcon.colcon_core.package_identification:_identify(install) ignored
[3.854s] Level 1:colcon.colcon_core.package_identification:_identify(log) by extensions ['ignore', 'ignore_ament_install']
[3.855s] Level 1:colcon.colcon_core.package_identification:_identify(log) by extension 'ignore'
[3.855s] Level 1:colcon.colcon_core.package_identification:_identify(log) ignored
[3.855s] Level 1:colcon.colcon_core.package_identification:_identify(src) by extensions ['ignore', 'ignore_ament_install']
[3.855s] Level 1:colcon.colcon_core.package_identification:_identify(src) by extension 'ignore'
[3.855s] Level 1:colcon.colcon_core.package_identification:_identify(src) by extension 'ignore_ament_install'
[3.855s] Level 1:colcon.colcon_core.package_identification:_identify(src) by extensions ['colcon_pkg']
[3.855s] Level 1:colcon.colcon_core.package_identification:_identify(src) by extension 'colcon_pkg'
[3.855s] Level 1:colcon.colcon_core.package_identification:_identify(src) by extensions ['colcon_meta']
[3.856s] Level 1:colcon.colcon_core.package_identification:_identify(src) by extension 'colcon_meta'
[3.856s] Level 1:colcon.colcon_core.package_identification:_identify(src) by extensions ['ros']
[3.856s] Level 1:colcon.colcon_core.package_identification:_identify(src) by extension 'ros'
[3.856s] Level 1:colcon.colcon_core.package_identification:_identify(src) by extensions ['cmake', 'python']
[3.856s] Level 1:colcon.colcon_core.package_identification:_identify(src) by extension 'cmake'
[3.868s] Level 1:colcon.colcon_core.package_identification:_identify(src) by extension 'python'
[3.868s] Level 1:colcon.colcon_core.package_identification:_identify(src) by extensions ['python_setup_py']
[3.868s] Level 1:colcon.colcon_core.package_identification:_identify(src) by extension 'python_setup_py'
[3.869s] Level 1:colcon.colcon_core.package_identification:_identify(src/find_wall_pkg) by extensions ['ignore', 'ignore_ament_install']
[3.869s] Level 1:colcon.colcon_core.package_identification:_identify(src/find_wall_pkg) by extension 'ignore'
[3.869s] Level 1:colcon.colcon_core.package_identification:_identify(src/find_wall_pkg) by extension 'ignore_ament_install'
[3.869s] Level 1:colcon.colcon_core.package_identification:_identify(src/find_wall_pkg) by extensions ['colcon_pkg']
[3.869s] Level 1:colcon.colcon_core.package_identification:_identify(src/find_wall_pkg) by extension 'colcon_pkg'
[3.869s] Level 1:colcon.colcon_core.package_identification:_identify(src/find_wall_pkg) by extensions ['colcon_meta']
[3.869s] Level 1:colcon.colcon_core.package_identification:_identify(src/find_wall_pkg) by extension 'colcon_meta'
[3.869s] Level 1:colcon.colcon_core.package_identification:_identify(src/find_wall_pkg) by extensions ['ros']
[3.870s] Level 1:colcon.colcon_core.package_identification:_identify(src/find_wall_pkg) by extension 'ros'
[3.883s] DEBUG:colcon.colcon_core.package_identification:Package 'src/find_wall_pkg' with type 'ros.ament_python' and name 'find_wall_pkg'
[3.883s] Level 1:colcon.colcon_core.package_identification:_identify(src/wallfollow_pkg) by extensions ['ignore', 'ignore_ament_install']
[3.883s] Level 1:colcon.colcon_core.package_identification:_identify(src/wallfollow_pkg) by extension 'ignore'
[3.883s] Level 1:colcon.colcon_core.package_identification:_identify(src/wallfollow_pkg) by extension 'ignore_ament_install'
[3.883s] Level 1:colcon.colcon_core.package_identification:_identify(src/wallfollow_pkg) by extensions ['colcon_pkg']
[3.883s] Level 1:colcon.colcon_core.package_identification:_identify(src/wallfollow_pkg) by extension 'colcon_pkg'
[3.883s] Level 1:colcon.colcon_core.package_identification:_identify(src/wallfollow_pkg) by extensions ['colcon_meta']
[3.883s] Level 1:colcon.colcon_core.package_identification:_identify(src/wallfollow_pkg) by extension 'colcon_meta'
[3.884s] Level 1:colcon.colcon_core.package_identification:_identify(src/wallfollow_pkg) by extensions ['ros']
[3.888s] Level 1:colcon.colcon_core.package_identification:_identify(src/wallfollow_pkg) by extension 'ros'
[3.890s] DEBUG:colcon.colcon_core.package_identification:Package 'src/wallfollow_pkg' with type 'ros.ament_python' and name 'wallfollow_pkg'
[3.890s] Level 1:colcon.colcon_core.package_discovery:discover_packages(recursive) using defaults
[3.890s] Level 1:colcon.colcon_core.package_discovery:discover_packages(ignore) discover
[3.890s] Level 1:colcon.colcon_core.package_discovery:discover_packages(ignore) using defaults
[3.890s] Level 1:colcon.colcon_core.package_discovery:discover_packages(path) discover
[3.890s] Level 1:colcon.colcon_core.package_discovery:discover_packages(path) using defaults
[4.074s] INFO:colcon.colcon_core.package_selection:Skipping not selected package 'wallfollow_pkg' in 'src/wallfollow_pkg'
[4.157s] Level 5:colcon.colcon_core.verb:set package 'find_wall_pkg' build argument 'cmake_args' from command line to 'None'
[4.157s] Level 5:colcon.colcon_core.verb:set package 'find_wall_pkg' build argument 'cmake_target' from command line to 'None'
[4.157s] Level 5:colcon.colcon_core.verb:set package 'find_wall_pkg' build argument 'cmake_target_skip_unavailable' from command line to 'False'
[4.157s] Level 5:colcon.colcon_core.verb:set package 'find_wall_pkg' build argument 'cmake_clean_cache' from command line to 'False'
[4.157s] Level 5:colcon.colcon_core.verb:set package 'find_wall_pkg' build argument 'cmake_clean_first' from command line to 'False'
[4.157s] Level 5:colcon.colcon_core.verb:set package 'find_wall_pkg' build argument 'cmake_force_configure' from command line to 'False'
[4.158s] Level 5:colcon.colcon_core.verb:set package 'find_wall_pkg' build argument 'ament_cmake_args' from command line to 'None'
[4.158s] Level 5:colcon.colcon_core.verb:set package 'find_wall_pkg' build argument 'catkin_cmake_args' from command line to 'None'
[4.158s] Level 5:colcon.colcon_core.verb:set package 'find_wall_pkg' build argument 'catkin_skip_building_tests' from command line to 'False'
[4.158s] DEBUG:colcon.colcon_core.verb:Building package 'find_wall_pkg' with the following arguments: {'ament_cmake_args': None, 'build_base': '/home/user/ros2_ws/build/find_wall_pkg', 'catkin_cmake_args': None, 'catkin_skip_building_tests': False, 'cmake_args': None, 'cmake_clean_cache': False, 'cmake_clean_first': False, 'cmake_force_configure': False, 'cmake_target': None, 'cmake_target_skip_unavailable': False, 'install_base': '/home/user/ros2_ws/install/find_wall_pkg', 'merge_install': False, 'path': '/home/user/ros2_ws/src/find_wall_pkg', 'symlink_install': False, 'test_result_base': None}
[4.159s] INFO:colcon.colcon_core.executor:Executing jobs using 'parallel' executor
[4.271s] DEBUG:colcon.colcon_parallel_executor.executor.parallel:run_until_complete
[4.272s] INFO:colcon.colcon_ros.task.ament_python.build:Building ROS package in '/home/user/ros2_ws/src/find_wall_pkg' with build type 'ament_python'
[4.272s] Level 1:colcon.colcon_core.shell:create_environment_hook('find_wall_pkg', 'ament_prefix_path')
[4.354s] INFO:colcon.colcon_core.plugin_system:Skipping extension 'colcon_core.shell.bat': Not used on non-Windows systems
[4.354s] INFO:colcon.colcon_core.shell:Creating environment hook '/home/user/ros2_ws/install/find_wall_pkg/share/find_wall_pkg/hook/ament_prefix_path.ps1'
[4.355s] INFO:colcon.colcon_core.shell:Creating environment descriptor '/home/user/ros2_ws/install/find_wall_pkg/share/find_wall_pkg/hook/ament_prefix_path.dsv'
[4.357s] INFO:colcon.colcon_core.shell:Creating environment hook '/home/user/ros2_ws/install/find_wall_pkg/share/find_wall_pkg/hook/ament_prefix_path.sh'
[4.372s] INFO:colcon.colcon_core.shell:Skip shell extension 'powershell' for command environment: Not usable outside of PowerShell
[4.372s] DEBUG:colcon.colcon_core.shell:Skip shell extension 'dsv' for command environment
[4.388s] DEBUG:colcon.colcon_core.shell:Ignoring prefix path '/opt/ros/foxy'
[7.276s] INFO:colcon.colcon_core.task.python.build:Building Python package in '/home/user/ros2_ws/src/find_wall_pkg'
[7.277s] INFO:colcon.colcon_core.shell:Skip shell extension 'powershell' for command environment: Not usable outside of PowerShell
[7.278s] DEBUG:colcon.colcon_core.shell:Skip shell extension 'dsv' for command environment
[7.282s] DEBUG:colcon.colcon_core.shell:Ignoring prefix path '/opt/ros/foxy'
[7.362s] DEBUG:colcon.colcon_core.event_handler.log_command:Invoking command in '/home/user/ros2_ws/src/find_wall_pkg': PYTHONPATH=/home/user/ros2_ws/install/find_wall_pkg/lib/python3.8/site-packages:${PYTHONPATH} _=/usr/bin/env /usr/bin/python3 setup.py egg_info --egg-base ../../build/find_wall_pkg build --build-base /home/user/ros2_ws/build/find_wall_pkg/build install --prefix /home/user/ros2_ws/install/find_wall_pkg --record /home/user/ros2_ws/build/find_wall_pkg/install.log --single-version-externally-managed
[10.869s] DEBUG:colcon.colcon_core.event_handler.log_command:Invoked command in '/home/user/ros2_ws/src/find_wall_pkg' returned '0': PYTHONPATH=/home/user/ros2_ws/install/find_wall_pkg/lib/python3.8/site-packages:${PYTHONPATH} _=/usr/bin/env /usr/bin/python3 setup.py egg_info --egg-base ../../build/find_wall_pkg build --build-base /home/user/ros2_ws/build/find_wall_pkg/build install --prefix /home/user/ros2_ws/install/find_wall_pkg --record /home/user/ros2_ws/build/find_wall_pkg/install.log --single-version-externally-managed
[10.877s] Level 1:colcon.colcon_core.environment:checking '/home/user/ros2_ws/install/find_wall_pkg' for CMake module files
[10.879s] Level 1:colcon.colcon_core.environment:checking '/home/user/ros2_ws/install/find_wall_pkg' for CMake config files
[10.881s] Level 1:colcon.colcon_core.environment:checking '/home/user/ros2_ws/install/find_wall_pkg/lib'
[10.882s] Level 1:colcon.colcon_core.environment:checking '/home/user/ros2_ws/install/find_wall_pkg/bin'
[10.882s] Level 1:colcon.colcon_core.environment:checking '/home/user/ros2_ws/install/find_wall_pkg/lib/pkgconfig/find_wall_pkg.pc'
[10.883s] Level 1:colcon.colcon_core.environment:checking '/home/user/ros2_ws/install/find_wall_pkg/lib/python3.8/site-packages'
[10.883s] Level 1:colcon.colcon_core.shell:create_environment_hook('find_wall_pkg', 'pythonpath')
[10.884s] INFO:colcon.colcon_core.shell:Creating environment hook '/home/user/ros2_ws/install/find_wall_pkg/share/find_wall_pkg/hook/pythonpath.ps1'
[10.966s] INFO:colcon.colcon_core.shell:Creating environment descriptor '/home/user/ros2_ws/install/find_wall_pkg/share/find_wall_pkg/hook/pythonpath.dsv'
[10.974s] INFO:colcon.colcon_core.shell:Creating environment hook '/home/user/ros2_ws/install/find_wall_pkg/share/find_wall_pkg/hook/pythonpath.sh'
[10.982s] Level 1:colcon.colcon_core.environment:create_environment_scripts_only(find_wall_pkg)
[11.002s] INFO:colcon.colcon_core.shell:Creating package script '/home/user/ros2_ws/install/find_wall_pkg/share/find_wall_pkg/package.ps1'
[11.061s] INFO:colcon.colcon_core.shell:Creating package descriptor '/home/user/ros2_ws/install/find_wall_pkg/share/find_wall_pkg/package.dsv'
[11.069s] INFO:colcon.colcon_core.shell:Creating package script '/home/user/ros2_ws/install/find_wall_pkg/share/find_wall_pkg/package.sh'
[11.080s] INFO:colcon.colcon_core.shell:Creating package script '/home/user/ros2_ws/install/find_wall_pkg/share/find_wall_pkg/package.bash'
[11.155s] INFO:colcon.colcon_core.shell:Creating package script '/home/user/ros2_ws/install/find_wall_pkg/share/find_wall_pkg/package.zsh'
[11.165s] Level 1:colcon.colcon_core.environment:create_file_with_runtime_dependencies(/home/user/ros2_ws/install/find_wall_pkg/share/colcon-core/packages/find_wall_pkg)
[11.175s] DEBUG:colcon.colcon_parallel_executor.executor.parallel:closing loop
[11.176s] DEBUG:colcon.colcon_parallel_executor.executor.parallel:loop closed
[11.176s] DEBUG:colcon.colcon_parallel_executor.executor.parallel:run_until_complete finished with '0'
[11.180s] DEBUG:colcon.colcon_core.event_reactor:joining thread
[11.258s] INFO:colcon.colcon_core.plugin_system:Skipping extension 'colcon_notification.desktop_notification.notify_send': Could not find 'notify-send'
[11.259s] INFO:colcon.colcon_core.plugin_system:Skipping extension 'colcon_notification.desktop_notification.terminal_notifier': Not used on non-Darwin systems
[11.259s] INFO:colcon.colcon_core.plugin_system:Skipping extension 'colcon_notification.desktop_notification.win32': Not used on non-Windows systems
[11.260s] INFO:colcon.colcon_notification.desktop_notification:Sending desktop notification using 'notify2'
[11.267s] DEBUG:colcon.colcon_notification.desktop_notification.notify2:Failed to initialize notify2: org.freedesktop.DBus.Error.ServiceUnknown: The name org.freedesktop.Notifications was not provided by any .service files
[11.267s] DEBUG:colcon.colcon_core.event_reactor:joined thread
[11.269s] INFO:colcon.colcon_core.shell:Creating prefix script '/home/user/ros2_ws/install/local_setup.ps1'
[11.271s] INFO:colcon.colcon_core.shell:Creating prefix util module '/home/user/ros2_ws/install/_local_setup_util_ps1.py'
[11.273s] INFO:colcon.colcon_core.shell:Creating prefix chain script '/home/user/ros2_ws/install/setup.ps1'
[11.279s] INFO:colcon.colcon_core.shell:Creating prefix script '/home/user/ros2_ws/install/local_setup.sh'
[11.281s] INFO:colcon.colcon_core.shell:Creating prefix util module '/home/user/ros2_ws/install/_local_setup_util_sh.py'
[11.281s] INFO:colcon.colcon_core.shell:Creating prefix chain script '/home/user/ros2_ws/install/setup.sh'
[11.287s] INFO:colcon.colcon_core.shell:Creating prefix script '/home/user/ros2_ws/install/local_setup.bash'
[11.288s] INFO:colcon.colcon_core.shell:Creating prefix chain script '/home/user/ros2_ws/install/setup.bash'
[11.294s] INFO:colcon.colcon_core.shell:Creating prefix script '/home/user/ros2_ws/install/local_setup.zsh'
[11.295s] INFO:colcon.colcon_core.shell:Creating prefix chain script '/home/user/ros2_ws/install/setup.zsh'
