[2.673s] DEBUG:colcon:Command line arguments: ['/usr/bin/colcon', 'build', '--packages-select', 'wallfollow_pkg']
[2.673s] DEBUG:colcon:Parsed command line arguments: Namespace(ament_cmake_args=None, base_paths=['.'], build_base='build', catkin_cmake_args=None, catkin_skip_building_tests=False, cmake_args=None, cmake_clean_cache=False, cmake_clean_first=False, cmake_force_configure=False, cmake_target=None, cmake_target_skip_unavailable=False, continue_on_error=False, event_handlers=None, executor='parallel', ignore_user_meta=False, install_base='install', log_base=None, log_level=None, main=<bound method BuildVerb.main of <colcon_core.verb.build.BuildVerb object at 0x7f7133ed89a0>>, merge_install=False, metas=['./colcon.meta'], packages_above=None, packages_above_and_dependencies=None, packages_above_depth=None, packages_end=None, packages_ignore=None, packages_ignore_regex=None, packages_select=['wallfollow_pkg'], packages_select_build_failed=False, packages_select_by_dep=None, packages_select_regex=None, packages_select_test_failures=False, packages_skip=None, packages_skip_build_finished=False, packages_skip_by_dep=None, packages_skip_regex=None, packages_skip_test_passed=False, packages_skip_up_to=None, packages_start=None, packages_up_to=None, packages_up_to_regex=None, parallel_workers=8, paths=None, symlink_install=False, test_result_base=None, verb_extension=<colcon_core.verb.build.BuildVerb object at 0x7f7133ed89a0>, verb_name='build', verb_parser=<colcon_defaults.argument_parser.defaults.DefaultArgumentsDecorator object at 0x7f7133ed8f10>)
[2.686s] Level 1:colcon.colcon_core.package_discovery:discover_packages(colcon_meta) check parameters
[2.686s] Level 1:colcon.colcon_core.package_discovery:discover_packages(recursive) check parameters
[2.686s] Level 1:colcon.colcon_core.package_discovery:discover_packages(ignore) check parameters
[2.686s] Level 1:colcon.colcon_core.package_discovery:discover_packages(path) check parameters
[2.686s] Level 1:colcon.colcon_core.package_discovery:discover_packages(colcon_meta) discover
[2.686s] Level 1:colcon.colcon_core.package_discovery:discover_packages(recursive) discover
[2.686s] INFO:colcon.colcon_core.package_discovery:Crawling recursively for packages in '/home/user/ros2_ws'
[2.687s] Level 1:colcon.colcon_core.package_identification:_identify(.) by extensions ['ignore', 'ignore_ament_install']
[2.687s] Level 1:colcon.colcon_core.package_identification:_identify(.) by extension 'ignore'
[2.687s] Level 1:colcon.colcon_core.package_identification:_identify(.) by extension 'ignore_ament_install'
[2.687s] Level 1:colcon.colcon_core.package_identification:_identify(.) by extensions ['colcon_pkg']
[2.687s] Level 1:colcon.colcon_core.package_identification:_identify(.) by extension 'colcon_pkg'
[2.687s] Level 1:colcon.colcon_core.package_identification:_identify(.) by extensions ['colcon_meta']
[2.687s] Level 1:colcon.colcon_core.package_identification:_identify(.) by extension 'colcon_meta'
[2.688s] Level 1:colcon.colcon_core.package_identification:_identify(.) by extensions ['ros']
[2.688s] Level 1:colcon.colcon_core.package_identification:_identify(.) by extension 'ros'
[2.779s] Level 1:colcon.colcon_core.package_identification:_identify(.) by extensions ['cmake', 'python']
[2.780s] Level 1:colcon.colcon_core.package_identification:_identify(.) by extension 'cmake'
[2.780s] Level 1:colcon.colcon_core.package_identification:_identify(.) by extension 'python'
[2.780s] Level 1:colcon.colcon_core.package_identification:_identify(.) by extensions ['python_setup_py']
[2.781s] Level 1:colcon.colcon_core.package_identification:_identify(.) by extension 'python_setup_py'
[2.781s] Level 1:colcon.colcon_core.package_identification:_identify(build) by extensions ['ignore', 'ignore_ament_install']
[2.782s] Level 1:colcon.colcon_core.package_identification:_identify(build) by extension 'ignore'
[2.782s] Level 1:colcon.colcon_core.package_identification:_identify(build) ignored
[2.783s] Level 1:colcon.colcon_core.package_identification:_identify(install) by extensions ['ignore', 'ignore_ament_install']
[2.783s] Level 1:colcon.colcon_core.package_identification:_identify(install) by extension 'ignore'
[2.783s] Level 1:colcon.colcon_core.package_identification:_identify(install) ignored
[2.784s] Level 1:colcon.colcon_core.package_identification:_identify(log) by extensions ['ignore', 'ignore_ament_install']
[2.784s] Level 1:colcon.colcon_core.package_identification:_identify(log) by extension 'ignore'
[2.784s] Level 1:colcon.colcon_core.package_identification:_identify(log) ignored
[2.785s] Level 1:colcon.colcon_core.package_identification:_identify(src) by extensions ['ignore', 'ignore_ament_install']
[2.785s] Level 1:colcon.colcon_core.package_identification:_identify(src) by extension 'ignore'
[2.785s] Level 1:colcon.colcon_core.package_identification:_identify(src) by extension 'ignore_ament_install'
[2.786s] Level 1:colcon.colcon_core.package_identification:_identify(src) by extensions ['colcon_pkg']
[2.787s] Level 1:colcon.colcon_core.package_identification:_identify(src) by extension 'colcon_pkg'
[2.787s] Level 1:colcon.colcon_core.package_identification:_identify(src) by extensions ['colcon_meta']
[2.787s] Level 1:colcon.colcon_core.package_identification:_identify(src) by extension 'colcon_meta'
[2.787s] Level 1:colcon.colcon_core.package_identification:_identify(src) by extensions ['ros']
[2.787s] Level 1:colcon.colcon_core.package_identification:_identify(src) by extension 'ros'
[2.787s] Level 1:colcon.colcon_core.package_identification:_identify(src) by extensions ['cmake', 'python']
[2.788s] Level 1:colcon.colcon_core.package_identification:_identify(src) by extension 'cmake'
[2.788s] Level 1:colcon.colcon_core.package_identification:_identify(src) by extension 'python'
[2.788s] Level 1:colcon.colcon_core.package_identification:_identify(src) by extensions ['python_setup_py']
[2.788s] Level 1:colcon.colcon_core.package_identification:_identify(src) by extension 'python_setup_py'
[2.788s] Level 1:colcon.colcon_core.package_identification:_identify(src/wallfollow_pkg) by extensions ['ignore', 'ignore_ament_install']
[2.788s] Level 1:colcon.colcon_core.package_identification:_identify(src/wallfollow_pkg) by extension 'ignore'
[2.789s] Level 1:colcon.colcon_core.package_identification:_identify(src/wallfollow_pkg) by extension 'ignore_ament_install'
[2.789s] Level 1:colcon.colcon_core.package_identification:_identify(src/wallfollow_pkg) by extensions ['colcon_pkg']
[2.789s] Level 1:colcon.colcon_core.package_identification:_identify(src/wallfollow_pkg) by extension 'colcon_pkg'
[2.789s] Level 1:colcon.colcon_core.package_identification:_identify(src/wallfollow_pkg) by extensions ['colcon_meta']
[2.789s] Level 1:colcon.colcon_core.package_identification:_identify(src/wallfollow_pkg) by extension 'colcon_meta'
[2.789s] Level 1:colcon.colcon_core.package_identification:_identify(src/wallfollow_pkg) by extensions ['ros']
[2.789s] Level 1:colcon.colcon_core.package_identification:_identify(src/wallfollow_pkg) by extension 'ros'
[2.795s] DEBUG:colcon.colcon_core.package_identification:Package 'src/wallfollow_pkg' with type 'ros.ament_python' and name 'wallfollow_pkg'
[2.795s] Level 1:colcon.colcon_core.package_discovery:discover_packages(recursive) using defaults
[2.795s] Level 1:colcon.colcon_core.package_discovery:discover_packages(ignore) discover
[2.795s] Level 1:colcon.colcon_core.package_discovery:discover_packages(ignore) using defaults
[2.795s] Level 1:colcon.colcon_core.package_discovery:discover_packages(path) discover
[2.795s] Level 1:colcon.colcon_core.package_discovery:discover_packages(path) using defaults
[2.911s] Level 5:colcon.colcon_core.verb:set package 'wallfollow_pkg' build argument 'cmake_args' from command line to 'None'
[2.911s] Level 5:colcon.colcon_core.verb:set package 'wallfollow_pkg' build argument 'cmake_target' from command line to 'None'
[2.911s] Level 5:colcon.colcon_core.verb:set package 'wallfollow_pkg' build argument 'cmake_target_skip_unavailable' from command line to 'False'
[2.911s] Level 5:colcon.colcon_core.verb:set package 'wallfollow_pkg' build argument 'cmake_clean_cache' from command line to 'False'
[2.911s] Level 5:colcon.colcon_core.verb:set package 'wallfollow_pkg' build argument 'cmake_clean_first' from command line to 'False'
[2.912s] Level 5:colcon.colcon_core.verb:set package 'wallfollow_pkg' build argument 'cmake_force_configure' from command line to 'False'
[2.912s] Level 5:colcon.colcon_core.verb:set package 'wallfollow_pkg' build argument 'ament_cmake_args' from command line to 'None'
[2.912s] Level 5:colcon.colcon_core.verb:set package 'wallfollow_pkg' build argument 'catkin_cmake_args' from command line to 'None'
[2.912s] Level 5:colcon.colcon_core.verb:set package 'wallfollow_pkg' build argument 'catkin_skip_building_tests' from command line to 'False'
[2.912s] DEBUG:colcon.colcon_core.verb:Building package 'wallfollow_pkg' with the following arguments: {'ament_cmake_args': None, 'build_base': '/home/user/ros2_ws/build/wallfollow_pkg', 'catkin_cmake_args': None, 'catkin_skip_building_tests': False, 'cmake_args': None, 'cmake_clean_cache': False, 'cmake_clean_first': False, 'cmake_force_configure': False, 'cmake_target': None, 'cmake_target_skip_unavailable': False, 'install_base': '/home/user/ros2_ws/install/wallfollow_pkg', 'merge_install': False, 'path': '/home/user/ros2_ws/src/wallfollow_pkg', 'symlink_install': False, 'test_result_base': None}
[2.913s] INFO:colcon.colcon_core.executor:Executing jobs using 'parallel' executor
[2.983s] DEBUG:colcon.colcon_parallel_executor.executor.parallel:run_until_complete
[2.984s] INFO:colcon.colcon_ros.task.ament_python.build:Building ROS package in '/home/user/ros2_ws/src/wallfollow_pkg' with build type 'ament_python'
[2.984s] Level 1:colcon.colcon_core.shell:create_environment_hook('wallfollow_pkg', 'ament_prefix_path')
[2.991s] INFO:colcon.colcon_core.plugin_system:Skipping extension 'colcon_core.shell.bat': Not used on non-Windows systems
[2.992s] INFO:colcon.colcon_core.shell:Creating environment hook '/home/user/ros2_ws/install/wallfollow_pkg/share/wallfollow_pkg/hook/ament_prefix_path.ps1'
[2.993s] INFO:colcon.colcon_core.shell:Creating environment descriptor '/home/user/ros2_ws/install/wallfollow_pkg/share/wallfollow_pkg/hook/ament_prefix_path.dsv'
[2.994s] INFO:colcon.colcon_core.shell:Creating environment hook '/home/user/ros2_ws/install/wallfollow_pkg/share/wallfollow_pkg/hook/ament_prefix_path.sh'
[2.996s] INFO:colcon.colcon_core.shell:Skip shell extension 'powershell' for command environment: Not usable outside of PowerShell
[2.996s] DEBUG:colcon.colcon_core.shell:Skip shell extension 'dsv' for command environment
[3.003s] DEBUG:colcon.colcon_core.shell:Ignoring prefix path '/opt/ros/foxy'
[5.000s] INFO:colcon.colcon_core.task.python.build:Building Python package in '/home/user/ros2_ws/src/wallfollow_pkg'
[5.002s] INFO:colcon.colcon_core.shell:Skip shell extension 'powershell' for command environment: Not usable outside of PowerShell
[5.002s] DEBUG:colcon.colcon_core.shell:Skip shell extension 'dsv' for command environment
[5.008s] DEBUG:colcon.colcon_core.shell:Ignoring prefix path '/opt/ros/foxy'
[5.083s] DEBUG:colcon.colcon_core.event_handler.log_command:Invoking command in '/home/user/ros2_ws/src/wallfollow_pkg': PYTHONPATH=/home/user/ros2_ws/install/wallfollow_pkg/lib/python3.8/site-packages:${PYTHONPATH} _=/usr/bin/env /usr/bin/python3 setup.py egg_info --egg-base ../../build/wallfollow_pkg build --build-base /home/user/ros2_ws/build/wallfollow_pkg/build install --prefix /home/user/ros2_ws/install/wallfollow_pkg --record /home/user/ros2_ws/build/wallfollow_pkg/install.log --single-version-externally-managed
[7.606s] DEBUG:colcon.colcon_core.event_handler.log_command:Invoked command in '/home/user/ros2_ws/src/wallfollow_pkg' returned '0': PYTHONPATH=/home/user/ros2_ws/install/wallfollow_pkg/lib/python3.8/site-packages:${PYTHONPATH} _=/usr/bin/env /usr/bin/python3 setup.py egg_info --egg-base ../../build/wallfollow_pkg build --build-base /home/user/ros2_ws/build/wallfollow_pkg/build install --prefix /home/user/ros2_ws/install/wallfollow_pkg --record /home/user/ros2_ws/build/wallfollow_pkg/install.log --single-version-externally-managed
[7.676s] Level 1:colcon.colcon_core.environment:checking '/home/user/ros2_ws/install/wallfollow_pkg' for CMake module files
[7.677s] Level 1:colcon.colcon_core.environment:checking '/home/user/ros2_ws/install/wallfollow_pkg' for CMake config files
[7.679s] Level 1:colcon.colcon_core.environment:checking '/home/user/ros2_ws/install/wallfollow_pkg/lib'
[7.679s] Level 1:colcon.colcon_core.environment:checking '/home/user/ros2_ws/install/wallfollow_pkg/bin'
[7.680s] Level 1:colcon.colcon_core.environment:checking '/home/user/ros2_ws/install/wallfollow_pkg/lib/pkgconfig/wallfollow_pkg.pc'
[7.681s] Level 1:colcon.colcon_core.environment:checking '/home/user/ros2_ws/install/wallfollow_pkg/lib/python3.8/site-packages'
[7.681s] Level 1:colcon.colcon_core.shell:create_environment_hook('wallfollow_pkg', 'pythonpath')
[7.683s] INFO:colcon.colcon_core.shell:Creating environment hook '/home/user/ros2_ws/install/wallfollow_pkg/share/wallfollow_pkg/hook/pythonpath.ps1'
[7.685s] INFO:colcon.colcon_core.shell:Creating environment descriptor '/home/user/ros2_ws/install/wallfollow_pkg/share/wallfollow_pkg/hook/pythonpath.dsv'
[7.686s] INFO:colcon.colcon_core.shell:Creating environment hook '/home/user/ros2_ws/install/wallfollow_pkg/share/wallfollow_pkg/hook/pythonpath.sh'
[7.686s] Level 1:colcon.colcon_core.environment:create_environment_scripts_only(wallfollow_pkg)
[7.689s] INFO:colcon.colcon_core.shell:Creating package script '/home/user/ros2_ws/install/wallfollow_pkg/share/wallfollow_pkg/package.ps1'
[7.691s] INFO:colcon.colcon_core.shell:Creating package descriptor '/home/user/ros2_ws/install/wallfollow_pkg/share/wallfollow_pkg/package.dsv'
[7.693s] INFO:colcon.colcon_core.shell:Creating package script '/home/user/ros2_ws/install/wallfollow_pkg/share/wallfollow_pkg/package.sh'
[7.695s] INFO:colcon.colcon_core.shell:Creating package script '/home/user/ros2_ws/install/wallfollow_pkg/share/wallfollow_pkg/package.bash'
[7.696s] INFO:colcon.colcon_core.shell:Creating package script '/home/user/ros2_ws/install/wallfollow_pkg/share/wallfollow_pkg/package.zsh'
[7.698s] Level 1:colcon.colcon_core.environment:create_file_with_runtime_dependencies(/home/user/ros2_ws/install/wallfollow_pkg/share/colcon-core/packages/wallfollow_pkg)
[7.700s] DEBUG:colcon.colcon_parallel_executor.executor.parallel:closing loop
[7.700s] DEBUG:colcon.colcon_parallel_executor.executor.parallel:loop closed
[7.700s] DEBUG:colcon.colcon_parallel_executor.executor.parallel:run_until_complete finished with '0'
[7.701s] DEBUG:colcon.colcon_core.event_reactor:joining thread
[7.778s] INFO:colcon.colcon_core.plugin_system:Skipping extension 'colcon_notification.desktop_notification.notify_send': Could not find 'notify-send'
[7.779s] INFO:colcon.colcon_core.plugin_system:Skipping extension 'colcon_notification.desktop_notification.terminal_notifier': Not used on non-Darwin systems
[7.779s] INFO:colcon.colcon_core.plugin_system:Skipping extension 'colcon_notification.desktop_notification.win32': Not used on non-Windows systems
[7.779s] INFO:colcon.colcon_notification.desktop_notification:Sending desktop notification using 'notify2'
[7.791s] DEBUG:colcon.colcon_notification.desktop_notification.notify2:Failed to initialize notify2: org.freedesktop.DBus.Error.ServiceUnknown: The name org.freedesktop.Notifications was not provided by any .service files
[7.791s] DEBUG:colcon.colcon_core.event_reactor:joined thread
[7.793s] INFO:colcon.colcon_core.shell:Creating prefix script '/home/user/ros2_ws/install/local_setup.ps1'
[7.795s] INFO:colcon.colcon_core.shell:Creating prefix util module '/home/user/ros2_ws/install/_local_setup_util_ps1.py'
[7.798s] INFO:colcon.colcon_core.shell:Creating prefix chain script '/home/user/ros2_ws/install/setup.ps1'
[7.803s] INFO:colcon.colcon_core.shell:Creating prefix script '/home/user/ros2_ws/install/local_setup.sh'
[7.804s] INFO:colcon.colcon_core.shell:Creating prefix util module '/home/user/ros2_ws/install/_local_setup_util_sh.py'
[7.805s] INFO:colcon.colcon_core.shell:Creating prefix chain script '/home/user/ros2_ws/install/setup.sh'
[7.874s] INFO:colcon.colcon_core.shell:Creating prefix script '/home/user/ros2_ws/install/local_setup.bash'
[7.875s] INFO:colcon.colcon_core.shell:Creating prefix chain script '/home/user/ros2_ws/install/setup.bash'
[7.883s] INFO:colcon.colcon_core.shell:Creating prefix script '/home/user/ros2_ws/install/local_setup.zsh'
[7.884s] INFO:colcon.colcon_core.shell:Creating prefix chain script '/home/user/ros2_ws/install/setup.zsh'
