[2.683s] DEBUG:colcon:Command line arguments: ['/usr/bin/colcon', 'build', '--packages-select', 'wallfollow_pkg']
[2.684s] DEBUG:colcon:Parsed command line arguments: Namespace(ament_cmake_args=None, base_paths=['.'], build_base='build', catkin_cmake_args=None, catkin_skip_building_tests=False, cmake_args=None, cmake_clean_cache=False, cmake_clean_first=False, cmake_force_configure=False, cmake_target=None, cmake_target_skip_unavailable=False, continue_on_error=False, event_handlers=None, executor='parallel', ignore_user_meta=False, install_base='install', log_base=None, log_level=None, main=<bound method BuildVerb.main of <colcon_core.verb.build.BuildVerb object at 0x7f7cfb462a00>>, merge_install=False, metas=['./colcon.meta'], packages_above=None, packages_above_and_dependencies=None, packages_above_depth=None, packages_end=None, packages_ignore=None, packages_ignore_regex=None, packages_select=['wallfollow_pkg'], packages_select_build_failed=False, packages_select_by_dep=None, packages_select_regex=None, packages_select_test_failures=False, packages_skip=None, packages_skip_build_finished=False, packages_skip_by_dep=None, packages_skip_regex=None, packages_skip_test_passed=False, packages_skip_up_to=None, packages_start=None, packages_up_to=None, packages_up_to_regex=None, parallel_workers=8, paths=None, symlink_install=False, test_result_base=None, verb_extension=<colcon_core.verb.build.BuildVerb object at 0x7f7cfb462a00>, verb_name='build', verb_parser=<colcon_defaults.argument_parser.defaults.DefaultArgumentsDecorator object at 0x7f7cfb462f70>)
[2.701s] Level 1:colcon.colcon_core.package_discovery:discover_packages(colcon_meta) check parameters
[2.701s] Level 1:colcon.colcon_core.package_discovery:discover_packages(recursive) check parameters
[2.701s] Level 1:colcon.colcon_core.package_discovery:discover_packages(ignore) check parameters
[2.701s] Level 1:colcon.colcon_core.package_discovery:discover_packages(path) check parameters
[2.702s] Level 1:colcon.colcon_core.package_discovery:discover_packages(colcon_meta) discover
[2.702s] Level 1:colcon.colcon_core.package_discovery:discover_packages(recursive) discover
[2.702s] INFO:colcon.colcon_core.package_discovery:Crawling recursively for packages in '/home/user/ros2_ws'
[2.702s] Level 1:colcon.colcon_core.package_identification:_identify(.) by extensions ['ignore', 'ignore_ament_install']
[2.702s] Level 1:colcon.colcon_core.package_identification:_identify(.) by extension 'ignore'
[2.703s] Level 1:colcon.colcon_core.package_identification:_identify(.) by extension 'ignore_ament_install'
[2.703s] Level 1:colcon.colcon_core.package_identification:_identify(.) by extensions ['colcon_pkg']
[2.703s] Level 1:colcon.colcon_core.package_identification:_identify(.) by extension 'colcon_pkg'
[2.703s] Level 1:colcon.colcon_core.package_identification:_identify(.) by extensions ['colcon_meta']
[2.703s] Level 1:colcon.colcon_core.package_identification:_identify(.) by extension 'colcon_meta'
[2.703s] Level 1:colcon.colcon_core.package_identification:_identify(.) by extensions ['ros']
[2.704s] Level 1:colcon.colcon_core.package_identification:_identify(.) by extension 'ros'
[2.873s] Level 1:colcon.colcon_core.package_identification:_identify(.) by extensions ['cmake', 'python']
[2.876s] Level 1:colcon.colcon_core.package_identification:_identify(.) by extension 'cmake'
[2.881s] Level 1:colcon.colcon_core.package_identification:_identify(.) by extension 'python'
[2.881s] Level 1:colcon.colcon_core.package_identification:_identify(.) by extensions ['python_setup_py']
[2.881s] Level 1:colcon.colcon_core.package_identification:_identify(.) by extension 'python_setup_py'
[2.882s] Level 1:colcon.colcon_core.package_identification:_identify(build) by extensions ['ignore', 'ignore_ament_install']
[2.882s] Level 1:colcon.colcon_core.package_identification:_identify(build) by extension 'ignore'
[2.882s] Level 1:colcon.colcon_core.package_identification:_identify(build) ignored
[2.882s] Level 1:colcon.colcon_core.package_identification:_identify(install) by extensions ['ignore', 'ignore_ament_install']
[2.883s] Level 1:colcon.colcon_core.package_identification:_identify(install) by extension 'ignore'
[2.884s] Level 1:colcon.colcon_core.package_identification:_identify(install) ignored
[2.885s] Level 1:colcon.colcon_core.package_identification:_identify(log) by extensions ['ignore', 'ignore_ament_install']
[2.887s] Level 1:colcon.colcon_core.package_identification:_identify(log) by extension 'ignore'
[2.889s] Level 1:colcon.colcon_core.package_identification:_identify(log) ignored
[2.890s] Level 1:colcon.colcon_core.package_identification:_identify(src) by extensions ['ignore', 'ignore_ament_install']
[2.892s] Level 1:colcon.colcon_core.package_identification:_identify(src) by extension 'ignore'
[2.892s] Level 1:colcon.colcon_core.package_identification:_identify(src) by extension 'ignore_ament_install'
[2.892s] Level 1:colcon.colcon_core.package_identification:_identify(src) by extensions ['colcon_pkg']
[2.894s] Level 1:colcon.colcon_core.package_identification:_identify(src) by extension 'colcon_pkg'
[2.895s] Level 1:colcon.colcon_core.package_identification:_identify(src) by extensions ['colcon_meta']
[2.895s] Level 1:colcon.colcon_core.package_identification:_identify(src) by extension 'colcon_meta'
[2.895s] Level 1:colcon.colcon_core.package_identification:_identify(src) by extensions ['ros']
[2.895s] Level 1:colcon.colcon_core.package_identification:_identify(src) by extension 'ros'
[2.899s] Level 1:colcon.colcon_core.package_identification:_identify(src) by extensions ['cmake', 'python']
[2.899s] Level 1:colcon.colcon_core.package_identification:_identify(src) by extension 'cmake'
[2.900s] Level 1:colcon.colcon_core.package_identification:_identify(src) by extension 'python'
[2.900s] Level 1:colcon.colcon_core.package_identification:_identify(src) by extensions ['python_setup_py']
[2.901s] Level 1:colcon.colcon_core.package_identification:_identify(src) by extension 'python_setup_py'
[2.902s] Level 1:colcon.colcon_core.package_identification:_identify(src/custom_interfaces) by extensions ['ignore', 'ignore_ament_install']
[2.903s] Level 1:colcon.colcon_core.package_identification:_identify(src/custom_interfaces) by extension 'ignore'
[2.903s] Level 1:colcon.colcon_core.package_identification:_identify(src/custom_interfaces) by extension 'ignore_ament_install'
[2.904s] Level 1:colcon.colcon_core.package_identification:_identify(src/custom_interfaces) by extensions ['colcon_pkg']
[2.904s] Level 1:colcon.colcon_core.package_identification:_identify(src/custom_interfaces) by extension 'colcon_pkg'
[2.904s] Level 1:colcon.colcon_core.package_identification:_identify(src/custom_interfaces) by extensions ['colcon_meta']
[2.904s] Level 1:colcon.colcon_core.package_identification:_identify(src/custom_interfaces) by extension 'colcon_meta'
[2.904s] Level 1:colcon.colcon_core.package_identification:_identify(src/custom_interfaces) by extensions ['ros']
[2.904s] Level 1:colcon.colcon_core.package_identification:_identify(src/custom_interfaces) by extension 'ros'
[2.913s] DEBUG:colcon.colcon_core.package_identification:Package 'src/custom_interfaces' with type 'ros.ament_cmake' and name 'custom_interfaces'
[2.914s] Level 1:colcon.colcon_core.package_identification:_identify(src/find_wall_pkg) by extensions ['ignore', 'ignore_ament_install']
[2.914s] Level 1:colcon.colcon_core.package_identification:_identify(src/find_wall_pkg) by extension 'ignore'
[2.915s] Level 1:colcon.colcon_core.package_identification:_identify(src/find_wall_pkg) by extension 'ignore_ament_install'
[2.915s] Level 1:colcon.colcon_core.package_identification:_identify(src/find_wall_pkg) by extensions ['colcon_pkg']
[2.915s] Level 1:colcon.colcon_core.package_identification:_identify(src/find_wall_pkg) by extension 'colcon_pkg'
[2.915s] Level 1:colcon.colcon_core.package_identification:_identify(src/find_wall_pkg) by extensions ['colcon_meta']
[2.915s] Level 1:colcon.colcon_core.package_identification:_identify(src/find_wall_pkg) by extension 'colcon_meta'
[2.916s] Level 1:colcon.colcon_core.package_identification:_identify(src/find_wall_pkg) by extensions ['ros']
[2.916s] Level 1:colcon.colcon_core.package_identification:_identify(src/find_wall_pkg) by extension 'ros'
[2.918s] DEBUG:colcon.colcon_core.package_identification:Package 'src/find_wall_pkg' with type 'ros.ament_python' and name 'find_wall_pkg'
[2.918s] Level 1:colcon.colcon_core.package_identification:_identify(src/wallfollow_pkg) by extensions ['ignore', 'ignore_ament_install']
[2.919s] Level 1:colcon.colcon_core.package_identification:_identify(src/wallfollow_pkg) by extension 'ignore'
[2.966s] Level 1:colcon.colcon_core.package_identification:_identify(src/wallfollow_pkg) by extension 'ignore_ament_install'
[2.966s] Level 1:colcon.colcon_core.package_identification:_identify(src/wallfollow_pkg) by extensions ['colcon_pkg']
[2.966s] Level 1:colcon.colcon_core.package_identification:_identify(src/wallfollow_pkg) by extension 'colcon_pkg'
[2.967s] Level 1:colcon.colcon_core.package_identification:_identify(src/wallfollow_pkg) by extensions ['colcon_meta']
[2.967s] Level 1:colcon.colcon_core.package_identification:_identify(src/wallfollow_pkg) by extension 'colcon_meta'
[2.967s] Level 1:colcon.colcon_core.package_identification:_identify(src/wallfollow_pkg) by extensions ['ros']
[2.967s] Level 1:colcon.colcon_core.package_identification:_identify(src/wallfollow_pkg) by extension 'ros'
[2.974s] DEBUG:colcon.colcon_core.package_identification:Package 'src/wallfollow_pkg' with type 'ros.ament_python' and name 'wallfollow_pkg'
[2.974s] Level 1:colcon.colcon_core.package_discovery:discover_packages(recursive) using defaults
[2.975s] Level 1:colcon.colcon_core.package_discovery:discover_packages(ignore) discover
[2.975s] Level 1:colcon.colcon_core.package_discovery:discover_packages(ignore) using defaults
[2.975s] Level 1:colcon.colcon_core.package_discovery:discover_packages(path) discover
[2.975s] Level 1:colcon.colcon_core.package_discovery:discover_packages(path) using defaults
[3.112s] INFO:colcon.colcon_core.package_selection:Skipping not selected package 'custom_interfaces' in 'src/custom_interfaces'
[3.113s] INFO:colcon.colcon_core.package_selection:Skipping not selected package 'find_wall_pkg' in 'src/find_wall_pkg'
[3.172s] Level 5:colcon.colcon_core.verb:set package 'wallfollow_pkg' build argument 'cmake_args' from command line to 'None'
[3.173s] Level 5:colcon.colcon_core.verb:set package 'wallfollow_pkg' build argument 'cmake_target' from command line to 'None'
[3.173s] Level 5:colcon.colcon_core.verb:set package 'wallfollow_pkg' build argument 'cmake_target_skip_unavailable' from command line to 'False'
[3.173s] Level 5:colcon.colcon_core.verb:set package 'wallfollow_pkg' build argument 'cmake_clean_cache' from command line to 'False'
[3.174s] Level 5:colcon.colcon_core.verb:set package 'wallfollow_pkg' build argument 'cmake_clean_first' from command line to 'False'
[3.174s] Level 5:colcon.colcon_core.verb:set package 'wallfollow_pkg' build argument 'cmake_force_configure' from command line to 'False'
[3.174s] Level 5:colcon.colcon_core.verb:set package 'wallfollow_pkg' build argument 'ament_cmake_args' from command line to 'None'
[3.174s] Level 5:colcon.colcon_core.verb:set package 'wallfollow_pkg' build argument 'catkin_cmake_args' from command line to 'None'
[3.175s] Level 5:colcon.colcon_core.verb:set package 'wallfollow_pkg' build argument 'catkin_skip_building_tests' from command line to 'False'
[3.175s] DEBUG:colcon.colcon_core.verb:Building package 'wallfollow_pkg' with the following arguments: {'ament_cmake_args': None, 'build_base': '/home/user/ros2_ws/build/wallfollow_pkg', 'catkin_cmake_args': None, 'catkin_skip_building_tests': False, 'cmake_args': None, 'cmake_clean_cache': False, 'cmake_clean_first': False, 'cmake_force_configure': False, 'cmake_target': None, 'cmake_target_skip_unavailable': False, 'install_base': '/home/user/ros2_ws/install/wallfollow_pkg', 'merge_install': False, 'path': '/home/user/ros2_ws/src/wallfollow_pkg', 'symlink_install': False, 'test_result_base': None}
[3.177s] INFO:colcon.colcon_core.executor:Executing jobs using 'parallel' executor
[3.186s] DEBUG:colcon.colcon_parallel_executor.executor.parallel:run_until_complete
[3.187s] INFO:colcon.colcon_ros.task.ament_python.build:Building ROS package in '/home/user/ros2_ws/src/wallfollow_pkg' with build type 'ament_python'
[3.188s] Level 1:colcon.colcon_core.shell:create_environment_hook('wallfollow_pkg', 'ament_prefix_path')
[3.202s] INFO:colcon.colcon_core.plugin_system:Skipping extension 'colcon_core.shell.bat': Not used on non-Windows systems
[3.203s] INFO:colcon.colcon_core.shell:Creating environment hook '/home/user/ros2_ws/install/wallfollow_pkg/share/wallfollow_pkg/hook/ament_prefix_path.ps1'
[3.208s] INFO:colcon.colcon_core.shell:Creating environment descriptor '/home/user/ros2_ws/install/wallfollow_pkg/share/wallfollow_pkg/hook/ament_prefix_path.dsv'
[3.213s] INFO:colcon.colcon_core.shell:Creating environment hook '/home/user/ros2_ws/install/wallfollow_pkg/share/wallfollow_pkg/hook/ament_prefix_path.sh'
[3.218s] INFO:colcon.colcon_core.shell:Skip shell extension 'powershell' for command environment: Not usable outside of PowerShell
[3.265s] DEBUG:colcon.colcon_core.shell:Skip shell extension 'dsv' for command environment
[3.279s] DEBUG:colcon.colcon_core.shell:Ignoring prefix path '/opt/ros/foxy'
[5.576s] INFO:colcon.colcon_core.task.python.build:Building Python package in '/home/user/ros2_ws/src/wallfollow_pkg'
[5.581s] INFO:colcon.colcon_core.shell:Skip shell extension 'powershell' for command environment: Not usable outside of PowerShell
[5.581s] DEBUG:colcon.colcon_core.shell:Skip shell extension 'dsv' for command environment
[5.589s] DEBUG:colcon.colcon_core.shell:Ignoring prefix path '/opt/ros/foxy'
[5.683s] DEBUG:colcon.colcon_core.event_handler.log_command:Invoking command in '/home/user/ros2_ws/src/wallfollow_pkg': PYTHONPATH=/home/user/ros2_ws/install/wallfollow_pkg/lib/python3.8/site-packages:/home/user/ros2_ws/install/custom_interfaces/lib/python3.8/site-packages:/home/user/ros2_ws/install/wallfollow_pkg/lib/python3.8/site-packages:/home/user/ros2_ws/install/find_wall_pkg/lib/python3.8/site-packages:/home/simulations/ros2_sims_ws/install/ros1_bridge/lib/python3.8/site-packages:/opt/ros/foxy/lib/python3.8/site-packages _=/usr/bin/env /usr/bin/python3 setup.py egg_info --egg-base ../../build/wallfollow_pkg build --build-base /home/user/ros2_ws/build/wallfollow_pkg/build install --prefix /home/user/ros2_ws/install/wallfollow_pkg --record /home/user/ros2_ws/build/wallfollow_pkg/install.log --single-version-externally-managed
[8.296s] DEBUG:colcon.colcon_core.event_handler.log_command:Invoked command in '/home/user/ros2_ws/src/wallfollow_pkg' returned '0': PYTHONPATH=/home/user/ros2_ws/install/wallfollow_pkg/lib/python3.8/site-packages:/home/user/ros2_ws/install/custom_interfaces/lib/python3.8/site-packages:/home/user/ros2_ws/install/wallfollow_pkg/lib/python3.8/site-packages:/home/user/ros2_ws/install/find_wall_pkg/lib/python3.8/site-packages:/home/simulations/ros2_sims_ws/install/ros1_bridge/lib/python3.8/site-packages:/opt/ros/foxy/lib/python3.8/site-packages _=/usr/bin/env /usr/bin/python3 setup.py egg_info --egg-base ../../build/wallfollow_pkg build --build-base /home/user/ros2_ws/build/wallfollow_pkg/build install --prefix /home/user/ros2_ws/install/wallfollow_pkg --record /home/user/ros2_ws/build/wallfollow_pkg/install.log --single-version-externally-managed
[8.299s] Level 1:colcon.colcon_core.environment:checking '/home/user/ros2_ws/install/wallfollow_pkg' for CMake module files
[8.300s] Level 1:colcon.colcon_core.environment:checking '/home/user/ros2_ws/install/wallfollow_pkg' for CMake config files
[8.302s] Level 1:colcon.colcon_core.environment:checking '/home/user/ros2_ws/install/wallfollow_pkg/lib'
[8.303s] Level 1:colcon.colcon_core.environment:checking '/home/user/ros2_ws/install/wallfollow_pkg/bin'
[8.303s] Level 1:colcon.colcon_core.environment:checking '/home/user/ros2_ws/install/wallfollow_pkg/lib/pkgconfig/wallfollow_pkg.pc'
[8.303s] Level 1:colcon.colcon_core.environment:checking '/home/user/ros2_ws/install/wallfollow_pkg/lib/python3.8/site-packages'
[8.303s] Level 1:colcon.colcon_core.shell:create_environment_hook('wallfollow_pkg', 'pythonpath')
[8.305s] INFO:colcon.colcon_core.shell:Creating environment hook '/home/user/ros2_ws/install/wallfollow_pkg/share/wallfollow_pkg/hook/pythonpath.ps1'
[8.306s] INFO:colcon.colcon_core.shell:Creating environment descriptor '/home/user/ros2_ws/install/wallfollow_pkg/share/wallfollow_pkg/hook/pythonpath.dsv'
[8.307s] INFO:colcon.colcon_core.shell:Creating environment hook '/home/user/ros2_ws/install/wallfollow_pkg/share/wallfollow_pkg/hook/pythonpath.sh'
[8.308s] Level 1:colcon.colcon_core.environment:create_environment_scripts_only(wallfollow_pkg)
[8.314s] INFO:colcon.colcon_core.shell:Creating package script '/home/user/ros2_ws/install/wallfollow_pkg/share/wallfollow_pkg/package.ps1'
[8.367s] INFO:colcon.colcon_core.shell:Creating package descriptor '/home/user/ros2_ws/install/wallfollow_pkg/share/wallfollow_pkg/package.dsv'
[8.370s] INFO:colcon.colcon_core.shell:Creating package script '/home/user/ros2_ws/install/wallfollow_pkg/share/wallfollow_pkg/package.sh'
[8.372s] INFO:colcon.colcon_core.shell:Creating package script '/home/user/ros2_ws/install/wallfollow_pkg/share/wallfollow_pkg/package.bash'
[8.374s] INFO:colcon.colcon_core.shell:Creating package script '/home/user/ros2_ws/install/wallfollow_pkg/share/wallfollow_pkg/package.zsh'
[8.378s] Level 1:colcon.colcon_core.environment:create_file_with_runtime_dependencies(/home/user/ros2_ws/install/wallfollow_pkg/share/colcon-core/packages/wallfollow_pkg)
[8.383s] DEBUG:colcon.colcon_parallel_executor.executor.parallel:closing loop
[8.385s] DEBUG:colcon.colcon_parallel_executor.executor.parallel:loop closed
[8.385s] DEBUG:colcon.colcon_parallel_executor.executor.parallel:run_until_complete finished with '0'
[8.385s] DEBUG:colcon.colcon_core.event_reactor:joining thread
[8.402s] INFO:colcon.colcon_core.plugin_system:Skipping extension 'colcon_notification.desktop_notification.notify_send': Could not find 'notify-send'
[8.403s] INFO:colcon.colcon_core.plugin_system:Skipping extension 'colcon_notification.desktop_notification.terminal_notifier': Not used on non-Darwin systems
[8.403s] INFO:colcon.colcon_core.plugin_system:Skipping extension 'colcon_notification.desktop_notification.win32': Not used on non-Windows systems
[8.404s] INFO:colcon.colcon_notification.desktop_notification:Sending desktop notification using 'notify2'
[8.468s] DEBUG:colcon.colcon_notification.desktop_notification.notify2:Failed to initialize notify2: org.freedesktop.DBus.Error.ServiceUnknown: The name org.freedesktop.Notifications was not provided by any .service files
[8.469s] DEBUG:colcon.colcon_core.event_reactor:joined thread
[8.472s] INFO:colcon.colcon_core.shell:Creating prefix script '/home/user/ros2_ws/install/local_setup.ps1'
[8.474s] INFO:colcon.colcon_core.shell:Creating prefix util module '/home/user/ros2_ws/install/_local_setup_util_ps1.py'
[8.476s] INFO:colcon.colcon_core.shell:Creating prefix chain script '/home/user/ros2_ws/install/setup.ps1'
[8.483s] INFO:colcon.colcon_core.shell:Creating prefix script '/home/user/ros2_ws/install/local_setup.sh'
[8.484s] INFO:colcon.colcon_core.shell:Creating prefix util module '/home/user/ros2_ws/install/_local_setup_util_sh.py'
[8.484s] INFO:colcon.colcon_core.shell:Creating prefix chain script '/home/user/ros2_ws/install/setup.sh'
[8.491s] INFO:colcon.colcon_core.shell:Creating prefix script '/home/user/ros2_ws/install/local_setup.bash'
[8.492s] INFO:colcon.colcon_core.shell:Creating prefix chain script '/home/user/ros2_ws/install/setup.bash'
[8.496s] INFO:colcon.colcon_core.shell:Creating prefix script '/home/user/ros2_ws/install/local_setup.zsh'
[8.497s] INFO:colcon.colcon_core.shell:Creating prefix chain script '/home/user/ros2_ws/install/setup.zsh'
